<?xml version="1.0" encoding="UTF-8" standalone="no"?>
<!DOCTYPE log SYSTEM "logger.dtd">
<log>
<record>
  <date>2020-03-19T10:27:12</date>
  <millis>1584593832971</millis>
  <sequence>0</sequence>
  <level>START</level>
  <class>com.kms.katalon.core.logging.XmlKeywordLogger</class>
  <method>startSuite</method>
  <thread>1</thread>
  <message>Start Test Suite : Test Suites/TD2/Registration and Onboarding/Selecting How to Start the Free Account - Visible and Silent</message>
  <nestedLevel>0</nestedLevel>
  <property name="name">Selecting How to Start the Free Account - Visible and Silent</property>
  <property name="description"></property>
  <property name="id">Test Suites/TD2/Registration and Onboarding/Selecting How to Start the Free Account - Visible and Silent</property>
</record>
<record>
  <date>2020-03-19T10:27:12</date>
  <millis>1584593832988</millis>
  <sequence>1</sequence>
  <level>RUN_DATA</level>
  <class>com.kms.katalon.core.logging.XmlKeywordLogger</class>
  <method>logMessage</method>
  <thread>1</thread>
  <message>hostName = payalchoksey - payals-air</message>
  <nestedLevel>0</nestedLevel>
  <property name="hostName">payalchoksey - payals-air</property>
</record>
<record>
  <date>2020-03-19T10:27:12</date>
  <millis>1584593832992</millis>
  <sequence>2</sequence>
  <level>RUN_DATA</level>
  <class>com.kms.katalon.core.logging.XmlKeywordLogger</class>
  <method>logMessage</method>
  <thread>1</thread>
  <message>os = Mac OS X 64bit</message>
  <nestedLevel>0</nestedLevel>
  <property name="os">Mac OS X 64bit</property>
</record>
<record>
  <date>2020-03-19T10:27:12</date>
  <millis>1584593832993</millis>
  <sequence>3</sequence>
  <level>RUN_DATA</level>
  <class>com.kms.katalon.core.logging.XmlKeywordLogger</class>
  <method>logMessage</method>
  <thread>1</thread>
  <message>hostAddress = 192.168.1.7</message>
  <nestedLevel>0</nestedLevel>
  <property name="hostAddress">192.168.1.7</property>
</record>
<record>
  <date>2020-03-19T10:27:13</date>
  <millis>1584593833008</millis>
  <sequence>4</sequence>
  <level>RUN_DATA</level>
  <class>com.kms.katalon.core.logging.XmlKeywordLogger</class>
  <method>logMessage</method>
  <thread>1</thread>
  <message>katalonVersion = 7.2.1.1</message>
  <nestedLevel>0</nestedLevel>
  <property name="katalonVersion">7.2.1.1</property>
</record>
<record>
  <date>2020-03-19T10:27:13</date>
  <millis>1584593833463</millis>
  <sequence>5</sequence>
  <level>START</level>
  <class>com.kms.katalon.core.logging.XmlKeywordLogger</class>
  <method>startTest</method>
  <thread>1</thread>
  <message>Start Test Case : Test Cases/TD2/General/Opening Browser</message>
  <nestedLevel>1</nestedLevel>
  <property name="name">Test Cases/TD2/General/Opening Browser</property>
  <property name="description">Opening Browser</property>
  <property name="id">Test Cases/TD2/General/Opening Browser</property>
  <property name="source">\\Users\\payalchoksey\\Desktop\\TD2 - Till CC\\Test Cases\\TD2\\General\\Opening Browser.tc</property>
  <property name="tag"></property>
  <property name="isOptional">false</property>
</record>
<record>
  <date>2020-03-19T10:27:13</date>
  <millis>1584593833955</millis>
  <sequence>7</sequence>
  <level>START</level>
  <class>com.kms.katalon.core.logging.XmlKeywordLogger</class>
  <method>startKeyword</method>
  <thread>1</thread>
  <message>Start action : openBrowser(\&amp;quot;\&amp;quot;)</message>
  <nestedLevel>1</nestedLevel>
  <property name="startLine">21</property>
  <property name="stepIndex">1</property>
  <property name="description">Opening Browser</property>
</record>
<record>
  <date>2020-03-19T10:27:14</date>
  <millis>1584593834440</millis>
  <sequence>9</sequence>
  <level>INFO</level>
  <class>com.kms.katalon.core.logging.XmlKeywordLogger</class>
  <method>logMessage</method>
  <thread>1</thread>
  <message>Starting &amp;apos;Chrome&amp;apos; driver</message>
  <nestedLevel>1</nestedLevel>
</record>
<record>
  <date>2020-03-19T10:27:14</date>
  <millis>1584593834502</millis>
  <sequence>11</sequence>
  <level>INFO</level>
  <class>com.kms.katalon.core.logging.XmlKeywordLogger</class>
  <method>logMessage</method>
  <thread>1</thread>
  <message>Action delay is set to 0 seconds</message>
  <nestedLevel>1</nestedLevel>
</record>
<record>
  <date>2020-03-19T10:27:17</date>
  <millis>1584593837782</millis>
  <sequence>13</sequence>
  <level>RUN_DATA</level>
  <class>com.kms.katalon.core.logging.XmlKeywordLogger</class>
  <method>logMessage</method>
  <thread>1</thread>
  <message>sessionId = c3d9a3b5805ca943c0a91e07070b173b</message>
  <nestedLevel>1</nestedLevel>
  <property name="sessionId">c3d9a3b5805ca943c0a91e07070b173b</property>
</record>
<record>
  <date>2020-03-19T10:27:17</date>
  <millis>1584593837840</millis>
  <sequence>14</sequence>
  <level>RUN_DATA</level>
  <class>com.kms.katalon.core.logging.XmlKeywordLogger</class>
  <method>logMessage</method>
  <thread>1</thread>
  <message>browser = Chrome 80.0.3987.149</message>
  <nestedLevel>1</nestedLevel>
  <property name="browser">Chrome 80.0.3987.149</property>
</record>
<record>
  <date>2020-03-19T10:27:17</date>
  <millis>1584593837841</millis>
  <sequence>15</sequence>
  <level>RUN_DATA</level>
  <class>com.kms.katalon.core.logging.XmlKeywordLogger</class>
  <method>logMessage</method>
  <thread>1</thread>
  <message>platform = Mac OS X</message>
  <nestedLevel>1</nestedLevel>
  <property name="platform">Mac OS X</property>
</record>
<record>
  <date>2020-03-19T10:27:17</date>
  <millis>1584593837842</millis>
  <sequence>16</sequence>
  <level>RUN_DATA</level>
  <class>com.kms.katalon.core.logging.XmlKeywordLogger</class>
  <method>logMessage</method>
  <thread>1</thread>
  <message>seleniumVersion = 3.141.59</message>
  <nestedLevel>1</nestedLevel>
  <property name="seleniumVersion">3.141.59</property>
</record>
<record>
  <date>2020-03-19T10:27:17</date>
  <millis>1584593837843</millis>
  <sequence>17</sequence>
  <level>RUN_DATA</level>
  <class>com.kms.katalon.core.logging.XmlKeywordLogger</class>
  <method>logMessage</method>
  <thread>1</thread>
  <message>proxyInformation = ProxyInformation{proxyOption=NO_PROXY, proxyServerType=HTTP, password=, proxyServerAddress=, proxyServerPort=0, executionList=}</message>
  <nestedLevel>1</nestedLevel>
  <property name="proxyInformation">ProxyInformation{proxyOption=NO_PROXY, proxyServerType=HTTP, password=, proxyServerAddress=, proxyServerPort=0, executionList=}</property>
</record>
<record>
  <date>2020-03-19T10:27:17</date>
  <millis>1584593837862</millis>
  <sequence>18</sequence>
  <level>PASSED</level>
  <class>com.kms.katalon.core.logging.XmlKeywordLogger</class>
  <method>logMessage</method>
  <thread>1</thread>
  <message>Browser is opened with url: &amp;apos;&amp;apos;</message>
  <nestedLevel>1</nestedLevel>
</record>
<record>
  <date>2020-03-19T10:27:17</date>
  <millis>1584593837863</millis>
  <sequence>19</sequence>
  <level>END</level>
  <class>com.kms.katalon.core.logging.XmlKeywordLogger</class>
  <method>endKeyword</method>
  <thread>1</thread>
  <message>End action : openBrowser(\&amp;quot;\&amp;quot;)</message>
  <nestedLevel>1</nestedLevel>
</record>
<record>
  <date>2020-03-19T10:27:17</date>
  <millis>1584593837863</millis>
  <sequence>20</sequence>
  <level>START</level>
  <class>com.kms.katalon.core.logging.XmlKeywordLogger</class>
  <method>startKeyword</method>
  <thread>1</thread>
  <message>Start action : navigateToUrl(\&amp;quot;https://2a.timedoctor.com\&amp;quot;)</message>
  <nestedLevel>1</nestedLevel>
  <property name="startLine">24</property>
  <property name="stepIndex">2</property>
  <property name="description">Navigating to TD2 login Page</property>
</record>
<record>
  <date>2020-03-19T10:27:24</date>
  <millis>1584593844410</millis>
  <sequence>23</sequence>
  <level>PASSED</level>
  <class>com.kms.katalon.core.logging.XmlKeywordLogger</class>
  <method>logMessage</method>
  <thread>1</thread>
  <message>Navigate to &amp;apos;https://2a.timedoctor.com&amp;apos; successfully</message>
  <nestedLevel>1</nestedLevel>
</record>
<record>
  <date>2020-03-19T10:27:24</date>
  <millis>1584593844412</millis>
  <sequence>24</sequence>
  <level>END</level>
  <class>com.kms.katalon.core.logging.XmlKeywordLogger</class>
  <method>endKeyword</method>
  <thread>1</thread>
  <message>End action : navigateToUrl(\&amp;quot;https://2a.timedoctor.com\&amp;quot;)</message>
  <nestedLevel>1</nestedLevel>
</record>
<record>
  <date>2020-03-19T10:27:24</date>
  <millis>1584593844412</millis>
  <sequence>25</sequence>
  <level>START</level>
  <class>com.kms.katalon.core.logging.XmlKeywordLogger</class>
  <method>startKeyword</method>
  <thread>1</thread>
  <message>Start action : maximizeWindow()</message>
  <nestedLevel>1</nestedLevel>
  <property name="startLine">27</property>
  <property name="stepIndex">3</property>
  <property name="description">Maximizing Window</property>
</record>
<record>
  <date>2020-03-19T10:27:25</date>
  <millis>1584593845226</millis>
  <sequence>27</sequence>
  <level>PASSED</level>
  <class>com.kms.katalon.core.logging.XmlKeywordLogger</class>
  <method>logMessage</method>
  <thread>1</thread>
  <message>Current window maximized</message>
  <nestedLevel>1</nestedLevel>
</record>
<record>
  <date>2020-03-19T10:27:25</date>
  <millis>1584593845227</millis>
  <sequence>28</sequence>
  <level>END</level>
  <class>com.kms.katalon.core.logging.XmlKeywordLogger</class>
  <method>endKeyword</method>
  <thread>1</thread>
  <message>End action : maximizeWindow()</message>
  <nestedLevel>1</nestedLevel>
</record>
<record>
  <date>2020-03-19T10:27:25</date>
  <millis>1584593845228</millis>
  <sequence>29</sequence>
  <level>PASSED</level>
  <class>com.kms.katalon.core.logging.XmlKeywordLogger</class>
  <method>logMessage</method>
  <thread>1</thread>
  <message>Test Cases/TD2/General/Opening Browser</message>
  <nestedLevel>1</nestedLevel>
</record>
<record>
  <date>2020-03-19T10:27:25</date>
  <millis>1584593845228</millis>
  <sequence>30</sequence>
  <level>END</level>
  <class>com.kms.katalon.core.logging.XmlKeywordLogger</class>
  <method>endTest</method>
  <thread>1</thread>
  <message>End Test Case : Test Cases/TD2/General/Opening Browser</message>
  <nestedLevel>0</nestedLevel>
</record>
<record>
  <date>2020-03-19T10:27:25</date>
  <millis>1584593845239</millis>
  <sequence>31</sequence>
  <level>START</level>
  <class>com.kms.katalon.core.logging.XmlKeywordLogger</class>
  <method>startTest</method>
  <thread>1</thread>
  <message>Start Test Case : Test Cases/TD2/Signup and OnBoarding/Registration With Different Options for Questions Asked/Questions - Yes - Yes - Yes</message>
  <nestedLevel>1</nestedLevel>
  <property name="name">Test Cases/TD2/Signup and OnBoarding/Registration With Different Options for Questions Asked/Questions - Yes - Yes - Yes</property>
  <property name="description">Questions - Yes - Yes - Yes</property>
  <property name="id">Test Cases/TD2/Signup and OnBoarding/Registration With Different Options for Questions Asked/Questions - Yes - Yes - Yes</property>
  <property name="source">\\Users\\payalchoksey\\Desktop\\TD2 - Till CC\\Test Cases\\TD2\\Signup and OnBoarding\\Registration With Different Options for Questions Asked\\Questions - Yes - Yes - Yes.tc</property>
  <property name="tag"></property>
  <property name="isOptional">false</property>
</record>
<record>
  <date>2020-03-19T10:27:25</date>
  <millis>1584593845898</millis>
  <sequence>33</sequence>
  <level>START</level>
  <class>com.kms.katalon.core.logging.XmlKeywordLogger</class>
  <method>startKeyword</method>
  <thread>1</thread>
  <message>Start action : openBrowser(\&amp;quot;\&amp;quot;)</message>
  <nestedLevel>1</nestedLevel>
  <property name="startLine">26</property>
  <property name="stepIndex">1</property>
</record>
<record>
  <date>2020-03-19T10:27:25</date>
  <millis>1584593845909</millis>
  <sequence>34</sequence>
  <level>NOT_RUN</level>
  <class>com.kms.katalon.core.logging.XmlKeywordLogger</class>
  <method>logMessage</method>
  <thread>1</thread>
  <message>NOT_RUN: openBrowser(\&amp;quot;\&amp;quot;)</message>
  <nestedLevel>1</nestedLevel>
</record>
<record>
  <date>2020-03-19T10:27:25</date>
  <millis>1584593845911</millis>
  <sequence>35</sequence>
  <level>END</level>
  <class>com.kms.katalon.core.logging.XmlKeywordLogger</class>
  <method>endKeyword</method>
  <thread>1</thread>
  <message>End action : openBrowser(\&amp;quot;\&amp;quot;)</message>
  <nestedLevel>1</nestedLevel>
</record>
<record>
  <date>2020-03-19T10:27:25</date>
  <millis>1584593845911</millis>
  <sequence>36</sequence>
  <level>START</level>
  <class>com.kms.katalon.core.logging.XmlKeywordLogger</class>
  <method>startKeyword</method>
  <thread>1</thread>
  <message>Start action : maximizeWindow()</message>
  <nestedLevel>1</nestedLevel>
  <property name="startLine">28</property>
  <property name="stepIndex">2</property>
</record>
<record>
  <date>2020-03-19T10:27:25</date>
  <millis>1584593845912</millis>
  <sequence>37</sequence>
  <level>NOT_RUN</level>
  <class>com.kms.katalon.core.logging.XmlKeywordLogger</class>
  <method>logMessage</method>
  <thread>1</thread>
  <message>NOT_RUN: maximizeWindow()</message>
  <nestedLevel>1</nestedLevel>
</record>
<record>
  <date>2020-03-19T10:27:25</date>
  <millis>1584593845915</millis>
  <sequence>38</sequence>
  <level>END</level>
  <class>com.kms.katalon.core.logging.XmlKeywordLogger</class>
  <method>endKeyword</method>
  <thread>1</thread>
  <message>End action : maximizeWindow()</message>
  <nestedLevel>1</nestedLevel>
</record>
<record>
  <date>2020-03-19T10:27:25</date>
  <millis>1584593845915</millis>
  <sequence>39</sequence>
  <level>START</level>
  <class>com.kms.katalon.core.logging.XmlKeywordLogger</class>
  <method>startKeyword</method>
  <thread>1</thread>
  <message>Start action : navigateToUrl(\&amp;quot;www.timedoctor.com\&amp;quot;)</message>
  <nestedLevel>1</nestedLevel>
  <property name="startLine">30</property>
  <property name="stepIndex">3</property>
</record>
<record>
  <date>2020-03-19T10:27:25</date>
  <millis>1584593845916</millis>
  <sequence>40</sequence>
  <level>NOT_RUN</level>
  <class>com.kms.katalon.core.logging.XmlKeywordLogger</class>
  <method>logMessage</method>
  <thread>1</thread>
  <message>NOT_RUN: navigateToUrl(\&amp;quot;www.timedoctor.com\&amp;quot;)</message>
  <nestedLevel>1</nestedLevel>
</record>
<record>
  <date>2020-03-19T10:27:25</date>
  <millis>1584593845917</millis>
  <sequence>41</sequence>
  <level>END</level>
  <class>com.kms.katalon.core.logging.XmlKeywordLogger</class>
  <method>endKeyword</method>
  <thread>1</thread>
  <message>End action : navigateToUrl(\&amp;quot;www.timedoctor.com\&amp;quot;)</message>
  <nestedLevel>1</nestedLevel>
</record>
<record>
  <date>2020-03-19T10:27:25</date>
  <millis>1584593845917</millis>
  <sequence>42</sequence>
  <level>START</level>
  <class>com.kms.katalon.core.logging.XmlKeywordLogger</class>
  <method>startKeyword</method>
  <thread>1</thread>
  <message>Start action : click(findTestObject(\&amp;quot;TD2/Registration and Onboarding/Page_Registration/Register Button\&amp;quot;))</message>
  <nestedLevel>1</nestedLevel>
  <property name="startLine">32</property>
  <property name="stepIndex">4</property>
</record>
<record>
  <date>2020-03-19T10:27:31</date>
  <millis>1584593851921</millis>
  <sequence>53</sequence>
  <level>PASSED</level>
  <class>com.kms.katalon.core.logging.XmlKeywordLogger</class>
  <method>logMessage</method>
  <thread>1</thread>
  <message>Object: &amp;apos;Object Repository/TD2/Registration and Onboarding/Page_Registration/Register Button&amp;apos; is clicked on</message>
  <nestedLevel>1</nestedLevel>
</record>
<record>
  <date>2020-03-19T10:27:31</date>
  <millis>1584593851924</millis>
  <sequence>54</sequence>
  <level>END</level>
  <class>com.kms.katalon.core.logging.XmlKeywordLogger</class>
  <method>endKeyword</method>
  <thread>1</thread>
  <message>End action : click(findTestObject(\&amp;quot;TD2/Registration and Onboarding/Page_Registration/Register Button\&amp;quot;))</message>
  <nestedLevel>1</nestedLevel>
</record>
<record>
  <date>2020-03-19T10:27:31</date>
  <millis>1584593851924</millis>
  <sequence>55</sequence>
  <level>START</level>
  <class>com.kms.katalon.core.logging.XmlKeywordLogger</class>
  <method>startKeyword</method>
  <thread>1</thread>
  <message>Start action : if (verifyElementPresent(findTestObject(\&amp;quot;TD2/Registration and Onboarding/Page_Registration/WebsiteVersion\&amp;quot;), 10, OPTIONAL))</message>
  <nestedLevel>1</nestedLevel>
  <property name="startLine">35</property>
  <property name="stepIndex">5</property>
  <property name="description">Switching from TDC to TD2</property>
</record>
<record>
  <date>2020-03-19T10:27:31</date>
  <millis>1584593851933</millis>
  <sequence>56</sequence>
  <level>NOT_RUN</level>
  <class>com.kms.katalon.core.logging.XmlKeywordLogger</class>
  <method>logMessage</method>
  <thread>1</thread>
  <message>NOT_RUN: if (verifyElementPresent(findTestObject(\&amp;quot;TD2/Registration and Onboarding/Page_Registration/WebsiteVersion\&amp;quot;), 10, OPTIONAL))</message>
  <nestedLevel>1</nestedLevel>
</record>
<record>
  <date>2020-03-19T10:27:31</date>
  <millis>1584593851934</millis>
  <sequence>57</sequence>
  <level>END</level>
  <class>com.kms.katalon.core.logging.XmlKeywordLogger</class>
  <method>endKeyword</method>
  <thread>1</thread>
  <message>End action : if (verifyElementPresent(findTestObject(\&amp;quot;TD2/Registration and Onboarding/Page_Registration/WebsiteVersion\&amp;quot;), 10, OPTIONAL))</message>
  <nestedLevel>1</nestedLevel>
</record>
<record>
  <date>2020-03-19T10:27:31</date>
  <millis>1584593851934</millis>
  <sequence>58</sequence>
  <level>START</level>
  <class>com.kms.katalon.core.logging.XmlKeywordLogger</class>
  <method>startKeyword</method>
  <thread>1</thread>
  <message>Start action : if (verifyElementPresent(findTestObject(\&amp;quot;TD2/Registration and Onboarding/Page_Registration/ButtonYes\&amp;quot;), 10, OPTIONAL))</message>
  <nestedLevel>1</nestedLevel>
  <property name="startLine">41</property>
  <property name="stepIndex">6</property>
  <property name="description"> Handing the questions with Yes Yes Yes options</property>
</record>
<record>
  <date>2020-03-19T10:27:32</date>
  <millis>1584593852832</millis>
  <sequence>66</sequence>
  <level>PASSED</level>
  <class>com.kms.katalon.core.logging.XmlKeywordLogger</class>
  <method>logMessage</method>
  <thread>1</thread>
  <message>Object &amp;apos;Object Repository/TD2/Registration and Onboarding/Page_Registration/ButtonYes&amp;apos; is present</message>
  <nestedLevel>1</nestedLevel>
</record>
<record>
  <date>2020-03-19T10:27:32</date>
  <millis>1584593852833</millis>
  <sequence>67</sequence>
  <level>START</level>
  <class>com.kms.katalon.core.logging.XmlKeywordLogger</class>
  <method>startKeyword</method>
  <thread>1</thread>
  <message>Start action : click(findTestObject(\&amp;quot;TD2/Registration and Onboarding/Page_Registration/ButtonYes\&amp;quot;))</message>
  <nestedLevel>2</nestedLevel>
  <property name="startLine">42</property>
  <property name="stepIndex">1</property>
</record>
<record>
  <date>2020-03-19T10:27:33</date>
  <millis>1584593853465</millis>
  <sequence>78</sequence>
  <level>PASSED</level>
  <class>com.kms.katalon.core.logging.XmlKeywordLogger</class>
  <method>logMessage</method>
  <thread>1</thread>
  <message>Object: &amp;apos;Object Repository/TD2/Registration and Onboarding/Page_Registration/ButtonYes&amp;apos; is clicked on</message>
  <nestedLevel>1</nestedLevel>
</record>
<record>
  <date>2020-03-19T10:27:33</date>
  <millis>1584593853466</millis>
  <sequence>79</sequence>
  <level>END</level>
  <class>com.kms.katalon.core.logging.XmlKeywordLogger</class>
  <method>endKeyword</method>
  <thread>1</thread>
  <message>End action : click(findTestObject(\&amp;quot;TD2/Registration and Onboarding/Page_Registration/ButtonYes\&amp;quot;))</message>
  <nestedLevel>2</nestedLevel>
</record>
<record>
  <date>2020-03-19T10:27:33</date>
  <millis>1584593853466</millis>
  <sequence>80</sequence>
  <level>START</level>
  <class>com.kms.katalon.core.logging.XmlKeywordLogger</class>
  <method>startKeyword</method>
  <thread>1</thread>
  <message>Start action : click(findTestObject(\&amp;quot;TD2/Registration and Onboarding/Page_Registration/ButtonYes2\&amp;quot;))</message>
  <nestedLevel>2</nestedLevel>
  <property name="startLine">44</property>
  <property name="stepIndex">2</property>
</record>
<record>
  <date>2020-03-19T10:27:34</date>
  <millis>1584593854363</millis>
  <sequence>91</sequence>
  <level>PASSED</level>
  <class>com.kms.katalon.core.logging.XmlKeywordLogger</class>
  <method>logMessage</method>
  <thread>1</thread>
  <message>Object: &amp;apos;Object Repository/TD2/Registration and Onboarding/Page_Registration/ButtonYes2&amp;apos; is clicked on</message>
  <nestedLevel>1</nestedLevel>
</record>
<record>
  <date>2020-03-19T10:27:34</date>
  <millis>1584593854364</millis>
  <sequence>92</sequence>
  <level>END</level>
  <class>com.kms.katalon.core.logging.XmlKeywordLogger</class>
  <method>endKeyword</method>
  <thread>1</thread>
  <message>End action : click(findTestObject(\&amp;quot;TD2/Registration and Onboarding/Page_Registration/ButtonYes2\&amp;quot;))</message>
  <nestedLevel>2</nestedLevel>
</record>
<record>
  <date>2020-03-19T10:27:34</date>
  <millis>1584593854365</millis>
  <sequence>93</sequence>
  <level>START</level>
  <class>com.kms.katalon.core.logging.XmlKeywordLogger</class>
  <method>startKeyword</method>
  <thread>1</thread>
  <message>Start action : click(findTestObject(\&amp;quot;TD2/Registration and Onboarding/Page_Registration/ButtonYes3\&amp;quot;))</message>
  <nestedLevel>2</nestedLevel>
  <property name="startLine">46</property>
  <property name="stepIndex">3</property>
</record>
<record>
  <date>2020-03-19T10:27:36</date>
  <millis>1584593856821</millis>
  <sequence>104</sequence>
  <level>PASSED</level>
  <class>com.kms.katalon.core.logging.XmlKeywordLogger</class>
  <method>logMessage</method>
  <thread>1</thread>
  <message>Object: &amp;apos;Object Repository/TD2/Registration and Onboarding/Page_Registration/ButtonYes3&amp;apos; is clicked on</message>
  <nestedLevel>1</nestedLevel>
</record>
<record>
  <date>2020-03-19T10:27:36</date>
  <millis>1584593856821</millis>
  <sequence>105</sequence>
  <level>END</level>
  <class>com.kms.katalon.core.logging.XmlKeywordLogger</class>
  <method>endKeyword</method>
  <thread>1</thread>
  <message>End action : click(findTestObject(\&amp;quot;TD2/Registration and Onboarding/Page_Registration/ButtonYes3\&amp;quot;))</message>
  <nestedLevel>2</nestedLevel>
</record>
<record>
  <date>2020-03-19T10:27:36</date>
  <millis>1584593856822</millis>
  <sequence>106</sequence>
  <level>START</level>
  <class>com.kms.katalon.core.logging.XmlKeywordLogger</class>
  <method>startKeyword</method>
  <thread>1</thread>
  <message>Start action : click(findTestObject(\&amp;quot;TD2/Registration and Onboarding/Page_Registration/RadioAccountOption\&amp;quot;))</message>
  <nestedLevel>2</nestedLevel>
  <property name="startLine">48</property>
  <property name="stepIndex">4</property>
</record>
<record>
  <date>2020-03-19T10:27:37</date>
  <millis>1584593857358</millis>
  <sequence>117</sequence>
  <level>PASSED</level>
  <class>com.kms.katalon.core.logging.XmlKeywordLogger</class>
  <method>logMessage</method>
  <thread>1</thread>
  <message>Object: &amp;apos;Object Repository/TD2/Registration and Onboarding/Page_Registration/RadioAccountOption&amp;apos; is clicked on</message>
  <nestedLevel>1</nestedLevel>
</record>
<record>
  <date>2020-03-19T10:27:37</date>
  <millis>1584593857360</millis>
  <sequence>118</sequence>
  <level>END</level>
  <class>com.kms.katalon.core.logging.XmlKeywordLogger</class>
  <method>endKeyword</method>
  <thread>1</thread>
  <message>End action : click(findTestObject(\&amp;quot;TD2/Registration and Onboarding/Page_Registration/RadioAccountOption\&amp;quot;))</message>
  <nestedLevel>2</nestedLevel>
</record>
<record>
  <date>2020-03-19T10:27:37</date>
  <millis>1584593857361</millis>
  <sequence>119</sequence>
  <level>START</level>
  <class>com.kms.katalon.core.logging.XmlKeywordLogger</class>
  <method>startKeyword</method>
  <thread>1</thread>
  <message>Start action : click(findTestObject(\&amp;quot;TD2/Registration and Onboarding/Page_Onboarding/RadioButtonVisible\&amp;quot;))</message>
  <nestedLevel>2</nestedLevel>
  <property name="startLine">50</property>
  <property name="stepIndex">5</property>
</record>
<record>
  <date>2020-03-19T10:27:37</date>
  <millis>1584593857362</millis>
  <sequence>120</sequence>
  <level>NOT_RUN</level>
  <class>com.kms.katalon.core.logging.XmlKeywordLogger</class>
  <method>logMessage</method>
  <thread>1</thread>
  <message>NOT_RUN: click(findTestObject(\&amp;quot;TD2/Registration and Onboarding/Page_Onboarding/RadioButtonVisible\&amp;quot;))</message>
  <nestedLevel>1</nestedLevel>
</record>
<record>
  <date>2020-03-19T10:27:37</date>
  <millis>1584593857375</millis>
  <sequence>121</sequence>
  <level>END</level>
  <class>com.kms.katalon.core.logging.XmlKeywordLogger</class>
  <method>endKeyword</method>
  <thread>1</thread>
  <message>End action : click(findTestObject(\&amp;quot;TD2/Registration and Onboarding/Page_Onboarding/RadioButtonVisible\&amp;quot;))</message>
  <nestedLevel>2</nestedLevel>
</record>
<record>
  <date>2020-03-19T10:27:37</date>
  <millis>1584593857387</millis>
  <sequence>122</sequence>
  <level>START</level>
  <class>com.kms.katalon.core.logging.XmlKeywordLogger</class>
  <method>startKeyword</method>
  <thread>1</thread>
  <message>Start action : click(findTestObject(\&amp;quot;TD2/Registration and Onboarding/Page_Registration/ButtonContinue\&amp;quot;))</message>
  <nestedLevel>2</nestedLevel>
  <property name="startLine">53</property>
  <property name="stepIndex">6</property>
  <property name="description">Clicking to Continue</property>
</record>
<record>
  <date>2020-03-19T10:27:37</date>
  <millis>1584593857975</millis>
  <sequence>133</sequence>
  <level>PASSED</level>
  <class>com.kms.katalon.core.logging.XmlKeywordLogger</class>
  <method>logMessage</method>
  <thread>1</thread>
  <message>Object: &amp;apos;Object Repository/TD2/Registration and Onboarding/Page_Registration/ButtonContinue&amp;apos; is clicked on</message>
  <nestedLevel>1</nestedLevel>
</record>
<record>
  <date>2020-03-19T10:27:37</date>
  <millis>1584593857978</millis>
  <sequence>134</sequence>
  <level>END</level>
  <class>com.kms.katalon.core.logging.XmlKeywordLogger</class>
  <method>endKeyword</method>
  <thread>1</thread>
  <message>End action : click(findTestObject(\&amp;quot;TD2/Registration and Onboarding/Page_Registration/ButtonContinue\&amp;quot;))</message>
  <nestedLevel>2</nestedLevel>
</record>
<record>
  <date>2020-03-19T10:27:37</date>
  <millis>1584593857978</millis>
  <sequence>135</sequence>
  <level>START</level>
  <class>com.kms.katalon.core.logging.XmlKeywordLogger</class>
  <method>startKeyword</method>
  <thread>1</thread>
  <message>Start action : setText(findTestObject(\&amp;quot;TD2/Registration and Onboarding/Page_Registration/InputName\&amp;quot;), \&amp;quot;Payal\&amp;quot;)</message>
  <nestedLevel>2</nestedLevel>
  <property name="startLine">56</property>
  <property name="stepIndex">7</property>
  <property name="description">Entering the Name</property>
</record>
<record>
  <date>2020-03-19T10:27:38</date>
  <millis>1584593858643</millis>
  <sequence>146</sequence>
  <level>PASSED</level>
  <class>com.kms.katalon.core.logging.XmlKeywordLogger</class>
  <method>logMessage</method>
  <thread>1</thread>
  <message>Text &amp;apos;Payal&amp;apos; is set on object &amp;apos;Object Repository/TD2/Registration and Onboarding/Page_Registration/InputName&amp;apos;</message>
  <nestedLevel>1</nestedLevel>
</record>
<record>
  <date>2020-03-19T10:27:38</date>
  <millis>1584593858644</millis>
  <sequence>147</sequence>
  <level>END</level>
  <class>com.kms.katalon.core.logging.XmlKeywordLogger</class>
  <method>endKeyword</method>
  <thread>1</thread>
  <message>End action : setText(findTestObject(\&amp;quot;TD2/Registration and Onboarding/Page_Registration/InputName\&amp;quot;), \&amp;quot;Payal\&amp;quot;)</message>
  <nestedLevel>2</nestedLevel>
</record>
<record>
  <date>2020-03-19T10:27:38</date>
  <millis>1584593858647</millis>
  <sequence>148</sequence>
  <level>START</level>
  <class>com.kms.katalon.core.logging.XmlKeywordLogger</class>
  <method>startKeyword</method>
  <thread>1</thread>
  <message>Start action : setText(findTestObject(\&amp;quot;TD2/Registration and Onboarding/Page_Registration/InputCompanyEmail\&amp;quot;), \&amp;quot;payal+qw4@timedoctor.com\&amp;quot;)</message>
  <nestedLevel>2</nestedLevel>
  <property name="startLine">58</property>
  <property name="stepIndex">8</property>
</record>
<record>
  <date>2020-03-19T10:27:38</date>
  <millis>1584593858652</millis>
  <sequence>149</sequence>
  <level>NOT_RUN</level>
  <class>com.kms.katalon.core.logging.XmlKeywordLogger</class>
  <method>logMessage</method>
  <thread>1</thread>
  <message>NOT_RUN: setText(findTestObject(\&amp;quot;TD2/Registration and Onboarding/Page_Registration/InputCompanyEmail\&amp;quot;), \&amp;quot;payal+qw4@timedoctor.com\&amp;quot;)</message>
  <nestedLevel>1</nestedLevel>
</record>
<record>
  <date>2020-03-19T10:27:38</date>
  <millis>1584593858653</millis>
  <sequence>150</sequence>
  <level>END</level>
  <class>com.kms.katalon.core.logging.XmlKeywordLogger</class>
  <method>endKeyword</method>
  <thread>1</thread>
  <message>End action : setText(findTestObject(\&amp;quot;TD2/Registration and Onboarding/Page_Registration/InputCompanyEmail\&amp;quot;), \&amp;quot;payal+qw4@timedoctor.com\&amp;quot;)</message>
  <nestedLevel>2</nestedLevel>
</record>
<record>
  <date>2020-03-19T10:27:38</date>
  <millis>1584593858653</millis>
  <sequence>151</sequence>
  <level>START</level>
  <class>com.kms.katalon.core.logging.XmlKeywordLogger</class>
  <method>startKeyword</method>
  <thread>1</thread>
  <message>Start action : driver = getWebDriver()</message>
  <nestedLevel>2</nestedLevel>
  <property name="startLine">60</property>
  <property name="stepIndex">9</property>
</record>
<record>
  <date>2020-03-19T10:27:38</date>
  <millis>1584593858668</millis>
  <sequence>152</sequence>
  <level>END</level>
  <class>com.kms.katalon.core.logging.XmlKeywordLogger</class>
  <method>endKeyword</method>
  <thread>1</thread>
  <message>End action : driver = getWebDriver()</message>
  <nestedLevel>2</nestedLevel>
</record>
<record>
  <date>2020-03-19T10:27:38</date>
  <millis>1584593858668</millis>
  <sequence>153</sequence>
  <level>START</level>
  <class>com.kms.katalon.core.logging.XmlKeywordLogger</class>
  <method>startKeyword</method>
  <thread>1</thread>
  <message>Start action : emailAddress = \&amp;quot;payal+\&amp;quot; + getDateTime() + \&amp;quot;@timedoctor.com\&amp;quot;</message>
  <nestedLevel>2</nestedLevel>
  <property name="startLine">63</property>
  <property name="stepIndex">10</property>
  <property name="description">Generate unique email address</property>
</record>
<record>
  <date>2020-03-19T10:27:38</date>
  <millis>1584593858671</millis>
  <sequence>154</sequence>
  <level>END</level>
  <class>com.kms.katalon.core.logging.XmlKeywordLogger</class>
  <method>endKeyword</method>
  <thread>1</thread>
  <message>End action : emailAddress = \&amp;quot;payal+\&amp;quot; + getDateTime() + \&amp;quot;@timedoctor.com\&amp;quot;</message>
  <nestedLevel>2</nestedLevel>
</record>
<record>
  <date>2020-03-19T10:27:38</date>
  <millis>1584593858672</millis>
  <sequence>155</sequence>
  <level>END</level>
  <class>com.kms.katalon.core.logging.XmlKeywordLogger</class>
  <method>endKeyword</method>
  <thread>1</thread>
  <message>End action : if (verifyElementPresent(findTestObject(\&amp;quot;TD2/Registration and Onboarding/Page_Registration/ButtonYes\&amp;quot;), 10, OPTIONAL))</message>
  <nestedLevel>1</nestedLevel>
</record>
<record>
  <date>2020-03-19T10:27:38</date>
  <millis>1584593858672</millis>
  <sequence>156</sequence>
  <level>START</level>
  <class>com.kms.katalon.core.logging.XmlKeywordLogger</class>
  <method>startKeyword</method>
  <thread>1</thread>
  <message>Start action : nowDateTime = new java.text.SimpleDateFormat(yyMMddHHmmss)</message>
  <nestedLevel>1</nestedLevel>
  <property name="startLine">183</property>
  <property name="stepIndex">1</property>
</record>
<record>
  <date>2020-03-19T10:27:38</date>
  <millis>1584593858685</millis>
  <sequence>157</sequence>
  <level>END</level>
  <class>com.kms.katalon.core.logging.XmlKeywordLogger</class>
  <method>endKeyword</method>
  <thread>1</thread>
  <message>End action : nowDateTime = new java.text.SimpleDateFormat(yyMMddHHmmss)</message>
  <nestedLevel>1</nestedLevel>
</record>
<record>
  <date>2020-03-19T10:27:38</date>
  <millis>1584593858685</millis>
  <sequence>158</sequence>
  <level>START</level>
  <class>com.kms.katalon.core.logging.XmlKeywordLogger</class>
  <method>startKeyword</method>
  <thread>1</thread>
  <message>Start action : now = new java.util.Date()</message>
  <nestedLevel>1</nestedLevel>
  <property name="startLine">185</property>
  <property name="stepIndex">2</property>
</record>
<record>
  <date>2020-03-19T10:27:38</date>
  <millis>1584593858712</millis>
  <sequence>159</sequence>
  <level>END</level>
  <class>com.kms.katalon.core.logging.XmlKeywordLogger</class>
  <method>endKeyword</method>
  <thread>1</thread>
  <message>End action : now = new java.util.Date()</message>
  <nestedLevel>1</nestedLevel>
</record>
<record>
  <date>2020-03-19T10:27:38</date>
  <millis>1584593858712</millis>
  <sequence>160</sequence>
  <level>START</level>
  <class>com.kms.katalon.core.logging.XmlKeywordLogger</class>
  <method>startKeyword</method>
  <thread>1</thread>
  <message>Start action : strDate = nowDateTime.format(now)</message>
  <nestedLevel>1</nestedLevel>
  <property name="startLine">187</property>
  <property name="stepIndex">3</property>
</record>
<record>
  <date>2020-03-19T10:27:38</date>
  <millis>1584593858727</millis>
  <sequence>161</sequence>
  <level>END</level>
  <class>com.kms.katalon.core.logging.XmlKeywordLogger</class>
  <method>endKeyword</method>
  <thread>1</thread>
  <message>End action : strDate = nowDateTime.format(now)</message>
  <nestedLevel>1</nestedLevel>
</record>
<record>
  <date>2020-03-19T10:27:38</date>
  <millis>1584593858728</millis>
  <sequence>162</sequence>
  <level>START</level>
  <class>com.kms.katalon.core.logging.XmlKeywordLogger</class>
  <method>startKeyword</method>
  <thread>1</thread>
  <message>Start action : return strDate</message>
  <nestedLevel>1</nestedLevel>
  <property name="startLine">189</property>
  <property name="stepIndex">4</property>
</record>
<record>
  <date>2020-03-19T10:27:38</date>
  <millis>1584593858729</millis>
  <sequence>163</sequence>
  <level>START</level>
  <class>com.kms.katalon.core.logging.XmlKeywordLogger</class>
  <method>startKeyword</method>
  <thread>1</thread>
  <message>Start action : waitForElementVisible(findTestObject(\&amp;quot;TD2/Registration and Onboarding/Page_Registration/InputCompanyEmail\&amp;quot;), 10)</message>
  <nestedLevel>2</nestedLevel>
  <property name="startLine">66</property>
  <property name="stepIndex">11</property>
  <property name="description">Wait for email field to be visible, max waiting time 60 seconds</property>
</record>
<record>
  <date>2020-03-19T10:27:39</date>
  <millis>1584593859292</millis>
  <sequence>172</sequence>
  <level>PASSED</level>
  <class>com.kms.katalon.core.logging.XmlKeywordLogger</class>
  <method>logMessage</method>
  <thread>1</thread>
  <message>Object &amp;apos;Object Repository/TD2/Registration and Onboarding/Page_Registration/InputCompanyEmail&amp;apos; is visible</message>
  <nestedLevel>1</nestedLevel>
</record>
<record>
  <date>2020-03-19T10:27:39</date>
  <millis>1584593859293</millis>
  <sequence>173</sequence>
  <level>END</level>
  <class>com.kms.katalon.core.logging.XmlKeywordLogger</class>
  <method>endKeyword</method>
  <thread>1</thread>
  <message>End action : waitForElementVisible(findTestObject(\&amp;quot;TD2/Registration and Onboarding/Page_Registration/InputCompanyEmail\&amp;quot;), 10)</message>
  <nestedLevel>2</nestedLevel>
</record>
<record>
  <date>2020-03-19T10:27:39</date>
  <millis>1584593859293</millis>
  <sequence>174</sequence>
  <level>START</level>
  <class>com.kms.katalon.core.logging.XmlKeywordLogger</class>
  <method>startKeyword</method>
  <thread>1</thread>
  <message>Start action : setText(findTestObject(\&amp;quot;TD2/Registration and Onboarding/Page_Registration/InputCompanyEmail\&amp;quot;), emailAddress)</message>
  <nestedLevel>2</nestedLevel>
  <property name="startLine">69</property>
  <property name="stepIndex">12</property>
  <property name="description">Input generated unique email address to email field</property>
</record>
<record>
  <date>2020-03-19T10:27:40</date>
  <millis>1584593860212</millis>
  <sequence>185</sequence>
  <level>PASSED</level>
  <class>com.kms.katalon.core.logging.XmlKeywordLogger</class>
  <method>logMessage</method>
  <thread>1</thread>
  <message>Text &amp;apos;payal+200319102738@timedoctor.com&amp;apos; is set on object &amp;apos;Object Repository/TD2/Registration and Onboarding/Page_Registration/InputCompanyEmail&amp;apos;</message>
  <nestedLevel>1</nestedLevel>
</record>
<record>
  <date>2020-03-19T10:27:40</date>
  <millis>1584593860212</millis>
  <sequence>186</sequence>
  <level>END</level>
  <class>com.kms.katalon.core.logging.XmlKeywordLogger</class>
  <method>endKeyword</method>
  <thread>1</thread>
  <message>End action : setText(findTestObject(\&amp;quot;TD2/Registration and Onboarding/Page_Registration/InputCompanyEmail\&amp;quot;), emailAddress)</message>
  <nestedLevel>2</nestedLevel>
</record>
<record>
  <date>2020-03-19T10:27:40</date>
  <millis>1584593860213</millis>
  <sequence>187</sequence>
  <level>START</level>
  <class>com.kms.katalon.core.logging.XmlKeywordLogger</class>
  <method>startKeyword</method>
  <thread>1</thread>
  <message>Start action : setEncryptedText(findTestObject(\&amp;quot;TD2/Registration and Onboarding/Page_Registration/InputPassword\&amp;quot;), \&amp;quot;Px/nOzMEHWxU8lgHigNsmA==\&amp;quot;)</message>
  <nestedLevel>2</nestedLevel>
  <property name="startLine">72</property>
  <property name="stepIndex">13</property>
  <property name="description">Enter the password</property>
</record>
<record>
  <date>2020-03-19T10:27:40</date>
  <millis>1584593860935</millis>
  <sequence>198</sequence>
  <level>PASSED</level>
  <class>com.kms.katalon.core.logging.XmlKeywordLogger</class>
  <method>logMessage</method>
  <thread>1</thread>
  <message>Text ****** has been set on object &amp;apos;Object Repository/TD2/Registration and Onboarding/Page_Registration/InputPassword&amp;apos;</message>
  <nestedLevel>1</nestedLevel>
</record>
<record>
  <date>2020-03-19T10:27:40</date>
  <millis>1584593860935</millis>
  <sequence>199</sequence>
  <level>END</level>
  <class>com.kms.katalon.core.logging.XmlKeywordLogger</class>
  <method>endKeyword</method>
  <thread>1</thread>
  <message>End action : setEncryptedText(findTestObject(\&amp;quot;TD2/Registration and Onboarding/Page_Registration/InputPassword\&amp;quot;), \&amp;quot;Px/nOzMEHWxU8lgHigNsmA==\&amp;quot;)</message>
  <nestedLevel>2</nestedLevel>
</record>
<record>
  <date>2020-03-19T10:27:40</date>
  <millis>1584593860936</millis>
  <sequence>200</sequence>
  <level>START</level>
  <class>com.kms.katalon.core.logging.XmlKeywordLogger</class>
  <method>startKeyword</method>
  <thread>1</thread>
  <message>Start action : click(findTestObject(\&amp;quot;TD2/Registration and Onboarding/Page_Registration/ButtonTestItOut\&amp;quot;))</message>
  <nestedLevel>2</nestedLevel>
  <property name="startLine">75</property>
  <property name="stepIndex">14</property>
  <property name="description">Click on ButtonTestItOut</property>
</record>
<record>
  <date>2020-03-19T10:27:41</date>
  <millis>1584593861513</millis>
  <sequence>211</sequence>
  <level>PASSED</level>
  <class>com.kms.katalon.core.logging.XmlKeywordLogger</class>
  <method>logMessage</method>
  <thread>1</thread>
  <message>Object: &amp;apos;Object Repository/TD2/Registration and Onboarding/Page_Registration/ButtonTestItOut&amp;apos; is clicked on</message>
  <nestedLevel>1</nestedLevel>
</record>
<record>
  <date>2020-03-19T10:27:41</date>
  <millis>1584593861514</millis>
  <sequence>212</sequence>
  <level>END</level>
  <class>com.kms.katalon.core.logging.XmlKeywordLogger</class>
  <method>endKeyword</method>
  <thread>1</thread>
  <message>End action : click(findTestObject(\&amp;quot;TD2/Registration and Onboarding/Page_Registration/ButtonTestItOut\&amp;quot;))</message>
  <nestedLevel>2</nestedLevel>
</record>
<record>
  <date>2020-03-19T10:27:41</date>
  <millis>1584593861514</millis>
  <sequence>213</sequence>
  <level>START</level>
  <class>com.kms.katalon.core.logging.XmlKeywordLogger</class>
  <method>startKeyword</method>
  <thread>1</thread>
  <message>Start action : delay(10)</message>
  <nestedLevel>2</nestedLevel>
  <property name="startLine">77</property>
  <property name="stepIndex">15</property>
</record>
<record>
  <date>2020-03-19T10:27:51</date>
  <millis>1584593871564</millis>
  <sequence>215</sequence>
  <level>PASSED</level>
  <class>com.kms.katalon.core.logging.XmlKeywordLogger</class>
  <method>logMessage</method>
  <thread>1</thread>
  <message>Delayed 10 second(s)</message>
  <nestedLevel>1</nestedLevel>
</record>
<record>
  <date>2020-03-19T10:27:51</date>
  <millis>1584593871569</millis>
  <sequence>216</sequence>
  <level>END</level>
  <class>com.kms.katalon.core.logging.XmlKeywordLogger</class>
  <method>endKeyword</method>
  <thread>1</thread>
  <message>End action : delay(10)</message>
  <nestedLevel>2</nestedLevel>
</record>
<record>
  <date>2020-03-19T10:27:51</date>
  <millis>1584593871569</millis>
  <sequence>217</sequence>
  <level>START</level>
  <class>com.kms.katalon.core.logging.XmlKeywordLogger</class>
  <method>startKeyword</method>
  <thread>1</thread>
  <message>Start action : click(findTestObject(\&amp;quot;TD2/Registration and Onboarding/Page_Onboarding/span_No I like paying\&amp;quot;))</message>
  <nestedLevel>2</nestedLevel>
  <property name="startLine">80</property>
  <property name="stepIndex">16</property>
  <property name="description">Click on No I like to Pay</property>
</record>
<record>
  <date>2020-03-19T10:27:52</date>
  <millis>1584593872070</millis>
  <sequence>228</sequence>
  <level>PASSED</level>
  <class>com.kms.katalon.core.logging.XmlKeywordLogger</class>
  <method>logMessage</method>
  <thread>1</thread>
  <message>Object: &amp;apos;Object Repository/TD2/Registration and Onboarding/Page_Onboarding/span_No I like paying&amp;apos; is clicked on</message>
  <nestedLevel>1</nestedLevel>
</record>
<record>
  <date>2020-03-19T10:27:52</date>
  <millis>1584593872072</millis>
  <sequence>229</sequence>
  <level>END</level>
  <class>com.kms.katalon.core.logging.XmlKeywordLogger</class>
  <method>endKeyword</method>
  <thread>1</thread>
  <message>End action : click(findTestObject(\&amp;quot;TD2/Registration and Onboarding/Page_Onboarding/span_No I like paying\&amp;quot;))</message>
  <nestedLevel>2</nestedLevel>
</record>
<record>
  <date>2020-03-19T10:27:52</date>
  <millis>1584593872089</millis>
  <sequence>230</sequence>
  <level>START</level>
  <class>com.kms.katalon.core.logging.XmlKeywordLogger</class>
  <method>startKeyword</method>
  <thread>1</thread>
  <message>Start action : if (verifyElementPresent(findTestObject(\&amp;quot;TD2/Registration and Onboarding/Page_Onboarding/Company Name\&amp;quot;), 10, OPTIONAL))</message>
  <nestedLevel>2</nestedLevel>
  <property name="startLine">83</property>
  <property name="stepIndex">17</property>
  <property name="description">Entering Company Name</property>
</record>
<record>
  <date>2020-03-19T10:27:52</date>
  <millis>1584593872977</millis>
  <sequence>238</sequence>
  <level>PASSED</level>
  <class>com.kms.katalon.core.logging.XmlKeywordLogger</class>
  <method>logMessage</method>
  <thread>1</thread>
  <message>Object &amp;apos;Object Repository/TD2/Registration and Onboarding/Page_Onboarding/Company Name&amp;apos; is present</message>
  <nestedLevel>1</nestedLevel>
</record>
<record>
  <date>2020-03-19T10:27:52</date>
  <millis>1584593872978</millis>
  <sequence>239</sequence>
  <level>START</level>
  <class>com.kms.katalon.core.logging.XmlKeywordLogger</class>
  <method>startKeyword</method>
  <thread>1</thread>
  <message>Start action : sendKeys(findTestObject(\&amp;quot;TD2/Registration and Onboarding/Page_Onboarding/Company Name\&amp;quot;), \&amp;quot;QA Team\&amp;quot;)</message>
  <nestedLevel>3</nestedLevel>
  <property name="startLine">84</property>
  <property name="stepIndex">1</property>
</record>
<record>
  <date>2020-03-19T10:27:53</date>
  <millis>1584593873713</millis>
  <sequence>247</sequence>
  <level>PASSED</level>
  <class>com.kms.katalon.core.logging.XmlKeywordLogger</class>
  <method>logMessage</method>
  <thread>1</thread>
  <message>Keys &amp;apos;QA Team&amp;apos; sent to object: &amp;apos;Object Repository/TD2/Registration and Onboarding/Page_Onboarding/Company Name&amp;apos;</message>
  <nestedLevel>1</nestedLevel>
</record>
<record>
  <date>2020-03-19T10:27:53</date>
  <millis>1584593873714</millis>
  <sequence>248</sequence>
  <level>END</level>
  <class>com.kms.katalon.core.logging.XmlKeywordLogger</class>
  <method>endKeyword</method>
  <thread>1</thread>
  <message>End action : sendKeys(findTestObject(\&amp;quot;TD2/Registration and Onboarding/Page_Onboarding/Company Name\&amp;quot;), \&amp;quot;QA Team\&amp;quot;)</message>
  <nestedLevel>3</nestedLevel>
</record>
<record>
  <date>2020-03-19T10:27:53</date>
  <millis>1584593873714</millis>
  <sequence>249</sequence>
  <level>START</level>
  <class>com.kms.katalon.core.logging.XmlKeywordLogger</class>
  <method>startKeyword</method>
  <thread>1</thread>
  <message>Start action : click(findTestObject(\&amp;quot;TD2/Registration and Onboarding/Page_Onboarding/Just Me\&amp;quot;))</message>
  <nestedLevel>3</nestedLevel>
  <property name="startLine">87</property>
  <property name="stepIndex">2</property>
  <property name="description">Clicking on Just Me</property>
</record>
<record>
  <date>2020-03-19T10:27:54</date>
  <millis>1584593874389</millis>
  <sequence>260</sequence>
  <level>PASSED</level>
  <class>com.kms.katalon.core.logging.XmlKeywordLogger</class>
  <method>logMessage</method>
  <thread>1</thread>
  <message>Object: &amp;apos;Object Repository/TD2/Registration and Onboarding/Page_Onboarding/Just Me&amp;apos; is clicked on</message>
  <nestedLevel>1</nestedLevel>
</record>
<record>
  <date>2020-03-19T10:27:54</date>
  <millis>1584593874392</millis>
  <sequence>261</sequence>
  <level>END</level>
  <class>com.kms.katalon.core.logging.XmlKeywordLogger</class>
  <method>endKeyword</method>
  <thread>1</thread>
  <message>End action : click(findTestObject(\&amp;quot;TD2/Registration and Onboarding/Page_Onboarding/Just Me\&amp;quot;))</message>
  <nestedLevel>3</nestedLevel>
</record>
<record>
  <date>2020-03-19T10:27:54</date>
  <millis>1584593874392</millis>
  <sequence>262</sequence>
  <level>START</level>
  <class>com.kms.katalon.core.logging.XmlKeywordLogger</class>
  <method>startKeyword</method>
  <thread>1</thread>
  <message>Start action : click(findTestObject(\&amp;quot;TD2/Registration and Onboarding/Page_Onboarding/Next - Company Name\&amp;quot;))</message>
  <nestedLevel>3</nestedLevel>
  <property name="startLine">90</property>
  <property name="stepIndex">3</property>
  <property name="description">Clicking on Next Button</property>
</record>
<record>
  <date>2020-03-19T10:27:54</date>
  <millis>1584593874986</millis>
  <sequence>273</sequence>
  <level>PASSED</level>
  <class>com.kms.katalon.core.logging.XmlKeywordLogger</class>
  <method>logMessage</method>
  <thread>1</thread>
  <message>Object: &amp;apos;Object Repository/TD2/Registration and Onboarding/Page_Onboarding/Next - Company Name&amp;apos; is clicked on</message>
  <nestedLevel>1</nestedLevel>
</record>
<record>
  <date>2020-03-19T10:27:55</date>
  <millis>1584593875010</millis>
  <sequence>274</sequence>
  <level>END</level>
  <class>com.kms.katalon.core.logging.XmlKeywordLogger</class>
  <method>endKeyword</method>
  <thread>1</thread>
  <message>End action : click(findTestObject(\&amp;quot;TD2/Registration and Onboarding/Page_Onboarding/Next - Company Name\&amp;quot;))</message>
  <nestedLevel>3</nestedLevel>
</record>
<record>
  <date>2020-03-19T10:27:55</date>
  <millis>1584593875010</millis>
  <sequence>275</sequence>
  <level>START</level>
  <class>com.kms.katalon.core.logging.XmlKeywordLogger</class>
  <method>startKeyword</method>
  <thread>1</thread>
  <message>Start action : click(findTestObject(\&amp;quot;TD2/Registration and Onboarding/Page_Onboarding/Next - Industry\&amp;quot;))</message>
  <nestedLevel>3</nestedLevel>
  <property name="startLine">93</property>
  <property name="stepIndex">4</property>
  <property name="description">Click on Industry</property>
</record>
<record>
  <date>2020-03-19T10:27:56</date>
  <millis>1584593876557</millis>
  <sequence>286</sequence>
  <level>PASSED</level>
  <class>com.kms.katalon.core.logging.XmlKeywordLogger</class>
  <method>logMessage</method>
  <thread>1</thread>
  <message>Object: &amp;apos;Object Repository/TD2/Registration and Onboarding/Page_Onboarding/Next - Industry&amp;apos; is clicked on</message>
  <nestedLevel>1</nestedLevel>
</record>
<record>
  <date>2020-03-19T10:27:56</date>
  <millis>1584593876560</millis>
  <sequence>287</sequence>
  <level>END</level>
  <class>com.kms.katalon.core.logging.XmlKeywordLogger</class>
  <method>endKeyword</method>
  <thread>1</thread>
  <message>End action : click(findTestObject(\&amp;quot;TD2/Registration and Onboarding/Page_Onboarding/Next - Industry\&amp;quot;))</message>
  <nestedLevel>3</nestedLevel>
</record>
<record>
  <date>2020-03-19T10:27:56</date>
  <millis>1584593876560</millis>
  <sequence>288</sequence>
  <level>END</level>
  <class>com.kms.katalon.core.logging.XmlKeywordLogger</class>
  <method>endKeyword</method>
  <thread>1</thread>
  <message>End action : if (verifyElementPresent(findTestObject(\&amp;quot;TD2/Registration and Onboarding/Page_Onboarding/Company Name\&amp;quot;), 10, OPTIONAL))</message>
  <nestedLevel>2</nestedLevel>
</record>
<record>
  <date>2020-03-19T10:27:56</date>
  <millis>1584593876561</millis>
  <sequence>289</sequence>
  <level>START</level>
  <class>com.kms.katalon.core.logging.XmlKeywordLogger</class>
  <method>startKeyword</method>
  <thread>1</thread>
  <message>Start action : click(findTestObject(\&amp;quot;TD2/Registration and Onboarding/Page_Onboarding/Next2\&amp;quot;))</message>
  <nestedLevel>2</nestedLevel>
  <property name="startLine">96</property>
  <property name="stepIndex">18</property>
</record>
<record>
  <date>2020-03-19T10:27:56</date>
  <millis>1584593876562</millis>
  <sequence>290</sequence>
  <level>NOT_RUN</level>
  <class>com.kms.katalon.core.logging.XmlKeywordLogger</class>
  <method>logMessage</method>
  <thread>1</thread>
  <message>NOT_RUN: click(findTestObject(\&amp;quot;TD2/Registration and Onboarding/Page_Onboarding/Next2\&amp;quot;))</message>
  <nestedLevel>1</nestedLevel>
</record>
<record>
  <date>2020-03-19T10:27:56</date>
  <millis>1584593876563</millis>
  <sequence>291</sequence>
  <level>END</level>
  <class>com.kms.katalon.core.logging.XmlKeywordLogger</class>
  <method>endKeyword</method>
  <thread>1</thread>
  <message>End action : click(findTestObject(\&amp;quot;TD2/Registration and Onboarding/Page_Onboarding/Next2\&amp;quot;))</message>
  <nestedLevel>2</nestedLevel>
</record>
<record>
  <date>2020-03-19T10:27:56</date>
  <millis>1584593876563</millis>
  <sequence>292</sequence>
  <level>START</level>
  <class>com.kms.katalon.core.logging.XmlKeywordLogger</class>
  <method>startKeyword</method>
  <thread>1</thread>
  <message>Start action : click(findTestObject(\&amp;quot;TD2/Registration and Onboarding/Page_Onboarding/Next2\&amp;quot;))</message>
  <nestedLevel>2</nestedLevel>
  <property name="startLine">98</property>
  <property name="stepIndex">19</property>
</record>
<record>
  <date>2020-03-19T10:27:56</date>
  <millis>1584593876564</millis>
  <sequence>293</sequence>
  <level>NOT_RUN</level>
  <class>com.kms.katalon.core.logging.XmlKeywordLogger</class>
  <method>logMessage</method>
  <thread>1</thread>
  <message>NOT_RUN: click(findTestObject(\&amp;quot;TD2/Registration and Onboarding/Page_Onboarding/Next2\&amp;quot;))</message>
  <nestedLevel>1</nestedLevel>
</record>
<record>
  <date>2020-03-19T10:27:56</date>
  <millis>1584593876565</millis>
  <sequence>294</sequence>
  <level>END</level>
  <class>com.kms.katalon.core.logging.XmlKeywordLogger</class>
  <method>endKeyword</method>
  <thread>1</thread>
  <message>End action : click(findTestObject(\&amp;quot;TD2/Registration and Onboarding/Page_Onboarding/Next2\&amp;quot;))</message>
  <nestedLevel>2</nestedLevel>
</record>
<record>
  <date>2020-03-19T10:27:56</date>
  <millis>1584593876565</millis>
  <sequence>295</sequence>
  <level>START</level>
  <class>com.kms.katalon.core.logging.XmlKeywordLogger</class>
  <method>startKeyword</method>
  <thread>1</thread>
  <message>Start action : click(findTestObject(\&amp;quot;TD2/Registration and Onboarding/Page_Onboarding/span_Next\&amp;quot;))</message>
  <nestedLevel>2</nestedLevel>
  <property name="startLine">101</property>
  <property name="stepIndex">20</property>
  <property name="description">Clicking on Next Button</property>
</record>
<record>
  <date>2020-03-19T10:27:58</date>
  <millis>1584593878233</millis>
  <sequence>306</sequence>
  <level>PASSED</level>
  <class>com.kms.katalon.core.logging.XmlKeywordLogger</class>
  <method>logMessage</method>
  <thread>1</thread>
  <message>Object: &amp;apos;Object Repository/TD2/Registration and Onboarding/Page_Onboarding/span_Next&amp;apos; is clicked on</message>
  <nestedLevel>1</nestedLevel>
</record>
<record>
  <date>2020-03-19T10:27:58</date>
  <millis>1584593878234</millis>
  <sequence>307</sequence>
  <level>END</level>
  <class>com.kms.katalon.core.logging.XmlKeywordLogger</class>
  <method>endKeyword</method>
  <thread>1</thread>
  <message>End action : click(findTestObject(\&amp;quot;TD2/Registration and Onboarding/Page_Onboarding/span_Next\&amp;quot;))</message>
  <nestedLevel>2</nestedLevel>
</record>
<record>
  <date>2020-03-19T10:27:58</date>
  <millis>1584593878235</millis>
  <sequence>308</sequence>
  <level>START</level>
  <class>com.kms.katalon.core.logging.XmlKeywordLogger</class>
  <method>startKeyword</method>
  <thread>1</thread>
  <message>Start action : click(findTestObject(\&amp;quot;TD2/Registration and Onboarding/Page_Onboarding/Next - Set up your Account\&amp;quot;))</message>
  <nestedLevel>2</nestedLevel>
  <property name="startLine">104</property>
  <property name="stepIndex">21</property>
  <property name="description">Clicking to Set up your Account </property>
</record>
<record>
  <date>2020-03-19T10:27:58</date>
  <millis>1584593878235</millis>
  <sequence>309</sequence>
  <level>NOT_RUN</level>
  <class>com.kms.katalon.core.logging.XmlKeywordLogger</class>
  <method>logMessage</method>
  <thread>1</thread>
  <message>NOT_RUN: click(findTestObject(\&amp;quot;TD2/Registration and Onboarding/Page_Onboarding/Next - Set up your Account\&amp;quot;))</message>
  <nestedLevel>1</nestedLevel>
</record>
<record>
  <date>2020-03-19T10:27:58</date>
  <millis>1584593878236</millis>
  <sequence>310</sequence>
  <level>END</level>
  <class>com.kms.katalon.core.logging.XmlKeywordLogger</class>
  <method>endKeyword</method>
  <thread>1</thread>
  <message>End action : click(findTestObject(\&amp;quot;TD2/Registration and Onboarding/Page_Onboarding/Next - Set up your Account\&amp;quot;))</message>
  <nestedLevel>2</nestedLevel>
</record>
<record>
  <date>2020-03-19T10:27:58</date>
  <millis>1584593878238</millis>
  <sequence>311</sequence>
  <level>START</level>
  <class>com.kms.katalon.core.logging.XmlKeywordLogger</class>
  <method>startKeyword</method>
  <thread>1</thread>
  <message>Start action : click(findTestObject(\&amp;quot;TD2/Registration and Onboarding/Page_Onboarding/I dont have team\&amp;quot;))</message>
  <nestedLevel>2</nestedLevel>
  <property name="startLine">107</property>
  <property name="stepIndex">22</property>
  <property name="description">Selecting that you dont have team</property>
</record>
<record>
  <date>2020-03-19T10:28:00</date>
  <millis>1584593880222</millis>
  <sequence>322</sequence>
  <level>PASSED</level>
  <class>com.kms.katalon.core.logging.XmlKeywordLogger</class>
  <method>logMessage</method>
  <thread>1</thread>
  <message>Object: &amp;apos;Object Repository/TD2/Registration and Onboarding/Page_Onboarding/I dont have team&amp;apos; is clicked on</message>
  <nestedLevel>1</nestedLevel>
</record>
<record>
  <date>2020-03-19T10:28:00</date>
  <millis>1584593880224</millis>
  <sequence>323</sequence>
  <level>END</level>
  <class>com.kms.katalon.core.logging.XmlKeywordLogger</class>
  <method>endKeyword</method>
  <thread>1</thread>
  <message>End action : click(findTestObject(\&amp;quot;TD2/Registration and Onboarding/Page_Onboarding/I dont have team\&amp;quot;))</message>
  <nestedLevel>2</nestedLevel>
</record>
<record>
  <date>2020-03-19T10:28:00</date>
  <millis>1584593880224</millis>
  <sequence>324</sequence>
  <level>START</level>
  <class>com.kms.katalon.core.logging.XmlKeywordLogger</class>
  <method>startKeyword</method>
  <thread>1</thread>
  <message>Start action : click(findTestObject(\&amp;quot;TD2/Registration and Onboarding/Page_Onboarding/Submit - Invite\&amp;quot;))</message>
  <nestedLevel>2</nestedLevel>
  <property name="startLine">110</property>
  <property name="stepIndex">23</property>
  <property name="description">Clicking on Invite Button</property>
</record>
<record>
  <date>2020-03-19T10:28:00</date>
  <millis>1584593880651</millis>
  <sequence>335</sequence>
  <level>PASSED</level>
  <class>com.kms.katalon.core.logging.XmlKeywordLogger</class>
  <method>logMessage</method>
  <thread>1</thread>
  <message>Object: &amp;apos;Object Repository/TD2/Registration and Onboarding/Page_Onboarding/Submit - Invite&amp;apos; is clicked on</message>
  <nestedLevel>1</nestedLevel>
</record>
<record>
  <date>2020-03-19T10:28:00</date>
  <millis>1584593880652</millis>
  <sequence>336</sequence>
  <level>END</level>
  <class>com.kms.katalon.core.logging.XmlKeywordLogger</class>
  <method>endKeyword</method>
  <thread>1</thread>
  <message>End action : click(findTestObject(\&amp;quot;TD2/Registration and Onboarding/Page_Onboarding/Submit - Invite\&amp;quot;))</message>
  <nestedLevel>2</nestedLevel>
</record>
<record>
  <date>2020-03-19T10:28:00</date>
  <millis>1584593880653</millis>
  <sequence>337</sequence>
  <level>START</level>
  <class>com.kms.katalon.core.logging.XmlKeywordLogger</class>
  <method>startKeyword</method>
  <thread>1</thread>
  <message>Start action : click(findTestObject(\&amp;quot;TD2/Registration and Onboarding/Page_Onboarding/ButtonSkip\&amp;quot;))</message>
  <nestedLevel>2</nestedLevel>
  <property name="startLine">112</property>
  <property name="stepIndex">24</property>
</record>
<record>
  <date>2020-03-19T10:28:00</date>
  <millis>1584593880661</millis>
  <sequence>338</sequence>
  <level>NOT_RUN</level>
  <class>com.kms.katalon.core.logging.XmlKeywordLogger</class>
  <method>logMessage</method>
  <thread>1</thread>
  <message>NOT_RUN: click(findTestObject(\&amp;quot;TD2/Registration and Onboarding/Page_Onboarding/ButtonSkip\&amp;quot;))</message>
  <nestedLevel>1</nestedLevel>
</record>
<record>
  <date>2020-03-19T10:28:00</date>
  <millis>1584593880661</millis>
  <sequence>339</sequence>
  <level>END</level>
  <class>com.kms.katalon.core.logging.XmlKeywordLogger</class>
  <method>endKeyword</method>
  <thread>1</thread>
  <message>End action : click(findTestObject(\&amp;quot;TD2/Registration and Onboarding/Page_Onboarding/ButtonSkip\&amp;quot;))</message>
  <nestedLevel>2</nestedLevel>
</record>
<record>
  <date>2020-03-19T10:28:00</date>
  <millis>1584593880661</millis>
  <sequence>340</sequence>
  <level>START</level>
  <class>com.kms.katalon.core.logging.XmlKeywordLogger</class>
  <method>startKeyword</method>
  <thread>1</thread>
  <message>Start action : selectOptionByValue(findTestObject(\&amp;quot;TD2/Registration and Onboarding/Page_Onboarding/DropdownInvite\&amp;quot;), \&amp;quot;0\&amp;quot;, true)</message>
  <nestedLevel>2</nestedLevel>
  <property name="startLine">114</property>
  <property name="stepIndex">25</property>
</record>
<record>
  <date>2020-03-19T10:28:00</date>
  <millis>1584593880662</millis>
  <sequence>341</sequence>
  <level>NOT_RUN</level>
  <class>com.kms.katalon.core.logging.XmlKeywordLogger</class>
  <method>logMessage</method>
  <thread>1</thread>
  <message>NOT_RUN: selectOptionByValue(findTestObject(\&amp;quot;TD2/Registration and Onboarding/Page_Onboarding/DropdownInvite\&amp;quot;), \&amp;quot;0\&amp;quot;, true)</message>
  <nestedLevel>1</nestedLevel>
</record>
<record>
  <date>2020-03-19T10:28:00</date>
  <millis>1584593880662</millis>
  <sequence>342</sequence>
  <level>END</level>
  <class>com.kms.katalon.core.logging.XmlKeywordLogger</class>
  <method>endKeyword</method>
  <thread>1</thread>
  <message>End action : selectOptionByValue(findTestObject(\&amp;quot;TD2/Registration and Onboarding/Page_Onboarding/DropdownInvite\&amp;quot;), \&amp;quot;0\&amp;quot;, true)</message>
  <nestedLevel>2</nestedLevel>
</record>
<record>
  <date>2020-03-19T10:28:00</date>
  <millis>1584593880662</millis>
  <sequence>343</sequence>
  <level>START</level>
  <class>com.kms.katalon.core.logging.XmlKeywordLogger</class>
  <method>startKeyword</method>
  <thread>1</thread>
  <message>Start action : click(findTestObject(\&amp;quot;TD2/Registration and Onboarding/Page_Onboarding/span_Submit\&amp;quot;))</message>
  <nestedLevel>2</nestedLevel>
  <property name="startLine">117</property>
  <property name="stepIndex">26</property>
</record>
<record>
  <date>2020-03-19T10:28:00</date>
  <millis>1584593880663</millis>
  <sequence>344</sequence>
  <level>NOT_RUN</level>
  <class>com.kms.katalon.core.logging.XmlKeywordLogger</class>
  <method>logMessage</method>
  <thread>1</thread>
  <message>NOT_RUN: click(findTestObject(\&amp;quot;TD2/Registration and Onboarding/Page_Onboarding/span_Submit\&amp;quot;))</message>
  <nestedLevel>1</nestedLevel>
</record>
<record>
  <date>2020-03-19T10:28:00</date>
  <millis>1584593880663</millis>
  <sequence>345</sequence>
  <level>END</level>
  <class>com.kms.katalon.core.logging.XmlKeywordLogger</class>
  <method>endKeyword</method>
  <thread>1</thread>
  <message>End action : click(findTestObject(\&amp;quot;TD2/Registration and Onboarding/Page_Onboarding/span_Submit\&amp;quot;))</message>
  <nestedLevel>2</nestedLevel>
</record>
<record>
  <date>2020-03-19T10:28:00</date>
  <millis>1584593880663</millis>
  <sequence>346</sequence>
  <level>START</level>
  <class>com.kms.katalon.core.logging.XmlKeywordLogger</class>
  <method>startKeyword</method>
  <thread>1</thread>
  <message>Start action : delay(10)</message>
  <nestedLevel>2</nestedLevel>
  <property name="startLine">119</property>
  <property name="stepIndex">27</property>
</record>
<record>
  <date>2020-03-19T10:28:10</date>
  <millis>1584593890667</millis>
  <sequence>348</sequence>
  <level>PASSED</level>
  <class>com.kms.katalon.core.logging.XmlKeywordLogger</class>
  <method>logMessage</method>
  <thread>1</thread>
  <message>Delayed 10 second(s)</message>
  <nestedLevel>1</nestedLevel>
</record>
<record>
  <date>2020-03-19T10:28:10</date>
  <millis>1584593890669</millis>
  <sequence>349</sequence>
  <level>END</level>
  <class>com.kms.katalon.core.logging.XmlKeywordLogger</class>
  <method>endKeyword</method>
  <thread>1</thread>
  <message>End action : delay(10)</message>
  <nestedLevel>2</nestedLevel>
</record>
<record>
  <date>2020-03-19T10:28:10</date>
  <millis>1584593890669</millis>
  <sequence>350</sequence>
  <level>START</level>
  <class>com.kms.katalon.core.logging.XmlKeywordLogger</class>
  <method>startKeyword</method>
  <thread>1</thread>
  <message>Start action : click(findTestObject(\&amp;quot;TD2/Registration and Onboarding/Page_Onboarding/ButtonUserMenu\&amp;quot;))</message>
  <nestedLevel>2</nestedLevel>
  <property name="startLine">122</property>
  <property name="stepIndex">28</property>
  <property name="description">Click on User Menu Button</property>
</record>
<record>
  <date>2020-03-19T10:28:13</date>
  <millis>1584593893399</millis>
  <sequence>361</sequence>
  <level>PASSED</level>
  <class>com.kms.katalon.core.logging.XmlKeywordLogger</class>
  <method>logMessage</method>
  <thread>1</thread>
  <message>Object: &amp;apos;Object Repository/TD2/Registration and Onboarding/Page_Onboarding/ButtonUserMenu&amp;apos; is clicked on</message>
  <nestedLevel>1</nestedLevel>
</record>
<record>
  <date>2020-03-19T10:28:13</date>
  <millis>1584593893400</millis>
  <sequence>362</sequence>
  <level>END</level>
  <class>com.kms.katalon.core.logging.XmlKeywordLogger</class>
  <method>endKeyword</method>
  <thread>1</thread>
  <message>End action : click(findTestObject(\&amp;quot;TD2/Registration and Onboarding/Page_Onboarding/ButtonUserMenu\&amp;quot;))</message>
  <nestedLevel>2</nestedLevel>
</record>
<record>
  <date>2020-03-19T10:28:13</date>
  <millis>1584593893401</millis>
  <sequence>363</sequence>
  <level>START</level>
  <class>com.kms.katalon.core.logging.XmlKeywordLogger</class>
  <method>startKeyword</method>
  <thread>1</thread>
  <message>Start action : click(findTestObject(\&amp;quot;TD2/Registration and Onboarding/Page_Onboarding/ButtonLogout\&amp;quot;))</message>
  <nestedLevel>2</nestedLevel>
  <property name="startLine">125</property>
  <property name="stepIndex">29</property>
  <property name="description">Clicking on Logout Button</property>
</record>
<record>
  <date>2020-03-19T10:28:14</date>
  <millis>1584593894173</millis>
  <sequence>374</sequence>
  <level>PASSED</level>
  <class>com.kms.katalon.core.logging.XmlKeywordLogger</class>
  <method>logMessage</method>
  <thread>1</thread>
  <message>Object: &amp;apos;Object Repository/TD2/Registration and Onboarding/Page_Onboarding/ButtonLogout&amp;apos; is clicked on</message>
  <nestedLevel>1</nestedLevel>
</record>
<record>
  <date>2020-03-19T10:28:14</date>
  <millis>1584593894174</millis>
  <sequence>375</sequence>
  <level>END</level>
  <class>com.kms.katalon.core.logging.XmlKeywordLogger</class>
  <method>endKeyword</method>
  <thread>1</thread>
  <message>End action : click(findTestObject(\&amp;quot;TD2/Registration and Onboarding/Page_Onboarding/ButtonLogout\&amp;quot;))</message>
  <nestedLevel>2</nestedLevel>
</record>
<record>
  <date>2020-03-19T10:28:14</date>
  <millis>1584593894175</millis>
  <sequence>376</sequence>
  <level>END</level>
  <class>com.kms.katalon.core.logging.XmlKeywordLogger</class>
  <method>endKeyword</method>
  <thread>1</thread>
  <message>End action : return strDate</message>
  <nestedLevel>1</nestedLevel>
</record>
<record>
  <date>2020-03-19T10:28:14</date>
  <millis>1584593894175</millis>
  <sequence>377</sequence>
  <level>START</level>
  <class>com.kms.katalon.core.logging.XmlKeywordLogger</class>
  <method>startKeyword</method>
  <thread>1</thread>
  <message>Start action : closeBrowser()</message>
  <nestedLevel>1</nestedLevel>
  <property name="startLine">178</property>
  <property name="stepIndex">7</property>
  <property name="description">Close the Browser</property>
</record>
<record>
  <date>2020-03-19T10:28:14</date>
  <millis>1584593894522</millis>
  <sequence>379</sequence>
  <level>PASSED</level>
  <class>com.kms.katalon.core.logging.XmlKeywordLogger</class>
  <method>logMessage</method>
  <thread>1</thread>
  <message>Browser is closed</message>
  <nestedLevel>1</nestedLevel>
</record>
<record>
  <date>2020-03-19T10:28:14</date>
  <millis>1584593894523</millis>
  <sequence>380</sequence>
  <level>END</level>
  <class>com.kms.katalon.core.logging.XmlKeywordLogger</class>
  <method>endKeyword</method>
  <thread>1</thread>
  <message>End action : closeBrowser()</message>
  <nestedLevel>1</nestedLevel>
</record>
<record>
  <date>2020-03-19T10:28:14</date>
  <millis>1584593894523</millis>
  <sequence>381</sequence>
  <level>PASSED</level>
  <class>com.kms.katalon.core.logging.XmlKeywordLogger</class>
  <method>logMessage</method>
  <thread>1</thread>
  <message>Test Cases/TD2/Signup and OnBoarding/Registration With Different Options for Questions Asked/Questions - Yes - Yes - Yes</message>
  <nestedLevel>1</nestedLevel>
</record>
<record>
  <date>2020-03-19T10:28:14</date>
  <millis>1584593894524</millis>
  <sequence>382</sequence>
  <level>END</level>
  <class>com.kms.katalon.core.logging.XmlKeywordLogger</class>
  <method>endTest</method>
  <thread>1</thread>
  <message>End Test Case : Test Cases/TD2/Signup and OnBoarding/Registration With Different Options for Questions Asked/Questions - Yes - Yes - Yes</message>
  <nestedLevel>0</nestedLevel>
</record>
<record>
  <date>2020-03-19T10:28:14</date>
  <millis>1584593894524</millis>
  <sequence>383</sequence>
  <level>START</level>
  <class>com.kms.katalon.core.logging.XmlKeywordLogger</class>
  <method>startKeyword</method>
  <thread>1</thread>
  <message>Start listener action : exportKatalonReports</message>
  <nestedLevel>0</nestedLevel>
</record>
<record>
  <date>2020-03-19T10:28:14</date>
  <millis>1584593894924</millis>
  <sequence>693</sequence>
  <level>INFO</level>
  <class>com.kms.katalon.core.logging.XmlKeywordLogger</class>
  <method>logMessage</method>
  <thread>1</thread>
  <message>Start generating HTML report folder at: /Users/payalchoksey/Desktop/TD2 - Till CC/Reports/20200319_102709/TD2/Registration and Onboarding/Selecting How to Start the Free Account - Visible and Silent/20200319_102709...</message>
  <nestedLevel>0</nestedLevel>
</record>
<record>
  <date>2020-03-19T10:28:14</date>
  <millis>1584593894971</millis>
  <sequence>694</sequence>
  <level>INFO</level>
  <class>com.kms.katalon.core.logging.XmlKeywordLogger</class>
  <method>logMessage</method>
  <thread>1</thread>
  <message>HTML report generated</message>
  <nestedLevel>0</nestedLevel>
</record>
<record>
  <date>2020-03-19T10:28:14</date>
  <millis>1584593894971</millis>
  <sequence>695</sequence>
  <level>INFO</level>
  <class>com.kms.katalon.core.logging.XmlKeywordLogger</class>
  <method>logMessage</method>
  <thread>1</thread>
  <message>Start generating CSV report folder at: /Users/payalchoksey/Desktop/TD2 - Till CC/Reports/20200319_102709/TD2/Registration and Onboarding/Selecting How to Start the Free Account - Visible and Silent/20200319_102709...</message>
  <nestedLevel>0</nestedLevel>
</record>
<record>
  <date>2020-03-19T10:28:15</date>
  <millis>1584593895019</millis>
  <sequence>696</sequence>
  <level>INFO</level>
  <class>com.kms.katalon.core.logging.XmlKeywordLogger</class>
  <method>logMessage</method>
  <thread>1</thread>
  <message>CSV report generated</message>
  <nestedLevel>0</nestedLevel>
</record>
<record>
  <date>2020-03-19T10:28:15</date>
  <millis>1584593895019</millis>
  <sequence>698</sequence>
  <level>END</level>
  <class>com.kms.katalon.core.logging.XmlKeywordLogger</class>
  <method>endKeyword</method>
  <thread>1</thread>
  <message>End listener action : exportKatalonReports</message>
  <nestedLevel>0</nestedLevel>
</record>
<record>
  <date>2020-03-19T10:28:15</date>
  <millis>1584593895076</millis>
  <sequence>699</sequence>
  <level>END</level>
  <class>com.kms.katalon.core.logging.XmlKeywordLogger</class>
  <method>endSuite</method>
  <thread>1</thread>
  <message>End Test Suite : Test Suites/TD2/Registration and Onboarding/Selecting How to Start the Free Account - Visible and Silent</message>
  <nestedLevel>0</nestedLevel>
</record>
</log>