<?xml version="1.0" encoding="UTF-8" standalone="no"?>
<!DOCTYPE log SYSTEM "logger.dtd">
<log>
<record>
  <date>2020-03-19T10:24:22</date>
  <millis>1584593662606</millis>
  <sequence>0</sequence>
  <level>START</level>
  <class>com.kms.katalon.core.logging.XmlKeywordLogger</class>
  <method>startSuite</method>
  <thread>1</thread>
  <message>Start Test Suite : Test Suites/TD2/Registration and Onboarding/Selecting How to Start the Free Account - Visible and Silent</message>
  <nestedLevel>0</nestedLevel>
  <property name="name">Selecting How to Start the Free Account - Visible and Silent</property>
  <property name="description"></property>
  <property name="id">Test Suites/TD2/Registration and Onboarding/Selecting How to Start the Free Account - Visible and Silent</property>
</record>
<record>
  <date>2020-03-19T10:24:22</date>
  <millis>1584593662644</millis>
  <sequence>1</sequence>
  <level>RUN_DATA</level>
  <class>com.kms.katalon.core.logging.XmlKeywordLogger</class>
  <method>logMessage</method>
  <thread>1</thread>
  <message>hostName = payalchoksey - payals-air</message>
  <nestedLevel>0</nestedLevel>
  <property name="hostName">payalchoksey - payals-air</property>
</record>
<record>
  <date>2020-03-19T10:24:22</date>
  <millis>1584593662645</millis>
  <sequence>2</sequence>
  <level>RUN_DATA</level>
  <class>com.kms.katalon.core.logging.XmlKeywordLogger</class>
  <method>logMessage</method>
  <thread>1</thread>
  <message>os = Mac OS X 64bit</message>
  <nestedLevel>0</nestedLevel>
  <property name="os">Mac OS X 64bit</property>
</record>
<record>
  <date>2020-03-19T10:24:22</date>
  <millis>1584593662645</millis>
  <sequence>3</sequence>
  <level>RUN_DATA</level>
  <class>com.kms.katalon.core.logging.XmlKeywordLogger</class>
  <method>logMessage</method>
  <thread>1</thread>
  <message>hostAddress = 192.168.1.7</message>
  <nestedLevel>0</nestedLevel>
  <property name="hostAddress">192.168.1.7</property>
</record>
<record>
  <date>2020-03-19T10:24:22</date>
  <millis>1584593662649</millis>
  <sequence>4</sequence>
  <level>RUN_DATA</level>
  <class>com.kms.katalon.core.logging.XmlKeywordLogger</class>
  <method>logMessage</method>
  <thread>1</thread>
  <message>katalonVersion = 7.2.1.1</message>
  <nestedLevel>0</nestedLevel>
  <property name="katalonVersion">7.2.1.1</property>
</record>
<record>
  <date>2020-03-19T10:24:23</date>
  <millis>1584593663110</millis>
  <sequence>5</sequence>
  <level>START</level>
  <class>com.kms.katalon.core.logging.XmlKeywordLogger</class>
  <method>startTest</method>
  <thread>1</thread>
  <message>Start Test Case : Test Cases/TD2/General/Opening Browser</message>
  <nestedLevel>1</nestedLevel>
  <property name="name">Test Cases/TD2/General/Opening Browser</property>
  <property name="description">Opening Browser</property>
  <property name="id">Test Cases/TD2/General/Opening Browser</property>
  <property name="source">\\Users\\payalchoksey\\Desktop\\TD2 - Till CC\\Test Cases\\TD2\\General\\Opening Browser.tc</property>
  <property name="tag"></property>
  <property name="isOptional">false</property>
</record>
<record>
  <date>2020-03-19T10:24:23</date>
  <millis>1584593663571</millis>
  <sequence>7</sequence>
  <level>START</level>
  <class>com.kms.katalon.core.logging.XmlKeywordLogger</class>
  <method>startKeyword</method>
  <thread>1</thread>
  <message>Start action : openBrowser(\&amp;quot;\&amp;quot;)</message>
  <nestedLevel>1</nestedLevel>
  <property name="startLine">21</property>
  <property name="stepIndex">1</property>
  <property name="description">Opening Browser</property>
</record>
<record>
  <date>2020-03-19T10:24:24</date>
  <millis>1584593664060</millis>
  <sequence>9</sequence>
  <level>INFO</level>
  <class>com.kms.katalon.core.logging.XmlKeywordLogger</class>
  <method>logMessage</method>
  <thread>1</thread>
  <message>Starting &amp;apos;Chrome&amp;apos; driver</message>
  <nestedLevel>1</nestedLevel>
</record>
<record>
  <date>2020-03-19T10:24:24</date>
  <millis>1584593664107</millis>
  <sequence>11</sequence>
  <level>INFO</level>
  <class>com.kms.katalon.core.logging.XmlKeywordLogger</class>
  <method>logMessage</method>
  <thread>1</thread>
  <message>Action delay is set to 0 seconds</message>
  <nestedLevel>1</nestedLevel>
</record>
<record>
  <date>2020-03-19T10:24:27</date>
  <millis>1584593667306</millis>
  <sequence>13</sequence>
  <level>RUN_DATA</level>
  <class>com.kms.katalon.core.logging.XmlKeywordLogger</class>
  <method>logMessage</method>
  <thread>1</thread>
  <message>sessionId = a1fc59018a65d7d3c1a30491144bc7da</message>
  <nestedLevel>1</nestedLevel>
  <property name="sessionId">a1fc59018a65d7d3c1a30491144bc7da</property>
</record>
<record>
  <date>2020-03-19T10:24:27</date>
  <millis>1584593667400</millis>
  <sequence>14</sequence>
  <level>RUN_DATA</level>
  <class>com.kms.katalon.core.logging.XmlKeywordLogger</class>
  <method>logMessage</method>
  <thread>1</thread>
  <message>browser = Chrome 80.0.3987.149</message>
  <nestedLevel>1</nestedLevel>
  <property name="browser">Chrome 80.0.3987.149</property>
</record>
<record>
  <date>2020-03-19T10:24:27</date>
  <millis>1584593667403</millis>
  <sequence>15</sequence>
  <level>RUN_DATA</level>
  <class>com.kms.katalon.core.logging.XmlKeywordLogger</class>
  <method>logMessage</method>
  <thread>1</thread>
  <message>platform = Mac OS X</message>
  <nestedLevel>1</nestedLevel>
  <property name="platform">Mac OS X</property>
</record>
<record>
  <date>2020-03-19T10:24:27</date>
  <millis>1584593667407</millis>
  <sequence>16</sequence>
  <level>RUN_DATA</level>
  <class>com.kms.katalon.core.logging.XmlKeywordLogger</class>
  <method>logMessage</method>
  <thread>1</thread>
  <message>seleniumVersion = 3.141.59</message>
  <nestedLevel>1</nestedLevel>
  <property name="seleniumVersion">3.141.59</property>
</record>
<record>
  <date>2020-03-19T10:24:27</date>
  <millis>1584593667411</millis>
  <sequence>17</sequence>
  <level>RUN_DATA</level>
  <class>com.kms.katalon.core.logging.XmlKeywordLogger</class>
  <method>logMessage</method>
  <thread>1</thread>
  <message>proxyInformation = ProxyInformation{proxyOption=NO_PROXY, proxyServerType=HTTP, password=, proxyServerAddress=, proxyServerPort=0, executionList=}</message>
  <nestedLevel>1</nestedLevel>
  <property name="proxyInformation">ProxyInformation{proxyOption=NO_PROXY, proxyServerType=HTTP, password=, proxyServerAddress=, proxyServerPort=0, executionList=}</property>
</record>
<record>
  <date>2020-03-19T10:24:27</date>
  <millis>1584593667423</millis>
  <sequence>18</sequence>
  <level>PASSED</level>
  <class>com.kms.katalon.core.logging.XmlKeywordLogger</class>
  <method>logMessage</method>
  <thread>1</thread>
  <message>Browser is opened with url: &amp;apos;&amp;apos;</message>
  <nestedLevel>1</nestedLevel>
</record>
<record>
  <date>2020-03-19T10:24:27</date>
  <millis>1584593667425</millis>
  <sequence>19</sequence>
  <level>END</level>
  <class>com.kms.katalon.core.logging.XmlKeywordLogger</class>
  <method>endKeyword</method>
  <thread>1</thread>
  <message>End action : openBrowser(\&amp;quot;\&amp;quot;)</message>
  <nestedLevel>1</nestedLevel>
</record>
<record>
  <date>2020-03-19T10:24:27</date>
  <millis>1584593667426</millis>
  <sequence>20</sequence>
  <level>START</level>
  <class>com.kms.katalon.core.logging.XmlKeywordLogger</class>
  <method>startKeyword</method>
  <thread>1</thread>
  <message>Start action : navigateToUrl(\&amp;quot;https://2a.timedoctor.com\&amp;quot;)</message>
  <nestedLevel>1</nestedLevel>
  <property name="startLine">24</property>
  <property name="stepIndex">2</property>
  <property name="description">Navigating to TD2 login Page</property>
</record>
<record>
  <date>2020-03-19T10:24:35</date>
  <millis>1584593675019</millis>
  <sequence>23</sequence>
  <level>PASSED</level>
  <class>com.kms.katalon.core.logging.XmlKeywordLogger</class>
  <method>logMessage</method>
  <thread>1</thread>
  <message>Navigate to &amp;apos;https://2a.timedoctor.com&amp;apos; successfully</message>
  <nestedLevel>1</nestedLevel>
</record>
<record>
  <date>2020-03-19T10:24:35</date>
  <millis>1584593675020</millis>
  <sequence>24</sequence>
  <level>END</level>
  <class>com.kms.katalon.core.logging.XmlKeywordLogger</class>
  <method>endKeyword</method>
  <thread>1</thread>
  <message>End action : navigateToUrl(\&amp;quot;https://2a.timedoctor.com\&amp;quot;)</message>
  <nestedLevel>1</nestedLevel>
</record>
<record>
  <date>2020-03-19T10:24:35</date>
  <millis>1584593675021</millis>
  <sequence>25</sequence>
  <level>START</level>
  <class>com.kms.katalon.core.logging.XmlKeywordLogger</class>
  <method>startKeyword</method>
  <thread>1</thread>
  <message>Start action : maximizeWindow()</message>
  <nestedLevel>1</nestedLevel>
  <property name="startLine">27</property>
  <property name="stepIndex">3</property>
  <property name="description">Maximizing Window</property>
</record>
<record>
  <date>2020-03-19T10:24:35</date>
  <millis>1584593675977</millis>
  <sequence>27</sequence>
  <level>PASSED</level>
  <class>com.kms.katalon.core.logging.XmlKeywordLogger</class>
  <method>logMessage</method>
  <thread>1</thread>
  <message>Current window maximized</message>
  <nestedLevel>1</nestedLevel>
</record>
<record>
  <date>2020-03-19T10:24:35</date>
  <millis>1584593675978</millis>
  <sequence>28</sequence>
  <level>END</level>
  <class>com.kms.katalon.core.logging.XmlKeywordLogger</class>
  <method>endKeyword</method>
  <thread>1</thread>
  <message>End action : maximizeWindow()</message>
  <nestedLevel>1</nestedLevel>
</record>
<record>
  <date>2020-03-19T10:24:35</date>
  <millis>1584593675978</millis>
  <sequence>29</sequence>
  <level>PASSED</level>
  <class>com.kms.katalon.core.logging.XmlKeywordLogger</class>
  <method>logMessage</method>
  <thread>1</thread>
  <message>Test Cases/TD2/General/Opening Browser</message>
  <nestedLevel>1</nestedLevel>
</record>
<record>
  <date>2020-03-19T10:24:35</date>
  <millis>1584593675979</millis>
  <sequence>30</sequence>
  <level>END</level>
  <class>com.kms.katalon.core.logging.XmlKeywordLogger</class>
  <method>endTest</method>
  <thread>1</thread>
  <message>End Test Case : Test Cases/TD2/General/Opening Browser</message>
  <nestedLevel>0</nestedLevel>
</record>
<record>
  <date>2020-03-19T10:24:36</date>
  <millis>1584593676005</millis>
  <sequence>31</sequence>
  <level>START</level>
  <class>com.kms.katalon.core.logging.XmlKeywordLogger</class>
  <method>startTest</method>
  <thread>1</thread>
  <message>Start Test Case : Test Cases/TD2/Signup and OnBoarding/Registration With Different Options for Questions Asked/Questions - Yes - Yes - Yes</message>
  <nestedLevel>1</nestedLevel>
  <property name="name">Test Cases/TD2/Signup and OnBoarding/Registration With Different Options for Questions Asked/Questions - Yes - Yes - Yes</property>
  <property name="description">Questions - Yes - Yes - Yes</property>
  <property name="id">Test Cases/TD2/Signup and OnBoarding/Registration With Different Options for Questions Asked/Questions - Yes - Yes - Yes</property>
  <property name="source">\\Users\\payalchoksey\\Desktop\\TD2 - Till CC\\Test Cases\\TD2\\Signup and OnBoarding\\Registration With Different Options for Questions Asked\\Questions - Yes - Yes - Yes.tc</property>
  <property name="tag"></property>
  <property name="isOptional">false</property>
</record>
<record>
  <date>2020-03-19T10:24:36</date>
  <millis>1584593676708</millis>
  <sequence>33</sequence>
  <level>START</level>
  <class>com.kms.katalon.core.logging.XmlKeywordLogger</class>
  <method>startKeyword</method>
  <thread>1</thread>
  <message>Start action : openBrowser(\&amp;quot;\&amp;quot;)</message>
  <nestedLevel>1</nestedLevel>
  <property name="startLine">26</property>
  <property name="stepIndex">1</property>
</record>
<record>
  <date>2020-03-19T10:24:36</date>
  <millis>1584593676713</millis>
  <sequence>34</sequence>
  <level>NOT_RUN</level>
  <class>com.kms.katalon.core.logging.XmlKeywordLogger</class>
  <method>logMessage</method>
  <thread>1</thread>
  <message>NOT_RUN: openBrowser(\&amp;quot;\&amp;quot;)</message>
  <nestedLevel>1</nestedLevel>
</record>
<record>
  <date>2020-03-19T10:24:36</date>
  <millis>1584593676715</millis>
  <sequence>35</sequence>
  <level>END</level>
  <class>com.kms.katalon.core.logging.XmlKeywordLogger</class>
  <method>endKeyword</method>
  <thread>1</thread>
  <message>End action : openBrowser(\&amp;quot;\&amp;quot;)</message>
  <nestedLevel>1</nestedLevel>
</record>
<record>
  <date>2020-03-19T10:24:36</date>
  <millis>1584593676716</millis>
  <sequence>36</sequence>
  <level>START</level>
  <class>com.kms.katalon.core.logging.XmlKeywordLogger</class>
  <method>startKeyword</method>
  <thread>1</thread>
  <message>Start action : maximizeWindow()</message>
  <nestedLevel>1</nestedLevel>
  <property name="startLine">28</property>
  <property name="stepIndex">2</property>
</record>
<record>
  <date>2020-03-19T10:24:36</date>
  <millis>1584593676718</millis>
  <sequence>37</sequence>
  <level>NOT_RUN</level>
  <class>com.kms.katalon.core.logging.XmlKeywordLogger</class>
  <method>logMessage</method>
  <thread>1</thread>
  <message>NOT_RUN: maximizeWindow()</message>
  <nestedLevel>1</nestedLevel>
</record>
<record>
  <date>2020-03-19T10:24:36</date>
  <millis>1584593676719</millis>
  <sequence>38</sequence>
  <level>END</level>
  <class>com.kms.katalon.core.logging.XmlKeywordLogger</class>
  <method>endKeyword</method>
  <thread>1</thread>
  <message>End action : maximizeWindow()</message>
  <nestedLevel>1</nestedLevel>
</record>
<record>
  <date>2020-03-19T10:24:36</date>
  <millis>1584593676719</millis>
  <sequence>39</sequence>
  <level>START</level>
  <class>com.kms.katalon.core.logging.XmlKeywordLogger</class>
  <method>startKeyword</method>
  <thread>1</thread>
  <message>Start action : navigateToUrl(\&amp;quot;www.timedoctor.com\&amp;quot;)</message>
  <nestedLevel>1</nestedLevel>
  <property name="startLine">30</property>
  <property name="stepIndex">3</property>
</record>
<record>
  <date>2020-03-19T10:24:36</date>
  <millis>1584593676721</millis>
  <sequence>40</sequence>
  <level>NOT_RUN</level>
  <class>com.kms.katalon.core.logging.XmlKeywordLogger</class>
  <method>logMessage</method>
  <thread>1</thread>
  <message>NOT_RUN: navigateToUrl(\&amp;quot;www.timedoctor.com\&amp;quot;)</message>
  <nestedLevel>1</nestedLevel>
</record>
<record>
  <date>2020-03-19T10:24:36</date>
  <millis>1584593676721</millis>
  <sequence>41</sequence>
  <level>END</level>
  <class>com.kms.katalon.core.logging.XmlKeywordLogger</class>
  <method>endKeyword</method>
  <thread>1</thread>
  <message>End action : navigateToUrl(\&amp;quot;www.timedoctor.com\&amp;quot;)</message>
  <nestedLevel>1</nestedLevel>
</record>
<record>
  <date>2020-03-19T10:24:36</date>
  <millis>1584593676722</millis>
  <sequence>42</sequence>
  <level>START</level>
  <class>com.kms.katalon.core.logging.XmlKeywordLogger</class>
  <method>startKeyword</method>
  <thread>1</thread>
  <message>Start action : click(findTestObject(\&amp;quot;TD2/Registration and Onboarding/Page_Registration/Register Button\&amp;quot;))</message>
  <nestedLevel>1</nestedLevel>
  <property name="startLine">32</property>
  <property name="stepIndex">4</property>
</record>
<record>
  <date>2020-03-19T10:24:42</date>
  <millis>1584593682562</millis>
  <sequence>53</sequence>
  <level>PASSED</level>
  <class>com.kms.katalon.core.logging.XmlKeywordLogger</class>
  <method>logMessage</method>
  <thread>1</thread>
  <message>Object: &amp;apos;Object Repository/TD2/Registration and Onboarding/Page_Registration/Register Button&amp;apos; is clicked on</message>
  <nestedLevel>1</nestedLevel>
</record>
<record>
  <date>2020-03-19T10:24:42</date>
  <millis>1584593682563</millis>
  <sequence>54</sequence>
  <level>END</level>
  <class>com.kms.katalon.core.logging.XmlKeywordLogger</class>
  <method>endKeyword</method>
  <thread>1</thread>
  <message>End action : click(findTestObject(\&amp;quot;TD2/Registration and Onboarding/Page_Registration/Register Button\&amp;quot;))</message>
  <nestedLevel>1</nestedLevel>
</record>
<record>
  <date>2020-03-19T10:24:42</date>
  <millis>1584593682563</millis>
  <sequence>55</sequence>
  <level>START</level>
  <class>com.kms.katalon.core.logging.XmlKeywordLogger</class>
  <method>startKeyword</method>
  <thread>1</thread>
  <message>Start action : if (verifyElementPresent(findTestObject(\&amp;quot;TD2/Registration and Onboarding/Page_Registration/WebsiteVersion\&amp;quot;), 10, OPTIONAL))</message>
  <nestedLevel>1</nestedLevel>
  <property name="startLine">35</property>
  <property name="stepIndex">5</property>
  <property name="description">Switching from TDC to TD2</property>
</record>
<record>
  <date>2020-03-19T10:24:43</date>
  <millis>1584593683973</millis>
  <sequence>63</sequence>
  <level>PASSED</level>
  <class>com.kms.katalon.core.logging.XmlKeywordLogger</class>
  <method>logMessage</method>
  <thread>1</thread>
  <message>Object &amp;apos;Object Repository/TD2/Registration and Onboarding/Page_Registration/WebsiteVersion&amp;apos; is present</message>
  <nestedLevel>1</nestedLevel>
</record>
<record>
  <date>2020-03-19T10:24:43</date>
  <millis>1584593683974</millis>
  <sequence>64</sequence>
  <level>START</level>
  <class>com.kms.katalon.core.logging.XmlKeywordLogger</class>
  <method>startKeyword</method>
  <thread>1</thread>
  <message>Start action : click(findTestObject(\&amp;quot;TD2/Registration and Onboarding/Page_Registration/SwitchVersion\&amp;quot;))</message>
  <nestedLevel>2</nestedLevel>
  <property name="startLine">36</property>
  <property name="stepIndex">1</property>
</record>
<record>
  <date>2020-03-19T10:24:45</date>
  <millis>1584593685107</millis>
  <sequence>76</sequence>
  <level>ERROR</level>
  <class>com.kms.katalon.core.logging.XmlKeywordLogger</class>
  <method>logMessage</method>
  <thread>1</thread>
  <message>javascript error: Failed to execute &amp;apos;elementsFromPoint&amp;apos; on &amp;apos;Document&amp;apos;: The provided double value is non-finite.\n  (Session info: chrome=80.0.3987.149)\nBuild info: version: &amp;apos;3.141.59&amp;apos;, revision: &amp;apos;e82be7d358&amp;apos;, time: &amp;apos;2018-11-14T08:25:53&amp;apos;\nSystem info: host: &amp;apos;payals-air&amp;apos;, ip: &amp;apos;fe80:0:0:0:1c54:7313:354:3ba5%en0&amp;apos;, os.name: &amp;apos;Mac OS X&amp;apos;, os.arch: &amp;apos;x86_64&amp;apos;, os.version: &amp;apos;10.15.3&amp;apos;, java.version: &amp;apos;1.8.0_181&amp;apos;\nDriver info: com.kms.katalon.selenium.driver.CChromeDriver\nCapabilities {acceptInsecureCerts: false, browserName: chrome, browserVersion: 80.0.3987.149, chrome: {chromedriverVersion: 79.0.3945.36 (3582db32b3389..., userDataDir: /var/folders/y0/2h8rty_s349...}, goog:chromeOptions: {debuggerAddress: localhost:51021}, javascriptEnabled: true, networkConnectionEnabled: false, pageLoadStrategy: normal, platform: MAC, platformName: MAC, proxy: Proxy(), setWindowRect: true, strictFileInteractability: false, timeouts: {implicit: 0, pageLoad: 300000, script: 30000}, unhandledPromptBehavior: dismiss and notify}\nSession ID: a1fc59018a65d7d3c1a30491144bc7da</message>
  <nestedLevel>1</nestedLevel>
</record>
<record>
  <date>2020-03-19T10:25:15</date>
  <millis>1584593715567</millis>
  <sequence>78</sequence>
  <level>ERROR</level>
  <class>com.kms.katalon.core.logging.XmlKeywordLogger</class>
  <method>logMessage</method>
  <thread>1</thread>
  <message>javascript error: Failed to execute &amp;apos;elementsFromPoint&amp;apos; on &amp;apos;Document&amp;apos;: The provided double value is non-finite.\n  (Session info: chrome=80.0.3987.149)\nBuild info: version: &amp;apos;3.141.59&amp;apos;, revision: &amp;apos;e82be7d358&amp;apos;, time: &amp;apos;2018-11-14T08:25:53&amp;apos;\nSystem info: host: &amp;apos;payals-air&amp;apos;, ip: &amp;apos;fe80:0:0:0:1c54:7313:354:3ba5%en0&amp;apos;, os.name: &amp;apos;Mac OS X&amp;apos;, os.arch: &amp;apos;x86_64&amp;apos;, os.version: &amp;apos;10.15.3&amp;apos;, java.version: &amp;apos;1.8.0_181&amp;apos;\nDriver info: com.kms.katalon.selenium.driver.CChromeDriver\nCapabilities {acceptInsecureCerts: false, browserName: chrome, browserVersion: 80.0.3987.149, chrome: {chromedriverVersion: 79.0.3945.36 (3582db32b3389..., userDataDir: /var/folders/y0/2h8rty_s349...}, goog:chromeOptions: {debuggerAddress: localhost:51021}, javascriptEnabled: true, networkConnectionEnabled: false, pageLoadStrategy: normal, platform: MAC, platformName: MAC, proxy: Proxy(), setWindowRect: true, strictFileInteractability: false, timeouts: {implicit: 0, pageLoad: 300000, script: 30000}, unhandledPromptBehavior: dismiss and notify}\nSession ID: a1fc59018a65d7d3c1a30491144bc7da</message>
  <nestedLevel>1</nestedLevel>
</record>
<record>
  <date>2020-03-19T10:25:15</date>
  <millis>1584593715606</millis>
  <sequence>79</sequence>
  <level>PASSED</level>
  <class>com.kms.katalon.core.logging.XmlKeywordLogger</class>
  <method>logMessage</method>
  <thread>1</thread>
  <message>Object: &amp;apos;Object Repository/TD2/Registration and Onboarding/Page_Registration/SwitchVersion&amp;apos; is clicked on</message>
  <nestedLevel>1</nestedLevel>
</record>
<record>
  <date>2020-03-19T10:25:15</date>
  <millis>1584593715606</millis>
  <sequence>80</sequence>
  <level>END</level>
  <class>com.kms.katalon.core.logging.XmlKeywordLogger</class>
  <method>endKeyword</method>
  <thread>1</thread>
  <message>End action : click(findTestObject(\&amp;quot;TD2/Registration and Onboarding/Page_Registration/SwitchVersion\&amp;quot;))</message>
  <nestedLevel>2</nestedLevel>
</record>
<record>
  <date>2020-03-19T10:25:15</date>
  <millis>1584593715607</millis>
  <sequence>81</sequence>
  <level>END</level>
  <class>com.kms.katalon.core.logging.XmlKeywordLogger</class>
  <method>endKeyword</method>
  <thread>1</thread>
  <message>End action : if (verifyElementPresent(findTestObject(\&amp;quot;TD2/Registration and Onboarding/Page_Registration/WebsiteVersion\&amp;quot;), 10, OPTIONAL))</message>
  <nestedLevel>1</nestedLevel>
</record>
<record>
  <date>2020-03-19T10:25:15</date>
  <millis>1584593715607</millis>
  <sequence>82</sequence>
  <level>START</level>
  <class>com.kms.katalon.core.logging.XmlKeywordLogger</class>
  <method>startKeyword</method>
  <thread>1</thread>
  <message>Start action : if (verifyElementPresent(findTestObject(\&amp;quot;TD2/Registration and Onboarding/Page_Registration/ButtonYes\&amp;quot;), 10, OPTIONAL))</message>
  <nestedLevel>1</nestedLevel>
  <property name="startLine">40</property>
  <property name="stepIndex">6</property>
  <property name="description"> Handing the questions with Yes Yes Yes options</property>
</record>
<record>
  <date>2020-03-19T10:25:15</date>
  <millis>1584593715946</millis>
  <sequence>90</sequence>
  <level>PASSED</level>
  <class>com.kms.katalon.core.logging.XmlKeywordLogger</class>
  <method>logMessage</method>
  <thread>1</thread>
  <message>Object &amp;apos;Object Repository/TD2/Registration and Onboarding/Page_Registration/ButtonYes&amp;apos; is present</message>
  <nestedLevel>1</nestedLevel>
</record>
<record>
  <date>2020-03-19T10:25:15</date>
  <millis>1584593715946</millis>
  <sequence>91</sequence>
  <level>START</level>
  <class>com.kms.katalon.core.logging.XmlKeywordLogger</class>
  <method>startKeyword</method>
  <thread>1</thread>
  <message>Start action : click(findTestObject(\&amp;quot;TD2/Registration and Onboarding/Page_Registration/ButtonYes\&amp;quot;))</message>
  <nestedLevel>2</nestedLevel>
  <property name="startLine">41</property>
  <property name="stepIndex">1</property>
</record>
<record>
  <date>2020-03-19T10:25:16</date>
  <millis>1584593716375</millis>
  <sequence>102</sequence>
  <level>PASSED</level>
  <class>com.kms.katalon.core.logging.XmlKeywordLogger</class>
  <method>logMessage</method>
  <thread>1</thread>
  <message>Object: &amp;apos;Object Repository/TD2/Registration and Onboarding/Page_Registration/ButtonYes&amp;apos; is clicked on</message>
  <nestedLevel>1</nestedLevel>
</record>
<record>
  <date>2020-03-19T10:25:16</date>
  <millis>1584593716376</millis>
  <sequence>103</sequence>
  <level>END</level>
  <class>com.kms.katalon.core.logging.XmlKeywordLogger</class>
  <method>endKeyword</method>
  <thread>1</thread>
  <message>End action : click(findTestObject(\&amp;quot;TD2/Registration and Onboarding/Page_Registration/ButtonYes\&amp;quot;))</message>
  <nestedLevel>2</nestedLevel>
</record>
<record>
  <date>2020-03-19T10:25:16</date>
  <millis>1584593716376</millis>
  <sequence>104</sequence>
  <level>START</level>
  <class>com.kms.katalon.core.logging.XmlKeywordLogger</class>
  <method>startKeyword</method>
  <thread>1</thread>
  <message>Start action : click(findTestObject(\&amp;quot;TD2/Registration and Onboarding/Page_Registration/ButtonYes2\&amp;quot;))</message>
  <nestedLevel>2</nestedLevel>
  <property name="startLine">43</property>
  <property name="stepIndex">2</property>
</record>
<record>
  <date>2020-03-19T10:25:16</date>
  <millis>1584593716915</millis>
  <sequence>115</sequence>
  <level>PASSED</level>
  <class>com.kms.katalon.core.logging.XmlKeywordLogger</class>
  <method>logMessage</method>
  <thread>1</thread>
  <message>Object: &amp;apos;Object Repository/TD2/Registration and Onboarding/Page_Registration/ButtonYes2&amp;apos; is clicked on</message>
  <nestedLevel>1</nestedLevel>
</record>
<record>
  <date>2020-03-19T10:25:16</date>
  <millis>1584593716916</millis>
  <sequence>116</sequence>
  <level>END</level>
  <class>com.kms.katalon.core.logging.XmlKeywordLogger</class>
  <method>endKeyword</method>
  <thread>1</thread>
  <message>End action : click(findTestObject(\&amp;quot;TD2/Registration and Onboarding/Page_Registration/ButtonYes2\&amp;quot;))</message>
  <nestedLevel>2</nestedLevel>
</record>
<record>
  <date>2020-03-19T10:25:16</date>
  <millis>1584593716916</millis>
  <sequence>117</sequence>
  <level>START</level>
  <class>com.kms.katalon.core.logging.XmlKeywordLogger</class>
  <method>startKeyword</method>
  <thread>1</thread>
  <message>Start action : click(findTestObject(\&amp;quot;TD2/Registration and Onboarding/Page_Registration/ButtonYes3\&amp;quot;))</message>
  <nestedLevel>2</nestedLevel>
  <property name="startLine">45</property>
  <property name="stepIndex">3</property>
</record>
<record>
  <date>2020-03-19T10:25:18</date>
  <millis>1584593718516</millis>
  <sequence>128</sequence>
  <level>PASSED</level>
  <class>com.kms.katalon.core.logging.XmlKeywordLogger</class>
  <method>logMessage</method>
  <thread>1</thread>
  <message>Object: &amp;apos;Object Repository/TD2/Registration and Onboarding/Page_Registration/ButtonYes3&amp;apos; is clicked on</message>
  <nestedLevel>1</nestedLevel>
</record>
<record>
  <date>2020-03-19T10:25:18</date>
  <millis>1584593718517</millis>
  <sequence>129</sequence>
  <level>END</level>
  <class>com.kms.katalon.core.logging.XmlKeywordLogger</class>
  <method>endKeyword</method>
  <thread>1</thread>
  <message>End action : click(findTestObject(\&amp;quot;TD2/Registration and Onboarding/Page_Registration/ButtonYes3\&amp;quot;))</message>
  <nestedLevel>2</nestedLevel>
</record>
<record>
  <date>2020-03-19T10:25:18</date>
  <millis>1584593718517</millis>
  <sequence>130</sequence>
  <level>START</level>
  <class>com.kms.katalon.core.logging.XmlKeywordLogger</class>
  <method>startKeyword</method>
  <thread>1</thread>
  <message>Start action : click(findTestObject(\&amp;quot;TD2/Registration and Onboarding/Page_Registration/RadioAccountOption\&amp;quot;))</message>
  <nestedLevel>2</nestedLevel>
  <property name="startLine">47</property>
  <property name="stepIndex">4</property>
</record>
<record>
  <date>2020-03-19T10:25:19</date>
  <millis>1584593719040</millis>
  <sequence>141</sequence>
  <level>PASSED</level>
  <class>com.kms.katalon.core.logging.XmlKeywordLogger</class>
  <method>logMessage</method>
  <thread>1</thread>
  <message>Object: &amp;apos;Object Repository/TD2/Registration and Onboarding/Page_Registration/RadioAccountOption&amp;apos; is clicked on</message>
  <nestedLevel>1</nestedLevel>
</record>
<record>
  <date>2020-03-19T10:25:19</date>
  <millis>1584593719043</millis>
  <sequence>142</sequence>
  <level>END</level>
  <class>com.kms.katalon.core.logging.XmlKeywordLogger</class>
  <method>endKeyword</method>
  <thread>1</thread>
  <message>End action : click(findTestObject(\&amp;quot;TD2/Registration and Onboarding/Page_Registration/RadioAccountOption\&amp;quot;))</message>
  <nestedLevel>2</nestedLevel>
</record>
<record>
  <date>2020-03-19T10:25:19</date>
  <millis>1584593719044</millis>
  <sequence>143</sequence>
  <level>START</level>
  <class>com.kms.katalon.core.logging.XmlKeywordLogger</class>
  <method>startKeyword</method>
  <thread>1</thread>
  <message>Start action : click(findTestObject(\&amp;quot;TD2/Registration and Onboarding/Page_Onboarding/RadioButtonVisible\&amp;quot;))</message>
  <nestedLevel>2</nestedLevel>
  <property name="startLine">49</property>
  <property name="stepIndex">5</property>
</record>
<record>
  <date>2020-03-19T10:25:19</date>
  <millis>1584593719046</millis>
  <sequence>144</sequence>
  <level>NOT_RUN</level>
  <class>com.kms.katalon.core.logging.XmlKeywordLogger</class>
  <method>logMessage</method>
  <thread>1</thread>
  <message>NOT_RUN: click(findTestObject(\&amp;quot;TD2/Registration and Onboarding/Page_Onboarding/RadioButtonVisible\&amp;quot;))</message>
  <nestedLevel>1</nestedLevel>
</record>
<record>
  <date>2020-03-19T10:25:19</date>
  <millis>1584593719078</millis>
  <sequence>145</sequence>
  <level>END</level>
  <class>com.kms.katalon.core.logging.XmlKeywordLogger</class>
  <method>endKeyword</method>
  <thread>1</thread>
  <message>End action : click(findTestObject(\&amp;quot;TD2/Registration and Onboarding/Page_Onboarding/RadioButtonVisible\&amp;quot;))</message>
  <nestedLevel>2</nestedLevel>
</record>
<record>
  <date>2020-03-19T10:25:19</date>
  <millis>1584593719078</millis>
  <sequence>146</sequence>
  <level>START</level>
  <class>com.kms.katalon.core.logging.XmlKeywordLogger</class>
  <method>startKeyword</method>
  <thread>1</thread>
  <message>Start action : click(findTestObject(\&amp;quot;TD2/Registration and Onboarding/Page_Registration/ButtonContinue\&amp;quot;))</message>
  <nestedLevel>2</nestedLevel>
  <property name="startLine">52</property>
  <property name="stepIndex">6</property>
  <property name="description">Clicking to Continue</property>
</record>
<record>
  <date>2020-03-19T10:25:19</date>
  <millis>1584593719669</millis>
  <sequence>157</sequence>
  <level>PASSED</level>
  <class>com.kms.katalon.core.logging.XmlKeywordLogger</class>
  <method>logMessage</method>
  <thread>1</thread>
  <message>Object: &amp;apos;Object Repository/TD2/Registration and Onboarding/Page_Registration/ButtonContinue&amp;apos; is clicked on</message>
  <nestedLevel>1</nestedLevel>
</record>
<record>
  <date>2020-03-19T10:25:19</date>
  <millis>1584593719669</millis>
  <sequence>158</sequence>
  <level>END</level>
  <class>com.kms.katalon.core.logging.XmlKeywordLogger</class>
  <method>endKeyword</method>
  <thread>1</thread>
  <message>End action : click(findTestObject(\&amp;quot;TD2/Registration and Onboarding/Page_Registration/ButtonContinue\&amp;quot;))</message>
  <nestedLevel>2</nestedLevel>
</record>
<record>
  <date>2020-03-19T10:25:19</date>
  <millis>1584593719670</millis>
  <sequence>159</sequence>
  <level>START</level>
  <class>com.kms.katalon.core.logging.XmlKeywordLogger</class>
  <method>startKeyword</method>
  <thread>1</thread>
  <message>Start action : setText(findTestObject(\&amp;quot;TD2/Registration and Onboarding/Page_Registration/InputName\&amp;quot;), \&amp;quot;Payal\&amp;quot;)</message>
  <nestedLevel>2</nestedLevel>
  <property name="startLine">55</property>
  <property name="stepIndex">7</property>
  <property name="description">Entering the Name</property>
</record>
<record>
  <date>2020-03-19T10:25:20</date>
  <millis>1584593720783</millis>
  <sequence>170</sequence>
  <level>PASSED</level>
  <class>com.kms.katalon.core.logging.XmlKeywordLogger</class>
  <method>logMessage</method>
  <thread>1</thread>
  <message>Text &amp;apos;Payal&amp;apos; is set on object &amp;apos;Object Repository/TD2/Registration and Onboarding/Page_Registration/InputName&amp;apos;</message>
  <nestedLevel>1</nestedLevel>
</record>
<record>
  <date>2020-03-19T10:25:20</date>
  <millis>1584593720784</millis>
  <sequence>171</sequence>
  <level>END</level>
  <class>com.kms.katalon.core.logging.XmlKeywordLogger</class>
  <method>endKeyword</method>
  <thread>1</thread>
  <message>End action : setText(findTestObject(\&amp;quot;TD2/Registration and Onboarding/Page_Registration/InputName\&amp;quot;), \&amp;quot;Payal\&amp;quot;)</message>
  <nestedLevel>2</nestedLevel>
</record>
<record>
  <date>2020-03-19T10:25:20</date>
  <millis>1584593720785</millis>
  <sequence>172</sequence>
  <level>START</level>
  <class>com.kms.katalon.core.logging.XmlKeywordLogger</class>
  <method>startKeyword</method>
  <thread>1</thread>
  <message>Start action : setText(findTestObject(\&amp;quot;TD2/Registration and Onboarding/Page_Registration/InputCompanyEmail\&amp;quot;), \&amp;quot;payal+qw4@timedoctor.com\&amp;quot;)</message>
  <nestedLevel>2</nestedLevel>
  <property name="startLine">57</property>
  <property name="stepIndex">8</property>
</record>
<record>
  <date>2020-03-19T10:25:20</date>
  <millis>1584593720786</millis>
  <sequence>173</sequence>
  <level>NOT_RUN</level>
  <class>com.kms.katalon.core.logging.XmlKeywordLogger</class>
  <method>logMessage</method>
  <thread>1</thread>
  <message>NOT_RUN: setText(findTestObject(\&amp;quot;TD2/Registration and Onboarding/Page_Registration/InputCompanyEmail\&amp;quot;), \&amp;quot;payal+qw4@timedoctor.com\&amp;quot;)</message>
  <nestedLevel>1</nestedLevel>
</record>
<record>
  <date>2020-03-19T10:25:20</date>
  <millis>1584593720787</millis>
  <sequence>174</sequence>
  <level>END</level>
  <class>com.kms.katalon.core.logging.XmlKeywordLogger</class>
  <method>endKeyword</method>
  <thread>1</thread>
  <message>End action : setText(findTestObject(\&amp;quot;TD2/Registration and Onboarding/Page_Registration/InputCompanyEmail\&amp;quot;), \&amp;quot;payal+qw4@timedoctor.com\&amp;quot;)</message>
  <nestedLevel>2</nestedLevel>
</record>
<record>
  <date>2020-03-19T10:25:20</date>
  <millis>1584593720787</millis>
  <sequence>175</sequence>
  <level>START</level>
  <class>com.kms.katalon.core.logging.XmlKeywordLogger</class>
  <method>startKeyword</method>
  <thread>1</thread>
  <message>Start action : driver = getWebDriver()</message>
  <nestedLevel>2</nestedLevel>
  <property name="startLine">59</property>
  <property name="stepIndex">9</property>
</record>
<record>
  <date>2020-03-19T10:25:20</date>
  <millis>1584593720802</millis>
  <sequence>176</sequence>
  <level>END</level>
  <class>com.kms.katalon.core.logging.XmlKeywordLogger</class>
  <method>endKeyword</method>
  <thread>1</thread>
  <message>End action : driver = getWebDriver()</message>
  <nestedLevel>2</nestedLevel>
</record>
<record>
  <date>2020-03-19T10:25:20</date>
  <millis>1584593720802</millis>
  <sequence>177</sequence>
  <level>START</level>
  <class>com.kms.katalon.core.logging.XmlKeywordLogger</class>
  <method>startKeyword</method>
  <thread>1</thread>
  <message>Start action : emailAddress = \&amp;quot;payal+\&amp;quot; + getDateTime() + \&amp;quot;@timedoctor.com\&amp;quot;</message>
  <nestedLevel>2</nestedLevel>
  <property name="startLine">62</property>
  <property name="stepIndex">10</property>
  <property name="description">Generate unique email address</property>
</record>
<record>
  <date>2020-03-19T10:25:20</date>
  <millis>1584593720805</millis>
  <sequence>178</sequence>
  <level>END</level>
  <class>com.kms.katalon.core.logging.XmlKeywordLogger</class>
  <method>endKeyword</method>
  <thread>1</thread>
  <message>End action : emailAddress = \&amp;quot;payal+\&amp;quot; + getDateTime() + \&amp;quot;@timedoctor.com\&amp;quot;</message>
  <nestedLevel>2</nestedLevel>
</record>
<record>
  <date>2020-03-19T10:25:20</date>
  <millis>1584593720806</millis>
  <sequence>179</sequence>
  <level>END</level>
  <class>com.kms.katalon.core.logging.XmlKeywordLogger</class>
  <method>endKeyword</method>
  <thread>1</thread>
  <message>End action : if (verifyElementPresent(findTestObject(\&amp;quot;TD2/Registration and Onboarding/Page_Registration/ButtonYes\&amp;quot;), 10, OPTIONAL))</message>
  <nestedLevel>1</nestedLevel>
</record>
<record>
  <date>2020-03-19T10:25:20</date>
  <millis>1584593720806</millis>
  <sequence>180</sequence>
  <level>START</level>
  <class>com.kms.katalon.core.logging.XmlKeywordLogger</class>
  <method>startKeyword</method>
  <thread>1</thread>
  <message>Start action : nowDateTime = new java.text.SimpleDateFormat(yyMMddHHmmss)</message>
  <nestedLevel>1</nestedLevel>
  <property name="startLine">180</property>
  <property name="stepIndex">1</property>
</record>
<record>
  <date>2020-03-19T10:25:20</date>
  <millis>1584593720823</millis>
  <sequence>181</sequence>
  <level>END</level>
  <class>com.kms.katalon.core.logging.XmlKeywordLogger</class>
  <method>endKeyword</method>
  <thread>1</thread>
  <message>End action : nowDateTime = new java.text.SimpleDateFormat(yyMMddHHmmss)</message>
  <nestedLevel>1</nestedLevel>
</record>
<record>
  <date>2020-03-19T10:25:20</date>
  <millis>1584593720823</millis>
  <sequence>182</sequence>
  <level>START</level>
  <class>com.kms.katalon.core.logging.XmlKeywordLogger</class>
  <method>startKeyword</method>
  <thread>1</thread>
  <message>Start action : now = new java.util.Date()</message>
  <nestedLevel>1</nestedLevel>
  <property name="startLine">182</property>
  <property name="stepIndex">2</property>
</record>
<record>
  <date>2020-03-19T10:25:20</date>
  <millis>1584593720828</millis>
  <sequence>183</sequence>
  <level>END</level>
  <class>com.kms.katalon.core.logging.XmlKeywordLogger</class>
  <method>endKeyword</method>
  <thread>1</thread>
  <message>End action : now = new java.util.Date()</message>
  <nestedLevel>1</nestedLevel>
</record>
<record>
  <date>2020-03-19T10:25:20</date>
  <millis>1584593720829</millis>
  <sequence>184</sequence>
  <level>START</level>
  <class>com.kms.katalon.core.logging.XmlKeywordLogger</class>
  <method>startKeyword</method>
  <thread>1</thread>
  <message>Start action : strDate = nowDateTime.format(now)</message>
  <nestedLevel>1</nestedLevel>
  <property name="startLine">184</property>
  <property name="stepIndex">3</property>
</record>
<record>
  <date>2020-03-19T10:25:20</date>
  <millis>1584593720830</millis>
  <sequence>185</sequence>
  <level>END</level>
  <class>com.kms.katalon.core.logging.XmlKeywordLogger</class>
  <method>endKeyword</method>
  <thread>1</thread>
  <message>End action : strDate = nowDateTime.format(now)</message>
  <nestedLevel>1</nestedLevel>
</record>
<record>
  <date>2020-03-19T10:25:20</date>
  <millis>1584593720831</millis>
  <sequence>186</sequence>
  <level>START</level>
  <class>com.kms.katalon.core.logging.XmlKeywordLogger</class>
  <method>startKeyword</method>
  <thread>1</thread>
  <message>Start action : return strDate</message>
  <nestedLevel>1</nestedLevel>
  <property name="startLine">186</property>
  <property name="stepIndex">4</property>
</record>
<record>
  <date>2020-03-19T10:25:20</date>
  <millis>1584593720832</millis>
  <sequence>187</sequence>
  <level>START</level>
  <class>com.kms.katalon.core.logging.XmlKeywordLogger</class>
  <method>startKeyword</method>
  <thread>1</thread>
  <message>Start action : waitForElementVisible(findTestObject(\&amp;quot;TD2/Registration and Onboarding/Page_Registration/InputCompanyEmail\&amp;quot;), 10)</message>
  <nestedLevel>2</nestedLevel>
  <property name="startLine">65</property>
  <property name="stepIndex">11</property>
  <property name="description">Wait for email field to be visible, max waiting time 60 seconds</property>
</record>
<record>
  <date>2020-03-19T10:25:21</date>
  <millis>1584593721411</millis>
  <sequence>196</sequence>
  <level>PASSED</level>
  <class>com.kms.katalon.core.logging.XmlKeywordLogger</class>
  <method>logMessage</method>
  <thread>1</thread>
  <message>Object &amp;apos;Object Repository/TD2/Registration and Onboarding/Page_Registration/InputCompanyEmail&amp;apos; is visible</message>
  <nestedLevel>1</nestedLevel>
</record>
<record>
  <date>2020-03-19T10:25:21</date>
  <millis>1584593721412</millis>
  <sequence>197</sequence>
  <level>END</level>
  <class>com.kms.katalon.core.logging.XmlKeywordLogger</class>
  <method>endKeyword</method>
  <thread>1</thread>
  <message>End action : waitForElementVisible(findTestObject(\&amp;quot;TD2/Registration and Onboarding/Page_Registration/InputCompanyEmail\&amp;quot;), 10)</message>
  <nestedLevel>2</nestedLevel>
</record>
<record>
  <date>2020-03-19T10:25:21</date>
  <millis>1584593721413</millis>
  <sequence>198</sequence>
  <level>START</level>
  <class>com.kms.katalon.core.logging.XmlKeywordLogger</class>
  <method>startKeyword</method>
  <thread>1</thread>
  <message>Start action : setText(findTestObject(\&amp;quot;TD2/Registration and Onboarding/Page_Registration/InputCompanyEmail\&amp;quot;), emailAddress)</message>
  <nestedLevel>2</nestedLevel>
  <property name="startLine">68</property>
  <property name="stepIndex">12</property>
  <property name="description">Input generated unique email address to email field</property>
</record>
<record>
  <date>2020-03-19T10:25:22</date>
  <millis>1584593722401</millis>
  <sequence>209</sequence>
  <level>PASSED</level>
  <class>com.kms.katalon.core.logging.XmlKeywordLogger</class>
  <method>logMessage</method>
  <thread>1</thread>
  <message>Text &amp;apos;payal+200319102520@timedoctor.com&amp;apos; is set on object &amp;apos;Object Repository/TD2/Registration and Onboarding/Page_Registration/InputCompanyEmail&amp;apos;</message>
  <nestedLevel>1</nestedLevel>
</record>
<record>
  <date>2020-03-19T10:25:22</date>
  <millis>1584593722401</millis>
  <sequence>210</sequence>
  <level>END</level>
  <class>com.kms.katalon.core.logging.XmlKeywordLogger</class>
  <method>endKeyword</method>
  <thread>1</thread>
  <message>End action : setText(findTestObject(\&amp;quot;TD2/Registration and Onboarding/Page_Registration/InputCompanyEmail\&amp;quot;), emailAddress)</message>
  <nestedLevel>2</nestedLevel>
</record>
<record>
  <date>2020-03-19T10:25:22</date>
  <millis>1584593722401</millis>
  <sequence>211</sequence>
  <level>START</level>
  <class>com.kms.katalon.core.logging.XmlKeywordLogger</class>
  <method>startKeyword</method>
  <thread>1</thread>
  <message>Start action : setEncryptedText(findTestObject(\&amp;quot;TD2/Registration and Onboarding/Page_Registration/InputPassword\&amp;quot;), \&amp;quot;Px/nOzMEHWxU8lgHigNsmA==\&amp;quot;)</message>
  <nestedLevel>2</nestedLevel>
  <property name="startLine">71</property>
  <property name="stepIndex">13</property>
  <property name="description">Enter the password</property>
</record>
<record>
  <date>2020-03-19T10:25:23</date>
  <millis>1584593723302</millis>
  <sequence>222</sequence>
  <level>PASSED</level>
  <class>com.kms.katalon.core.logging.XmlKeywordLogger</class>
  <method>logMessage</method>
  <thread>1</thread>
  <message>Text ****** has been set on object &amp;apos;Object Repository/TD2/Registration and Onboarding/Page_Registration/InputPassword&amp;apos;</message>
  <nestedLevel>1</nestedLevel>
</record>
<record>
  <date>2020-03-19T10:25:23</date>
  <millis>1584593723303</millis>
  <sequence>223</sequence>
  <level>END</level>
  <class>com.kms.katalon.core.logging.XmlKeywordLogger</class>
  <method>endKeyword</method>
  <thread>1</thread>
  <message>End action : setEncryptedText(findTestObject(\&amp;quot;TD2/Registration and Onboarding/Page_Registration/InputPassword\&amp;quot;), \&amp;quot;Px/nOzMEHWxU8lgHigNsmA==\&amp;quot;)</message>
  <nestedLevel>2</nestedLevel>
</record>
<record>
  <date>2020-03-19T10:25:23</date>
  <millis>1584593723303</millis>
  <sequence>224</sequence>
  <level>START</level>
  <class>com.kms.katalon.core.logging.XmlKeywordLogger</class>
  <method>startKeyword</method>
  <thread>1</thread>
  <message>Start action : click(findTestObject(\&amp;quot;TD2/Registration and Onboarding/Page_Registration/ButtonTestItOut\&amp;quot;))</message>
  <nestedLevel>2</nestedLevel>
  <property name="startLine">74</property>
  <property name="stepIndex">14</property>
  <property name="description">Click on ButtonTestItOut</property>
</record>
<record>
  <date>2020-03-19T10:25:23</date>
  <millis>1584593723931</millis>
  <sequence>235</sequence>
  <level>PASSED</level>
  <class>com.kms.katalon.core.logging.XmlKeywordLogger</class>
  <method>logMessage</method>
  <thread>1</thread>
  <message>Object: &amp;apos;Object Repository/TD2/Registration and Onboarding/Page_Registration/ButtonTestItOut&amp;apos; is clicked on</message>
  <nestedLevel>1</nestedLevel>
</record>
<record>
  <date>2020-03-19T10:25:23</date>
  <millis>1584593723932</millis>
  <sequence>236</sequence>
  <level>END</level>
  <class>com.kms.katalon.core.logging.XmlKeywordLogger</class>
  <method>endKeyword</method>
  <thread>1</thread>
  <message>End action : click(findTestObject(\&amp;quot;TD2/Registration and Onboarding/Page_Registration/ButtonTestItOut\&amp;quot;))</message>
  <nestedLevel>2</nestedLevel>
</record>
<record>
  <date>2020-03-19T10:25:23</date>
  <millis>1584593723933</millis>
  <sequence>237</sequence>
  <level>START</level>
  <class>com.kms.katalon.core.logging.XmlKeywordLogger</class>
  <method>startKeyword</method>
  <thread>1</thread>
  <message>Start action : delay(10)</message>
  <nestedLevel>2</nestedLevel>
  <property name="startLine">76</property>
  <property name="stepIndex">15</property>
</record>
<record>
  <date>2020-03-19T10:25:33</date>
  <millis>1584593733967</millis>
  <sequence>239</sequence>
  <level>PASSED</level>
  <class>com.kms.katalon.core.logging.XmlKeywordLogger</class>
  <method>logMessage</method>
  <thread>1</thread>
  <message>Delayed 10 second(s)</message>
  <nestedLevel>1</nestedLevel>
</record>
<record>
  <date>2020-03-19T10:25:33</date>
  <millis>1584593733968</millis>
  <sequence>240</sequence>
  <level>END</level>
  <class>com.kms.katalon.core.logging.XmlKeywordLogger</class>
  <method>endKeyword</method>
  <thread>1</thread>
  <message>End action : delay(10)</message>
  <nestedLevel>2</nestedLevel>
</record>
<record>
  <date>2020-03-19T10:25:33</date>
  <millis>1584593733969</millis>
  <sequence>241</sequence>
  <level>START</level>
  <class>com.kms.katalon.core.logging.XmlKeywordLogger</class>
  <method>startKeyword</method>
  <thread>1</thread>
  <message>Start action : click(findTestObject(\&amp;quot;TD2/Registration and Onboarding/Page_Onboarding/span_No I like paying\&amp;quot;))</message>
  <nestedLevel>2</nestedLevel>
  <property name="startLine">79</property>
  <property name="stepIndex">16</property>
  <property name="description">Click on No I like to Pay</property>
</record>
<record>
  <date>2020-03-19T10:25:41</date>
  <millis>1584593741505</millis>
  <sequence>252</sequence>
  <level>PASSED</level>
  <class>com.kms.katalon.core.logging.XmlKeywordLogger</class>
  <method>logMessage</method>
  <thread>1</thread>
  <message>Object: &amp;apos;Object Repository/TD2/Registration and Onboarding/Page_Onboarding/span_No I like paying&amp;apos; is clicked on</message>
  <nestedLevel>1</nestedLevel>
</record>
<record>
  <date>2020-03-19T10:25:41</date>
  <millis>1584593741506</millis>
  <sequence>253</sequence>
  <level>END</level>
  <class>com.kms.katalon.core.logging.XmlKeywordLogger</class>
  <method>endKeyword</method>
  <thread>1</thread>
  <message>End action : click(findTestObject(\&amp;quot;TD2/Registration and Onboarding/Page_Onboarding/span_No I like paying\&amp;quot;))</message>
  <nestedLevel>2</nestedLevel>
</record>
<record>
  <date>2020-03-19T10:25:41</date>
  <millis>1584593741507</millis>
  <sequence>254</sequence>
  <level>START</level>
  <class>com.kms.katalon.core.logging.XmlKeywordLogger</class>
  <method>startKeyword</method>
  <thread>1</thread>
  <message>Start action : if (verifyElementPresent(findTestObject(\&amp;quot;TD2/Registration and Onboarding/Page_Onboarding/Company Name\&amp;quot;), 10, OPTIONAL))</message>
  <nestedLevel>2</nestedLevel>
  <property name="startLine">82</property>
  <property name="stepIndex">17</property>
  <property name="description">Entering Company Name</property>
</record>
<record>
  <date>2020-03-19T10:25:42</date>
  <millis>1584593742413</millis>
  <sequence>262</sequence>
  <level>PASSED</level>
  <class>com.kms.katalon.core.logging.XmlKeywordLogger</class>
  <method>logMessage</method>
  <thread>1</thread>
  <message>Object &amp;apos;Object Repository/TD2/Registration and Onboarding/Page_Onboarding/Company Name&amp;apos; is present</message>
  <nestedLevel>1</nestedLevel>
</record>
<record>
  <date>2020-03-19T10:25:42</date>
  <millis>1584593742414</millis>
  <sequence>263</sequence>
  <level>START</level>
  <class>com.kms.katalon.core.logging.XmlKeywordLogger</class>
  <method>startKeyword</method>
  <thread>1</thread>
  <message>Start action : sendKeys(findTestObject(\&amp;quot;TD2/Registration and Onboarding/Page_Onboarding/Company Name\&amp;quot;), \&amp;quot;QA Team\&amp;quot;)</message>
  <nestedLevel>3</nestedLevel>
  <property name="startLine">83</property>
  <property name="stepIndex">1</property>
</record>
<record>
  <date>2020-03-19T10:25:42</date>
  <millis>1584593742988</millis>
  <sequence>271</sequence>
  <level>PASSED</level>
  <class>com.kms.katalon.core.logging.XmlKeywordLogger</class>
  <method>logMessage</method>
  <thread>1</thread>
  <message>Keys &amp;apos;QA Team&amp;apos; sent to object: &amp;apos;Object Repository/TD2/Registration and Onboarding/Page_Onboarding/Company Name&amp;apos;</message>
  <nestedLevel>1</nestedLevel>
</record>
<record>
  <date>2020-03-19T10:25:42</date>
  <millis>1584593742989</millis>
  <sequence>272</sequence>
  <level>END</level>
  <class>com.kms.katalon.core.logging.XmlKeywordLogger</class>
  <method>endKeyword</method>
  <thread>1</thread>
  <message>End action : sendKeys(findTestObject(\&amp;quot;TD2/Registration and Onboarding/Page_Onboarding/Company Name\&amp;quot;), \&amp;quot;QA Team\&amp;quot;)</message>
  <nestedLevel>3</nestedLevel>
</record>
<record>
  <date>2020-03-19T10:25:42</date>
  <millis>1584593742989</millis>
  <sequence>273</sequence>
  <level>START</level>
  <class>com.kms.katalon.core.logging.XmlKeywordLogger</class>
  <method>startKeyword</method>
  <thread>1</thread>
  <message>Start action : click(findTestObject(\&amp;quot;TD2/Registration and Onboarding/Page_Onboarding/Just Me\&amp;quot;))</message>
  <nestedLevel>3</nestedLevel>
  <property name="startLine">86</property>
  <property name="stepIndex">2</property>
  <property name="description">Clicking on Just Me</property>
</record>
<record>
  <date>2020-03-19T10:25:43</date>
  <millis>1584593743672</millis>
  <sequence>284</sequence>
  <level>PASSED</level>
  <class>com.kms.katalon.core.logging.XmlKeywordLogger</class>
  <method>logMessage</method>
  <thread>1</thread>
  <message>Object: &amp;apos;Object Repository/TD2/Registration and Onboarding/Page_Onboarding/Just Me&amp;apos; is clicked on</message>
  <nestedLevel>1</nestedLevel>
</record>
<record>
  <date>2020-03-19T10:25:43</date>
  <millis>1584593743674</millis>
  <sequence>285</sequence>
  <level>END</level>
  <class>com.kms.katalon.core.logging.XmlKeywordLogger</class>
  <method>endKeyword</method>
  <thread>1</thread>
  <message>End action : click(findTestObject(\&amp;quot;TD2/Registration and Onboarding/Page_Onboarding/Just Me\&amp;quot;))</message>
  <nestedLevel>3</nestedLevel>
</record>
<record>
  <date>2020-03-19T10:25:43</date>
  <millis>1584593743674</millis>
  <sequence>286</sequence>
  <level>START</level>
  <class>com.kms.katalon.core.logging.XmlKeywordLogger</class>
  <method>startKeyword</method>
  <thread>1</thread>
  <message>Start action : click(findTestObject(\&amp;quot;TD2/Registration and Onboarding/Page_Onboarding/Next - Company Name\&amp;quot;))</message>
  <nestedLevel>3</nestedLevel>
  <property name="startLine">89</property>
  <property name="stepIndex">3</property>
  <property name="description">Clicking on Next Button</property>
</record>
<record>
  <date>2020-03-19T10:25:44</date>
  <millis>1584593744118</millis>
  <sequence>297</sequence>
  <level>PASSED</level>
  <class>com.kms.katalon.core.logging.XmlKeywordLogger</class>
  <method>logMessage</method>
  <thread>1</thread>
  <message>Object: &amp;apos;Object Repository/TD2/Registration and Onboarding/Page_Onboarding/Next - Company Name&amp;apos; is clicked on</message>
  <nestedLevel>1</nestedLevel>
</record>
<record>
  <date>2020-03-19T10:25:44</date>
  <millis>1584593744119</millis>
  <sequence>298</sequence>
  <level>END</level>
  <class>com.kms.katalon.core.logging.XmlKeywordLogger</class>
  <method>endKeyword</method>
  <thread>1</thread>
  <message>End action : click(findTestObject(\&amp;quot;TD2/Registration and Onboarding/Page_Onboarding/Next - Company Name\&amp;quot;))</message>
  <nestedLevel>3</nestedLevel>
</record>
<record>
  <date>2020-03-19T10:25:44</date>
  <millis>1584593744119</millis>
  <sequence>299</sequence>
  <level>START</level>
  <class>com.kms.katalon.core.logging.XmlKeywordLogger</class>
  <method>startKeyword</method>
  <thread>1</thread>
  <message>Start action : click(findTestObject(\&amp;quot;TD2/Registration and Onboarding/Page_Onboarding/Next - Industry\&amp;quot;))</message>
  <nestedLevel>3</nestedLevel>
  <property name="startLine">92</property>
  <property name="stepIndex">4</property>
  <property name="description">Click on Industry</property>
</record>
<record>
  <date>2020-03-19T10:25:45</date>
  <millis>1584593745758</millis>
  <sequence>310</sequence>
  <level>PASSED</level>
  <class>com.kms.katalon.core.logging.XmlKeywordLogger</class>
  <method>logMessage</method>
  <thread>1</thread>
  <message>Object: &amp;apos;Object Repository/TD2/Registration and Onboarding/Page_Onboarding/Next - Industry&amp;apos; is clicked on</message>
  <nestedLevel>1</nestedLevel>
</record>
<record>
  <date>2020-03-19T10:25:45</date>
  <millis>1584593745760</millis>
  <sequence>311</sequence>
  <level>END</level>
  <class>com.kms.katalon.core.logging.XmlKeywordLogger</class>
  <method>endKeyword</method>
  <thread>1</thread>
  <message>End action : click(findTestObject(\&amp;quot;TD2/Registration and Onboarding/Page_Onboarding/Next - Industry\&amp;quot;))</message>
  <nestedLevel>3</nestedLevel>
</record>
<record>
  <date>2020-03-19T10:25:45</date>
  <millis>1584593745760</millis>
  <sequence>312</sequence>
  <level>END</level>
  <class>com.kms.katalon.core.logging.XmlKeywordLogger</class>
  <method>endKeyword</method>
  <thread>1</thread>
  <message>End action : if (verifyElementPresent(findTestObject(\&amp;quot;TD2/Registration and Onboarding/Page_Onboarding/Company Name\&amp;quot;), 10, OPTIONAL))</message>
  <nestedLevel>2</nestedLevel>
</record>
<record>
  <date>2020-03-19T10:25:45</date>
  <millis>1584593745761</millis>
  <sequence>313</sequence>
  <level>START</level>
  <class>com.kms.katalon.core.logging.XmlKeywordLogger</class>
  <method>startKeyword</method>
  <thread>1</thread>
  <message>Start action : click(findTestObject(\&amp;quot;TD2/Registration and Onboarding/Page_Onboarding/Next2\&amp;quot;))</message>
  <nestedLevel>2</nestedLevel>
  <property name="startLine">95</property>
  <property name="stepIndex">18</property>
</record>
<record>
  <date>2020-03-19T10:25:45</date>
  <millis>1584593745762</millis>
  <sequence>314</sequence>
  <level>NOT_RUN</level>
  <class>com.kms.katalon.core.logging.XmlKeywordLogger</class>
  <method>logMessage</method>
  <thread>1</thread>
  <message>NOT_RUN: click(findTestObject(\&amp;quot;TD2/Registration and Onboarding/Page_Onboarding/Next2\&amp;quot;))</message>
  <nestedLevel>1</nestedLevel>
</record>
<record>
  <date>2020-03-19T10:25:45</date>
  <millis>1584593745762</millis>
  <sequence>315</sequence>
  <level>END</level>
  <class>com.kms.katalon.core.logging.XmlKeywordLogger</class>
  <method>endKeyword</method>
  <thread>1</thread>
  <message>End action : click(findTestObject(\&amp;quot;TD2/Registration and Onboarding/Page_Onboarding/Next2\&amp;quot;))</message>
  <nestedLevel>2</nestedLevel>
</record>
<record>
  <date>2020-03-19T10:25:45</date>
  <millis>1584593745762</millis>
  <sequence>316</sequence>
  <level>START</level>
  <class>com.kms.katalon.core.logging.XmlKeywordLogger</class>
  <method>startKeyword</method>
  <thread>1</thread>
  <message>Start action : click(findTestObject(\&amp;quot;TD2/Registration and Onboarding/Page_Onboarding/Next2\&amp;quot;))</message>
  <nestedLevel>2</nestedLevel>
  <property name="startLine">97</property>
  <property name="stepIndex">19</property>
</record>
<record>
  <date>2020-03-19T10:25:45</date>
  <millis>1584593745763</millis>
  <sequence>317</sequence>
  <level>NOT_RUN</level>
  <class>com.kms.katalon.core.logging.XmlKeywordLogger</class>
  <method>logMessage</method>
  <thread>1</thread>
  <message>NOT_RUN: click(findTestObject(\&amp;quot;TD2/Registration and Onboarding/Page_Onboarding/Next2\&amp;quot;))</message>
  <nestedLevel>1</nestedLevel>
</record>
<record>
  <date>2020-03-19T10:25:45</date>
  <millis>1584593745764</millis>
  <sequence>318</sequence>
  <level>END</level>
  <class>com.kms.katalon.core.logging.XmlKeywordLogger</class>
  <method>endKeyword</method>
  <thread>1</thread>
  <message>End action : click(findTestObject(\&amp;quot;TD2/Registration and Onboarding/Page_Onboarding/Next2\&amp;quot;))</message>
  <nestedLevel>2</nestedLevel>
</record>
<record>
  <date>2020-03-19T10:25:45</date>
  <millis>1584593745764</millis>
  <sequence>319</sequence>
  <level>START</level>
  <class>com.kms.katalon.core.logging.XmlKeywordLogger</class>
  <method>startKeyword</method>
  <thread>1</thread>
  <message>Start action : click(findTestObject(\&amp;quot;TD2/Registration and Onboarding/Page_Onboarding/span_Next\&amp;quot;))</message>
  <nestedLevel>2</nestedLevel>
  <property name="startLine">100</property>
  <property name="stepIndex">20</property>
  <property name="description">Clicking on Next Button</property>
</record>
<record>
  <date>2020-03-19T10:25:47</date>
  <millis>1584593747349</millis>
  <sequence>330</sequence>
  <level>PASSED</level>
  <class>com.kms.katalon.core.logging.XmlKeywordLogger</class>
  <method>logMessage</method>
  <thread>1</thread>
  <message>Object: &amp;apos;Object Repository/TD2/Registration and Onboarding/Page_Onboarding/span_Next&amp;apos; is clicked on</message>
  <nestedLevel>1</nestedLevel>
</record>
<record>
  <date>2020-03-19T10:25:47</date>
  <millis>1584593747350</millis>
  <sequence>331</sequence>
  <level>END</level>
  <class>com.kms.katalon.core.logging.XmlKeywordLogger</class>
  <method>endKeyword</method>
  <thread>1</thread>
  <message>End action : click(findTestObject(\&amp;quot;TD2/Registration and Onboarding/Page_Onboarding/span_Next\&amp;quot;))</message>
  <nestedLevel>2</nestedLevel>
</record>
<record>
  <date>2020-03-19T10:25:47</date>
  <millis>1584593747350</millis>
  <sequence>332</sequence>
  <level>START</level>
  <class>com.kms.katalon.core.logging.XmlKeywordLogger</class>
  <method>startKeyword</method>
  <thread>1</thread>
  <message>Start action : click(findTestObject(\&amp;quot;TD2/Registration and Onboarding/Page_Onboarding/Next - Set up your Account\&amp;quot;))</message>
  <nestedLevel>2</nestedLevel>
  <property name="startLine">103</property>
  <property name="stepIndex">21</property>
  <property name="description">Clicking to Set up your Account </property>
</record>
<record>
  <date>2020-03-19T10:25:47</date>
  <millis>1584593747351</millis>
  <sequence>333</sequence>
  <level>NOT_RUN</level>
  <class>com.kms.katalon.core.logging.XmlKeywordLogger</class>
  <method>logMessage</method>
  <thread>1</thread>
  <message>NOT_RUN: click(findTestObject(\&amp;quot;TD2/Registration and Onboarding/Page_Onboarding/Next - Set up your Account\&amp;quot;))</message>
  <nestedLevel>1</nestedLevel>
</record>
<record>
  <date>2020-03-19T10:25:47</date>
  <millis>1584593747352</millis>
  <sequence>334</sequence>
  <level>END</level>
  <class>com.kms.katalon.core.logging.XmlKeywordLogger</class>
  <method>endKeyword</method>
  <thread>1</thread>
  <message>End action : click(findTestObject(\&amp;quot;TD2/Registration and Onboarding/Page_Onboarding/Next - Set up your Account\&amp;quot;))</message>
  <nestedLevel>2</nestedLevel>
</record>
<record>
  <date>2020-03-19T10:25:47</date>
  <millis>1584593747353</millis>
  <sequence>335</sequence>
  <level>START</level>
  <class>com.kms.katalon.core.logging.XmlKeywordLogger</class>
  <method>startKeyword</method>
  <thread>1</thread>
  <message>Start action : click(findTestObject(\&amp;quot;TD2/Registration and Onboarding/Page_Onboarding/I dont have team\&amp;quot;))</message>
  <nestedLevel>2</nestedLevel>
  <property name="startLine">106</property>
  <property name="stepIndex">22</property>
  <property name="description">Selecting that you dont have team</property>
</record>
<record>
  <date>2020-03-19T10:25:49</date>
  <millis>1584593749286</millis>
  <sequence>346</sequence>
  <level>PASSED</level>
  <class>com.kms.katalon.core.logging.XmlKeywordLogger</class>
  <method>logMessage</method>
  <thread>1</thread>
  <message>Object: &amp;apos;Object Repository/TD2/Registration and Onboarding/Page_Onboarding/I dont have team&amp;apos; is clicked on</message>
  <nestedLevel>1</nestedLevel>
</record>
<record>
  <date>2020-03-19T10:25:49</date>
  <millis>1584593749289</millis>
  <sequence>347</sequence>
  <level>END</level>
  <class>com.kms.katalon.core.logging.XmlKeywordLogger</class>
  <method>endKeyword</method>
  <thread>1</thread>
  <message>End action : click(findTestObject(\&amp;quot;TD2/Registration and Onboarding/Page_Onboarding/I dont have team\&amp;quot;))</message>
  <nestedLevel>2</nestedLevel>
</record>
<record>
  <date>2020-03-19T10:25:49</date>
  <millis>1584593749289</millis>
  <sequence>348</sequence>
  <level>START</level>
  <class>com.kms.katalon.core.logging.XmlKeywordLogger</class>
  <method>startKeyword</method>
  <thread>1</thread>
  <message>Start action : click(findTestObject(\&amp;quot;TD2/Registration and Onboarding/Page_Onboarding/Submit - Invite\&amp;quot;))</message>
  <nestedLevel>2</nestedLevel>
  <property name="startLine">109</property>
  <property name="stepIndex">23</property>
  <property name="description">Clicking on Invite Button</property>
</record>
<record>
  <date>2020-03-19T10:25:49</date>
  <millis>1584593749728</millis>
  <sequence>359</sequence>
  <level>PASSED</level>
  <class>com.kms.katalon.core.logging.XmlKeywordLogger</class>
  <method>logMessage</method>
  <thread>1</thread>
  <message>Object: &amp;apos;Object Repository/TD2/Registration and Onboarding/Page_Onboarding/Submit - Invite&amp;apos; is clicked on</message>
  <nestedLevel>1</nestedLevel>
</record>
<record>
  <date>2020-03-19T10:25:49</date>
  <millis>1584593749728</millis>
  <sequence>360</sequence>
  <level>END</level>
  <class>com.kms.katalon.core.logging.XmlKeywordLogger</class>
  <method>endKeyword</method>
  <thread>1</thread>
  <message>End action : click(findTestObject(\&amp;quot;TD2/Registration and Onboarding/Page_Onboarding/Submit - Invite\&amp;quot;))</message>
  <nestedLevel>2</nestedLevel>
</record>
<record>
  <date>2020-03-19T10:25:49</date>
  <millis>1584593749729</millis>
  <sequence>361</sequence>
  <level>START</level>
  <class>com.kms.katalon.core.logging.XmlKeywordLogger</class>
  <method>startKeyword</method>
  <thread>1</thread>
  <message>Start action : click(findTestObject(\&amp;quot;TD2/Registration and Onboarding/Page_Onboarding/ButtonSkip\&amp;quot;))</message>
  <nestedLevel>2</nestedLevel>
  <property name="startLine">111</property>
  <property name="stepIndex">24</property>
</record>
<record>
  <date>2020-03-19T10:25:49</date>
  <millis>1584593749731</millis>
  <sequence>362</sequence>
  <level>NOT_RUN</level>
  <class>com.kms.katalon.core.logging.XmlKeywordLogger</class>
  <method>logMessage</method>
  <thread>1</thread>
  <message>NOT_RUN: click(findTestObject(\&amp;quot;TD2/Registration and Onboarding/Page_Onboarding/ButtonSkip\&amp;quot;))</message>
  <nestedLevel>1</nestedLevel>
</record>
<record>
  <date>2020-03-19T10:25:49</date>
  <millis>1584593749732</millis>
  <sequence>363</sequence>
  <level>END</level>
  <class>com.kms.katalon.core.logging.XmlKeywordLogger</class>
  <method>endKeyword</method>
  <thread>1</thread>
  <message>End action : click(findTestObject(\&amp;quot;TD2/Registration and Onboarding/Page_Onboarding/ButtonSkip\&amp;quot;))</message>
  <nestedLevel>2</nestedLevel>
</record>
<record>
  <date>2020-03-19T10:25:49</date>
  <millis>1584593749732</millis>
  <sequence>364</sequence>
  <level>START</level>
  <class>com.kms.katalon.core.logging.XmlKeywordLogger</class>
  <method>startKeyword</method>
  <thread>1</thread>
  <message>Start action : selectOptionByValue(findTestObject(\&amp;quot;TD2/Registration and Onboarding/Page_Onboarding/DropdownInvite\&amp;quot;), \&amp;quot;0\&amp;quot;, true)</message>
  <nestedLevel>2</nestedLevel>
  <property name="startLine">113</property>
  <property name="stepIndex">25</property>
</record>
<record>
  <date>2020-03-19T10:25:49</date>
  <millis>1584593749734</millis>
  <sequence>365</sequence>
  <level>NOT_RUN</level>
  <class>com.kms.katalon.core.logging.XmlKeywordLogger</class>
  <method>logMessage</method>
  <thread>1</thread>
  <message>NOT_RUN: selectOptionByValue(findTestObject(\&amp;quot;TD2/Registration and Onboarding/Page_Onboarding/DropdownInvite\&amp;quot;), \&amp;quot;0\&amp;quot;, true)</message>
  <nestedLevel>1</nestedLevel>
</record>
<record>
  <date>2020-03-19T10:25:49</date>
  <millis>1584593749735</millis>
  <sequence>366</sequence>
  <level>END</level>
  <class>com.kms.katalon.core.logging.XmlKeywordLogger</class>
  <method>endKeyword</method>
  <thread>1</thread>
  <message>End action : selectOptionByValue(findTestObject(\&amp;quot;TD2/Registration and Onboarding/Page_Onboarding/DropdownInvite\&amp;quot;), \&amp;quot;0\&amp;quot;, true)</message>
  <nestedLevel>2</nestedLevel>
</record>
<record>
  <date>2020-03-19T10:25:49</date>
  <millis>1584593749735</millis>
  <sequence>367</sequence>
  <level>START</level>
  <class>com.kms.katalon.core.logging.XmlKeywordLogger</class>
  <method>startKeyword</method>
  <thread>1</thread>
  <message>Start action : click(findTestObject(\&amp;quot;TD2/Registration and Onboarding/Page_Onboarding/span_Submit\&amp;quot;))</message>
  <nestedLevel>2</nestedLevel>
  <property name="startLine">116</property>
  <property name="stepIndex">26</property>
</record>
<record>
  <date>2020-03-19T10:25:49</date>
  <millis>1584593749737</millis>
  <sequence>368</sequence>
  <level>NOT_RUN</level>
  <class>com.kms.katalon.core.logging.XmlKeywordLogger</class>
  <method>logMessage</method>
  <thread>1</thread>
  <message>NOT_RUN: click(findTestObject(\&amp;quot;TD2/Registration and Onboarding/Page_Onboarding/span_Submit\&amp;quot;))</message>
  <nestedLevel>1</nestedLevel>
</record>
<record>
  <date>2020-03-19T10:25:49</date>
  <millis>1584593749738</millis>
  <sequence>369</sequence>
  <level>END</level>
  <class>com.kms.katalon.core.logging.XmlKeywordLogger</class>
  <method>endKeyword</method>
  <thread>1</thread>
  <message>End action : click(findTestObject(\&amp;quot;TD2/Registration and Onboarding/Page_Onboarding/span_Submit\&amp;quot;))</message>
  <nestedLevel>2</nestedLevel>
</record>
<record>
  <date>2020-03-19T10:25:49</date>
  <millis>1584593749738</millis>
  <sequence>370</sequence>
  <level>START</level>
  <class>com.kms.katalon.core.logging.XmlKeywordLogger</class>
  <method>startKeyword</method>
  <thread>1</thread>
  <message>Start action : click(findTestObject(\&amp;quot;TD2/Registration and Onboarding/Page_Onboarding/ButtonUserMenu\&amp;quot;))</message>
  <nestedLevel>2</nestedLevel>
  <property name="startLine">119</property>
  <property name="stepIndex">27</property>
  <property name="description">Click on User Menu Button</property>
</record>
<record>
  <date>2020-03-19T10:25:50</date>
  <millis>1584593750752</millis>
  <sequence>381</sequence>
  <level>PASSED</level>
  <class>com.kms.katalon.core.logging.XmlKeywordLogger</class>
  <method>logMessage</method>
  <thread>1</thread>
  <message>Object: &amp;apos;Object Repository/TD2/Registration and Onboarding/Page_Onboarding/ButtonUserMenu&amp;apos; is clicked on</message>
  <nestedLevel>1</nestedLevel>
</record>
<record>
  <date>2020-03-19T10:25:50</date>
  <millis>1584593750753</millis>
  <sequence>382</sequence>
  <level>END</level>
  <class>com.kms.katalon.core.logging.XmlKeywordLogger</class>
  <method>endKeyword</method>
  <thread>1</thread>
  <message>End action : click(findTestObject(\&amp;quot;TD2/Registration and Onboarding/Page_Onboarding/ButtonUserMenu\&amp;quot;))</message>
  <nestedLevel>2</nestedLevel>
</record>
<record>
  <date>2020-03-19T10:25:50</date>
  <millis>1584593750754</millis>
  <sequence>383</sequence>
  <level>START</level>
  <class>com.kms.katalon.core.logging.XmlKeywordLogger</class>
  <method>startKeyword</method>
  <thread>1</thread>
  <message>Start action : click(findTestObject(\&amp;quot;TD2/Registration and Onboarding/Page_Onboarding/ButtonLogout\&amp;quot;))</message>
  <nestedLevel>2</nestedLevel>
  <property name="startLine">122</property>
  <property name="stepIndex">28</property>
  <property name="description">Clicking on Logout Button</property>
</record>
<record>
  <date>2020-03-19T10:26:03</date>
  <millis>1584593763021</millis>
  <sequence>396</sequence>
  <level>ERROR</level>
  <class>com.kms.katalon.core.logging.XmlKeywordLogger</class>
  <method>logMessage</method>
  <thread>1</thread>
  <message>javascript error: Failed to execute &amp;apos;elementsFromPoint&amp;apos; on &amp;apos;Document&amp;apos;: The provided double value is non-finite.\n  (Session info: chrome=80.0.3987.149)\nBuild info: version: &amp;apos;3.141.59&amp;apos;, revision: &amp;apos;e82be7d358&amp;apos;, time: &amp;apos;2018-11-14T08:25:53&amp;apos;\nSystem info: host: &amp;apos;payals-air&amp;apos;, ip: &amp;apos;fe80:0:0:0:1c54:7313:354:3ba5%en0&amp;apos;, os.name: &amp;apos;Mac OS X&amp;apos;, os.arch: &amp;apos;x86_64&amp;apos;, os.version: &amp;apos;10.15.3&amp;apos;, java.version: &amp;apos;1.8.0_181&amp;apos;\nDriver info: com.kms.katalon.selenium.driver.CChromeDriver\nCapabilities {acceptInsecureCerts: false, browserName: chrome, browserVersion: 80.0.3987.149, chrome: {chromedriverVersion: 79.0.3945.36 (3582db32b3389..., userDataDir: /var/folders/y0/2h8rty_s349...}, goog:chromeOptions: {debuggerAddress: localhost:51021}, javascriptEnabled: true, networkConnectionEnabled: false, pageLoadStrategy: normal, platform: MAC, platformName: MAC, proxy: Proxy(), setWindowRect: true, strictFileInteractability: false, timeouts: {implicit: 0, pageLoad: 300000, script: 30000}, unhandledPromptBehavior: dismiss and notify}\nSession ID: a1fc59018a65d7d3c1a30491144bc7da</message>
  <nestedLevel>1</nestedLevel>
</record>
<record>
  <date>2020-03-19T10:26:24</date>
  <millis>1584593784275</millis>
  <sequence>397</sequence>
  <level>PASSED</level>
  <class>com.kms.katalon.core.logging.XmlKeywordLogger</class>
  <method>logMessage</method>
  <thread>1</thread>
  <message>Object: &amp;apos;Object Repository/TD2/Registration and Onboarding/Page_Onboarding/ButtonLogout&amp;apos; is clicked on</message>
  <nestedLevel>1</nestedLevel>
</record>
<record>
  <date>2020-03-19T10:26:24</date>
  <millis>1584593784281</millis>
  <sequence>398</sequence>
  <level>END</level>
  <class>com.kms.katalon.core.logging.XmlKeywordLogger</class>
  <method>endKeyword</method>
  <thread>1</thread>
  <message>End action : click(findTestObject(\&amp;quot;TD2/Registration and Onboarding/Page_Onboarding/ButtonLogout\&amp;quot;))</message>
  <nestedLevel>2</nestedLevel>
</record>
<record>
  <date>2020-03-19T10:26:24</date>
  <millis>1584593784282</millis>
  <sequence>399</sequence>
  <level>END</level>
  <class>com.kms.katalon.core.logging.XmlKeywordLogger</class>
  <method>endKeyword</method>
  <thread>1</thread>
  <message>End action : return strDate</message>
  <nestedLevel>1</nestedLevel>
</record>
<record>
  <date>2020-03-19T10:26:24</date>
  <millis>1584593784282</millis>
  <sequence>400</sequence>
  <level>START</level>
  <class>com.kms.katalon.core.logging.XmlKeywordLogger</class>
  <method>startKeyword</method>
  <thread>1</thread>
  <message>Start action : closeBrowser()</message>
  <nestedLevel>1</nestedLevel>
  <property name="startLine">175</property>
  <property name="stepIndex">7</property>
  <property name="description">Close the Browser</property>
</record>
<record>
  <date>2020-03-19T10:26:24</date>
  <millis>1584593784709</millis>
  <sequence>402</sequence>
  <level>PASSED</level>
  <class>com.kms.katalon.core.logging.XmlKeywordLogger</class>
  <method>logMessage</method>
  <thread>1</thread>
  <message>Browser is closed</message>
  <nestedLevel>1</nestedLevel>
</record>
<record>
  <date>2020-03-19T10:26:24</date>
  <millis>1584593784710</millis>
  <sequence>403</sequence>
  <level>END</level>
  <class>com.kms.katalon.core.logging.XmlKeywordLogger</class>
  <method>endKeyword</method>
  <thread>1</thread>
  <message>End action : closeBrowser()</message>
  <nestedLevel>1</nestedLevel>
</record>
<record>
  <date>2020-03-19T10:26:24</date>
  <millis>1584593784710</millis>
  <sequence>404</sequence>
  <level>PASSED</level>
  <class>com.kms.katalon.core.logging.XmlKeywordLogger</class>
  <method>logMessage</method>
  <thread>1</thread>
  <message>Test Cases/TD2/Signup and OnBoarding/Registration With Different Options for Questions Asked/Questions - Yes - Yes - Yes</message>
  <nestedLevel>1</nestedLevel>
</record>
<record>
  <date>2020-03-19T10:26:24</date>
  <millis>1584593784710</millis>
  <sequence>405</sequence>
  <level>END</level>
  <class>com.kms.katalon.core.logging.XmlKeywordLogger</class>
  <method>endTest</method>
  <thread>1</thread>
  <message>End Test Case : Test Cases/TD2/Signup and OnBoarding/Registration With Different Options for Questions Asked/Questions - Yes - Yes - Yes</message>
  <nestedLevel>0</nestedLevel>
</record>
<record>
  <date>2020-03-19T10:26:24</date>
  <millis>1584593784712</millis>
  <sequence>406</sequence>
  <level>START</level>
  <class>com.kms.katalon.core.logging.XmlKeywordLogger</class>
  <method>startKeyword</method>
  <thread>1</thread>
  <message>Start listener action : exportKatalonReports</message>
  <nestedLevel>0</nestedLevel>
</record>
<record>
  <date>2020-03-19T10:26:24</date>
  <millis>1584593784952</millis>
  <sequence>722</sequence>
  <level>INFO</level>
  <class>com.kms.katalon.core.logging.XmlKeywordLogger</class>
  <method>logMessage</method>
  <thread>1</thread>
  <message>Start generating HTML report folder at: /Users/payalchoksey/Desktop/TD2 - Till CC/Reports/20200319_102418/TD2/Registration and Onboarding/Selecting How to Start the Free Account - Visible and Silent/20200319_102418...</message>
  <nestedLevel>0</nestedLevel>
</record>
<record>
  <date>2020-03-19T10:26:24</date>
  <millis>1584593784980</millis>
  <sequence>723</sequence>
  <level>INFO</level>
  <class>com.kms.katalon.core.logging.XmlKeywordLogger</class>
  <method>logMessage</method>
  <thread>1</thread>
  <message>HTML report generated</message>
  <nestedLevel>0</nestedLevel>
</record>
<record>
  <date>2020-03-19T10:26:24</date>
  <millis>1584593784981</millis>
  <sequence>724</sequence>
  <level>INFO</level>
  <class>com.kms.katalon.core.logging.XmlKeywordLogger</class>
  <method>logMessage</method>
  <thread>1</thread>
  <message>Start generating CSV report folder at: /Users/payalchoksey/Desktop/TD2 - Till CC/Reports/20200319_102418/TD2/Registration and Onboarding/Selecting How to Start the Free Account - Visible and Silent/20200319_102418...</message>
  <nestedLevel>0</nestedLevel>
</record>
<record>
  <date>2020-03-19T10:26:25</date>
  <millis>1584593785036</millis>
  <sequence>725</sequence>
  <level>INFO</level>
  <class>com.kms.katalon.core.logging.XmlKeywordLogger</class>
  <method>logMessage</method>
  <thread>1</thread>
  <message>CSV report generated</message>
  <nestedLevel>0</nestedLevel>
</record>
<record>
  <date>2020-03-19T10:26:25</date>
  <millis>1584593785037</millis>
  <sequence>727</sequence>
  <level>END</level>
  <class>com.kms.katalon.core.logging.XmlKeywordLogger</class>
  <method>endKeyword</method>
  <thread>1</thread>
  <message>End listener action : exportKatalonReports</message>
  <nestedLevel>0</nestedLevel>
</record>
<record>
  <date>2020-03-19T10:26:25</date>
  <millis>1584593785079</millis>
  <sequence>728</sequence>
  <level>END</level>
  <class>com.kms.katalon.core.logging.XmlKeywordLogger</class>
  <method>endSuite</method>
  <thread>1</thread>
  <message>End Test Suite : Test Suites/TD2/Registration and Onboarding/Selecting How to Start the Free Account - Visible and Silent</message>
  <nestedLevel>0</nestedLevel>
</record>
</log>