<?xml version="1.0" encoding="UTF-8" standalone="no"?>
<!DOCTYPE log SYSTEM "logger.dtd">
<log>
<record>
  <date>2020-03-19T10:41:56</date>
  <millis>1584594716969</millis>
  <sequence>0</sequence>
  <level>START</level>
  <class>com.kms.katalon.core.logging.XmlKeywordLogger</class>
  <method>startSuite</method>
  <thread>1</thread>
  <message>Start Test Suite : Test Suites/TD2/Registration and Onboarding/Selecting How to Start the Free Account - Visible and Silent</message>
  <nestedLevel>0</nestedLevel>
  <property name="name">Selecting How to Start the Free Account - Visible and Silent</property>
  <property name="description"></property>
  <property name="id">Test Suites/TD2/Registration and Onboarding/Selecting How to Start the Free Account - Visible and Silent</property>
</record>
<record>
  <date>2020-03-19T10:41:57</date>
  <millis>1584594717007</millis>
  <sequence>1</sequence>
  <level>RUN_DATA</level>
  <class>com.kms.katalon.core.logging.XmlKeywordLogger</class>
  <method>logMessage</method>
  <thread>1</thread>
  <message>hostName = payalchoksey - payals-air</message>
  <nestedLevel>0</nestedLevel>
  <property name="hostName">payalchoksey - payals-air</property>
</record>
<record>
  <date>2020-03-19T10:41:57</date>
  <millis>1584594717008</millis>
  <sequence>2</sequence>
  <level>RUN_DATA</level>
  <class>com.kms.katalon.core.logging.XmlKeywordLogger</class>
  <method>logMessage</method>
  <thread>1</thread>
  <message>os = Mac OS X 64bit</message>
  <nestedLevel>0</nestedLevel>
  <property name="os">Mac OS X 64bit</property>
</record>
<record>
  <date>2020-03-19T10:41:57</date>
  <millis>1584594717013</millis>
  <sequence>3</sequence>
  <level>RUN_DATA</level>
  <class>com.kms.katalon.core.logging.XmlKeywordLogger</class>
  <method>logMessage</method>
  <thread>1</thread>
  <message>hostAddress = 192.168.1.7</message>
  <nestedLevel>0</nestedLevel>
  <property name="hostAddress">192.168.1.7</property>
</record>
<record>
  <date>2020-03-19T10:41:57</date>
  <millis>1584594717016</millis>
  <sequence>4</sequence>
  <level>RUN_DATA</level>
  <class>com.kms.katalon.core.logging.XmlKeywordLogger</class>
  <method>logMessage</method>
  <thread>1</thread>
  <message>katalonVersion = 7.2.1.1</message>
  <nestedLevel>0</nestedLevel>
  <property name="katalonVersion">7.2.1.1</property>
</record>
<record>
  <date>2020-03-19T10:41:57</date>
  <millis>1584594717437</millis>
  <sequence>5</sequence>
  <level>START</level>
  <class>com.kms.katalon.core.logging.XmlKeywordLogger</class>
  <method>startTest</method>
  <thread>1</thread>
  <message>Start Test Case : Test Cases/TD2/General/Opening Browser</message>
  <nestedLevel>1</nestedLevel>
  <property name="name">Test Cases/TD2/General/Opening Browser</property>
  <property name="description">Opening Browser</property>
  <property name="id">Test Cases/TD2/General/Opening Browser</property>
  <property name="source">\\Users\\payalchoksey\\Desktop\\TD2 - Till CC\\Test Cases\\TD2\\General\\Opening Browser.tc</property>
  <property name="tag"></property>
  <property name="isOptional">false</property>
</record>
<record>
  <date>2020-03-19T10:41:57</date>
  <millis>1584594717980</millis>
  <sequence>7</sequence>
  <level>START</level>
  <class>com.kms.katalon.core.logging.XmlKeywordLogger</class>
  <method>startKeyword</method>
  <thread>1</thread>
  <message>Start action : openBrowser(\&amp;quot;\&amp;quot;)</message>
  <nestedLevel>1</nestedLevel>
  <property name="startLine">21</property>
  <property name="stepIndex">1</property>
  <property name="description">Opening Browser</property>
</record>
<record>
  <date>2020-03-19T10:41:58</date>
  <millis>1584594718551</millis>
  <sequence>9</sequence>
  <level>INFO</level>
  <class>com.kms.katalon.core.logging.XmlKeywordLogger</class>
  <method>logMessage</method>
  <thread>1</thread>
  <message>Starting &amp;apos;Chrome&amp;apos; driver</message>
  <nestedLevel>1</nestedLevel>
</record>
<record>
  <date>2020-03-19T10:41:58</date>
  <millis>1584594718597</millis>
  <sequence>11</sequence>
  <level>INFO</level>
  <class>com.kms.katalon.core.logging.XmlKeywordLogger</class>
  <method>logMessage</method>
  <thread>1</thread>
  <message>Action delay is set to 0 seconds</message>
  <nestedLevel>1</nestedLevel>
</record>
<record>
  <date>2020-03-19T10:42:01</date>
  <millis>1584594721820</millis>
  <sequence>13</sequence>
  <level>RUN_DATA</level>
  <class>com.kms.katalon.core.logging.XmlKeywordLogger</class>
  <method>logMessage</method>
  <thread>1</thread>
  <message>sessionId = 4ccbeee6d4cccefaa4bbe121b2bb1cdc</message>
  <nestedLevel>1</nestedLevel>
  <property name="sessionId">4ccbeee6d4cccefaa4bbe121b2bb1cdc</property>
</record>
<record>
  <date>2020-03-19T10:42:01</date>
  <millis>1584594721844</millis>
  <sequence>14</sequence>
  <level>RUN_DATA</level>
  <class>com.kms.katalon.core.logging.XmlKeywordLogger</class>
  <method>logMessage</method>
  <thread>1</thread>
  <message>browser = Chrome 80.0.3987.149</message>
  <nestedLevel>1</nestedLevel>
  <property name="browser">Chrome 80.0.3987.149</property>
</record>
<record>
  <date>2020-03-19T10:42:01</date>
  <millis>1584594721845</millis>
  <sequence>15</sequence>
  <level>RUN_DATA</level>
  <class>com.kms.katalon.core.logging.XmlKeywordLogger</class>
  <method>logMessage</method>
  <thread>1</thread>
  <message>platform = Mac OS X</message>
  <nestedLevel>1</nestedLevel>
  <property name="platform">Mac OS X</property>
</record>
<record>
  <date>2020-03-19T10:42:01</date>
  <millis>1584594721846</millis>
  <sequence>16</sequence>
  <level>RUN_DATA</level>
  <class>com.kms.katalon.core.logging.XmlKeywordLogger</class>
  <method>logMessage</method>
  <thread>1</thread>
  <message>seleniumVersion = 3.141.59</message>
  <nestedLevel>1</nestedLevel>
  <property name="seleniumVersion">3.141.59</property>
</record>
<record>
  <date>2020-03-19T10:42:01</date>
  <millis>1584594721850</millis>
  <sequence>17</sequence>
  <level>RUN_DATA</level>
  <class>com.kms.katalon.core.logging.XmlKeywordLogger</class>
  <method>logMessage</method>
  <thread>1</thread>
  <message>proxyInformation = ProxyInformation{proxyOption=NO_PROXY, proxyServerType=HTTP, password=, proxyServerAddress=, proxyServerPort=0, executionList=}</message>
  <nestedLevel>1</nestedLevel>
  <property name="proxyInformation">ProxyInformation{proxyOption=NO_PROXY, proxyServerType=HTTP, password=, proxyServerAddress=, proxyServerPort=0, executionList=}</property>
</record>
<record>
  <date>2020-03-19T10:42:01</date>
  <millis>1584594721891</millis>
  <sequence>18</sequence>
  <level>PASSED</level>
  <class>com.kms.katalon.core.logging.XmlKeywordLogger</class>
  <method>logMessage</method>
  <thread>1</thread>
  <message>Browser is opened with url: &amp;apos;&amp;apos;</message>
  <nestedLevel>1</nestedLevel>
</record>
<record>
  <date>2020-03-19T10:42:01</date>
  <millis>1584594721892</millis>
  <sequence>19</sequence>
  <level>END</level>
  <class>com.kms.katalon.core.logging.XmlKeywordLogger</class>
  <method>endKeyword</method>
  <thread>1</thread>
  <message>End action : openBrowser(\&amp;quot;\&amp;quot;)</message>
  <nestedLevel>1</nestedLevel>
</record>
<record>
  <date>2020-03-19T10:42:01</date>
  <millis>1584594721893</millis>
  <sequence>20</sequence>
  <level>START</level>
  <class>com.kms.katalon.core.logging.XmlKeywordLogger</class>
  <method>startKeyword</method>
  <thread>1</thread>
  <message>Start action : navigateToUrl(\&amp;quot;https://2a.timedoctor.com\&amp;quot;)</message>
  <nestedLevel>1</nestedLevel>
  <property name="startLine">24</property>
  <property name="stepIndex">2</property>
  <property name="description">Navigating to TD2 login Page</property>
</record>
<record>
  <date>2020-03-19T10:42:10</date>
  <millis>1584594730673</millis>
  <sequence>23</sequence>
  <level>PASSED</level>
  <class>com.kms.katalon.core.logging.XmlKeywordLogger</class>
  <method>logMessage</method>
  <thread>1</thread>
  <message>Navigate to &amp;apos;https://2a.timedoctor.com&amp;apos; successfully</message>
  <nestedLevel>1</nestedLevel>
</record>
<record>
  <date>2020-03-19T10:42:10</date>
  <millis>1584594730676</millis>
  <sequence>24</sequence>
  <level>END</level>
  <class>com.kms.katalon.core.logging.XmlKeywordLogger</class>
  <method>endKeyword</method>
  <thread>1</thread>
  <message>End action : navigateToUrl(\&amp;quot;https://2a.timedoctor.com\&amp;quot;)</message>
  <nestedLevel>1</nestedLevel>
</record>
<record>
  <date>2020-03-19T10:42:10</date>
  <millis>1584594730677</millis>
  <sequence>25</sequence>
  <level>START</level>
  <class>com.kms.katalon.core.logging.XmlKeywordLogger</class>
  <method>startKeyword</method>
  <thread>1</thread>
  <message>Start action : maximizeWindow()</message>
  <nestedLevel>1</nestedLevel>
  <property name="startLine">27</property>
  <property name="stepIndex">3</property>
  <property name="description">Maximizing Window</property>
</record>
<record>
  <date>2020-03-19T10:42:11</date>
  <millis>1584594731213</millis>
  <sequence>27</sequence>
  <level>PASSED</level>
  <class>com.kms.katalon.core.logging.XmlKeywordLogger</class>
  <method>logMessage</method>
  <thread>1</thread>
  <message>Current window maximized</message>
  <nestedLevel>1</nestedLevel>
</record>
<record>
  <date>2020-03-19T10:42:11</date>
  <millis>1584594731213</millis>
  <sequence>28</sequence>
  <level>END</level>
  <class>com.kms.katalon.core.logging.XmlKeywordLogger</class>
  <method>endKeyword</method>
  <thread>1</thread>
  <message>End action : maximizeWindow()</message>
  <nestedLevel>1</nestedLevel>
</record>
<record>
  <date>2020-03-19T10:42:11</date>
  <millis>1584594731214</millis>
  <sequence>29</sequence>
  <level>PASSED</level>
  <class>com.kms.katalon.core.logging.XmlKeywordLogger</class>
  <method>logMessage</method>
  <thread>1</thread>
  <message>Test Cases/TD2/General/Opening Browser</message>
  <nestedLevel>1</nestedLevel>
</record>
<record>
  <date>2020-03-19T10:42:11</date>
  <millis>1584594731216</millis>
  <sequence>30</sequence>
  <level>END</level>
  <class>com.kms.katalon.core.logging.XmlKeywordLogger</class>
  <method>endTest</method>
  <thread>1</thread>
  <message>End Test Case : Test Cases/TD2/General/Opening Browser</message>
  <nestedLevel>0</nestedLevel>
</record>
<record>
  <date>2020-03-19T10:42:11</date>
  <millis>1584594731229</millis>
  <sequence>31</sequence>
  <level>START</level>
  <class>com.kms.katalon.core.logging.XmlKeywordLogger</class>
  <method>startTest</method>
  <thread>1</thread>
  <message>Start Test Case : Test Cases/TD2/Signup and OnBoarding/Registration With Different Options for Questions Asked/Question - Yes - No - TryItFree</message>
  <nestedLevel>1</nestedLevel>
  <property name="name">Test Cases/TD2/Signup and OnBoarding/Registration With Different Options for Questions Asked/Question - Yes - No - TryItFree</property>
  <property name="description">Question - Yes - No - TryItFree</property>
  <property name="id">Test Cases/TD2/Signup and OnBoarding/Registration With Different Options for Questions Asked/Question - Yes - No - TryItFree</property>
  <property name="source">\\Users\\payalchoksey\\Desktop\\TD2 - Till CC\\Test Cases\\TD2\\Signup and OnBoarding\\Registration With Different Options for Questions Asked\\Question - Yes - No - TryItFree.tc</property>
  <property name="tag"></property>
  <property name="isOptional">false</property>
</record>
<record>
  <date>2020-03-19T10:42:11</date>
  <millis>1584594731896</millis>
  <sequence>33</sequence>
  <level>START</level>
  <class>com.kms.katalon.core.logging.XmlKeywordLogger</class>
  <method>startKeyword</method>
  <thread>1</thread>
  <message>Start action : openBrowser(\&amp;quot;\&amp;quot;)</message>
  <nestedLevel>1</nestedLevel>
  <property name="startLine">26</property>
  <property name="stepIndex">1</property>
</record>
<record>
  <date>2020-03-19T10:42:11</date>
  <millis>1584594731897</millis>
  <sequence>34</sequence>
  <level>NOT_RUN</level>
  <class>com.kms.katalon.core.logging.XmlKeywordLogger</class>
  <method>logMessage</method>
  <thread>1</thread>
  <message>NOT_RUN: openBrowser(\&amp;quot;\&amp;quot;)</message>
  <nestedLevel>1</nestedLevel>
</record>
<record>
  <date>2020-03-19T10:42:11</date>
  <millis>1584594731898</millis>
  <sequence>35</sequence>
  <level>END</level>
  <class>com.kms.katalon.core.logging.XmlKeywordLogger</class>
  <method>endKeyword</method>
  <thread>1</thread>
  <message>End action : openBrowser(\&amp;quot;\&amp;quot;)</message>
  <nestedLevel>1</nestedLevel>
</record>
<record>
  <date>2020-03-19T10:42:11</date>
  <millis>1584594731898</millis>
  <sequence>36</sequence>
  <level>START</level>
  <class>com.kms.katalon.core.logging.XmlKeywordLogger</class>
  <method>startKeyword</method>
  <thread>1</thread>
  <message>Start action : maximizeWindow()</message>
  <nestedLevel>1</nestedLevel>
  <property name="startLine">28</property>
  <property name="stepIndex">2</property>
</record>
<record>
  <date>2020-03-19T10:42:11</date>
  <millis>1584594731900</millis>
  <sequence>37</sequence>
  <level>NOT_RUN</level>
  <class>com.kms.katalon.core.logging.XmlKeywordLogger</class>
  <method>logMessage</method>
  <thread>1</thread>
  <message>NOT_RUN: maximizeWindow()</message>
  <nestedLevel>1</nestedLevel>
</record>
<record>
  <date>2020-03-19T10:42:11</date>
  <millis>1584594731912</millis>
  <sequence>38</sequence>
  <level>END</level>
  <class>com.kms.katalon.core.logging.XmlKeywordLogger</class>
  <method>endKeyword</method>
  <thread>1</thread>
  <message>End action : maximizeWindow()</message>
  <nestedLevel>1</nestedLevel>
</record>
<record>
  <date>2020-03-19T10:42:11</date>
  <millis>1584594731912</millis>
  <sequence>39</sequence>
  <level>START</level>
  <class>com.kms.katalon.core.logging.XmlKeywordLogger</class>
  <method>startKeyword</method>
  <thread>1</thread>
  <message>Start action : navigateToUrl(\&amp;quot;www.timedoctor.com\&amp;quot;)</message>
  <nestedLevel>1</nestedLevel>
  <property name="startLine">30</property>
  <property name="stepIndex">3</property>
</record>
<record>
  <date>2020-03-19T10:42:11</date>
  <millis>1584594731913</millis>
  <sequence>40</sequence>
  <level>NOT_RUN</level>
  <class>com.kms.katalon.core.logging.XmlKeywordLogger</class>
  <method>logMessage</method>
  <thread>1</thread>
  <message>NOT_RUN: navigateToUrl(\&amp;quot;www.timedoctor.com\&amp;quot;)</message>
  <nestedLevel>1</nestedLevel>
</record>
<record>
  <date>2020-03-19T10:42:11</date>
  <millis>1584594731914</millis>
  <sequence>41</sequence>
  <level>END</level>
  <class>com.kms.katalon.core.logging.XmlKeywordLogger</class>
  <method>endKeyword</method>
  <thread>1</thread>
  <message>End action : navigateToUrl(\&amp;quot;www.timedoctor.com\&amp;quot;)</message>
  <nestedLevel>1</nestedLevel>
</record>
<record>
  <date>2020-03-19T10:42:11</date>
  <millis>1584594731915</millis>
  <sequence>42</sequence>
  <level>START</level>
  <class>com.kms.katalon.core.logging.XmlKeywordLogger</class>
  <method>startKeyword</method>
  <thread>1</thread>
  <message>Start action : click(findTestObject(\&amp;quot;TD2/Registration and Onboarding/Page_Registration/Register Button\&amp;quot;))</message>
  <nestedLevel>1</nestedLevel>
  <property name="startLine">32</property>
  <property name="stepIndex">4</property>
</record>
<record>
  <date>2020-03-19T10:42:16</date>
  <millis>1584594736776</millis>
  <sequence>53</sequence>
  <level>PASSED</level>
  <class>com.kms.katalon.core.logging.XmlKeywordLogger</class>
  <method>logMessage</method>
  <thread>1</thread>
  <message>Object: &amp;apos;Object Repository/TD2/Registration and Onboarding/Page_Registration/Register Button&amp;apos; is clicked on</message>
  <nestedLevel>1</nestedLevel>
</record>
<record>
  <date>2020-03-19T10:42:16</date>
  <millis>1584594736776</millis>
  <sequence>54</sequence>
  <level>END</level>
  <class>com.kms.katalon.core.logging.XmlKeywordLogger</class>
  <method>endKeyword</method>
  <thread>1</thread>
  <message>End action : click(findTestObject(\&amp;quot;TD2/Registration and Onboarding/Page_Registration/Register Button\&amp;quot;))</message>
  <nestedLevel>1</nestedLevel>
</record>
<record>
  <date>2020-03-19T10:42:16</date>
  <millis>1584594736777</millis>
  <sequence>55</sequence>
  <level>START</level>
  <class>com.kms.katalon.core.logging.XmlKeywordLogger</class>
  <method>startKeyword</method>
  <thread>1</thread>
  <message>Start action : if (verifyElementPresent(findTestObject(\&amp;quot;TD2/Registration and Onboarding/Page_Registration/WebsiteVersion\&amp;quot;), 10, OPTIONAL))</message>
  <nestedLevel>1</nestedLevel>
  <property name="startLine">35</property>
  <property name="stepIndex">5</property>
  <property name="description">Switching from TDC to TD2</property>
</record>
<record>
  <date>2020-03-19T10:42:16</date>
  <millis>1584594736778</millis>
  <sequence>56</sequence>
  <level>NOT_RUN</level>
  <class>com.kms.katalon.core.logging.XmlKeywordLogger</class>
  <method>logMessage</method>
  <thread>1</thread>
  <message>NOT_RUN: if (verifyElementPresent(findTestObject(\&amp;quot;TD2/Registration and Onboarding/Page_Registration/WebsiteVersion\&amp;quot;), 10, OPTIONAL))</message>
  <nestedLevel>1</nestedLevel>
</record>
<record>
  <date>2020-03-19T10:42:16</date>
  <millis>1584594736786</millis>
  <sequence>57</sequence>
  <level>END</level>
  <class>com.kms.katalon.core.logging.XmlKeywordLogger</class>
  <method>endKeyword</method>
  <thread>1</thread>
  <message>End action : if (verifyElementPresent(findTestObject(\&amp;quot;TD2/Registration and Onboarding/Page_Registration/WebsiteVersion\&amp;quot;), 10, OPTIONAL))</message>
  <nestedLevel>1</nestedLevel>
</record>
<record>
  <date>2020-03-19T10:42:16</date>
  <millis>1584594736787</millis>
  <sequence>58</sequence>
  <level>START</level>
  <class>com.kms.katalon.core.logging.XmlKeywordLogger</class>
  <method>startKeyword</method>
  <thread>1</thread>
  <message>Start action : if (verifyElementPresent(findTestObject(\&amp;quot;TD2/Registration and Onboarding/Page_Registration/ButtonYes\&amp;quot;), 10, OPTIONAL))</message>
  <nestedLevel>1</nestedLevel>
  <property name="startLine">41</property>
  <property name="stepIndex">6</property>
  <property name="description"> Handing the questions with Yes No TryItFree options</property>
</record>
<record>
  <date>2020-03-19T10:42:18</date>
  <millis>1584594738311</millis>
  <sequence>66</sequence>
  <level>PASSED</level>
  <class>com.kms.katalon.core.logging.XmlKeywordLogger</class>
  <method>logMessage</method>
  <thread>1</thread>
  <message>Object &amp;apos;Object Repository/TD2/Registration and Onboarding/Page_Registration/ButtonYes&amp;apos; is present</message>
  <nestedLevel>1</nestedLevel>
</record>
<record>
  <date>2020-03-19T10:42:18</date>
  <millis>1584594738312</millis>
  <sequence>67</sequence>
  <level>START</level>
  <class>com.kms.katalon.core.logging.XmlKeywordLogger</class>
  <method>startKeyword</method>
  <thread>1</thread>
  <message>Start action : click(findTestObject(\&amp;quot;TD2/Registration and Onboarding/Page_Registration/ButtonYes\&amp;quot;))</message>
  <nestedLevel>2</nestedLevel>
  <property name="startLine">42</property>
  <property name="stepIndex">1</property>
</record>
<record>
  <date>2020-03-19T10:42:18</date>
  <millis>1584594738814</millis>
  <sequence>78</sequence>
  <level>PASSED</level>
  <class>com.kms.katalon.core.logging.XmlKeywordLogger</class>
  <method>logMessage</method>
  <thread>1</thread>
  <message>Object: &amp;apos;Object Repository/TD2/Registration and Onboarding/Page_Registration/ButtonYes&amp;apos; is clicked on</message>
  <nestedLevel>1</nestedLevel>
</record>
<record>
  <date>2020-03-19T10:42:18</date>
  <millis>1584594738815</millis>
  <sequence>79</sequence>
  <level>END</level>
  <class>com.kms.katalon.core.logging.XmlKeywordLogger</class>
  <method>endKeyword</method>
  <thread>1</thread>
  <message>End action : click(findTestObject(\&amp;quot;TD2/Registration and Onboarding/Page_Registration/ButtonYes\&amp;quot;))</message>
  <nestedLevel>2</nestedLevel>
</record>
<record>
  <date>2020-03-19T10:42:18</date>
  <millis>1584594738815</millis>
  <sequence>80</sequence>
  <level>START</level>
  <class>com.kms.katalon.core.logging.XmlKeywordLogger</class>
  <method>startKeyword</method>
  <thread>1</thread>
  <message>Start action : click(findTestObject(\&amp;quot;TD2/Registration and Onboarding/Page_Onboarding/ButtonNo1\&amp;quot;))</message>
  <nestedLevel>2</nestedLevel>
  <property name="startLine">44</property>
  <property name="stepIndex">2</property>
</record>
<record>
  <date>2020-03-19T10:42:19</date>
  <millis>1584594739529</millis>
  <sequence>91</sequence>
  <level>PASSED</level>
  <class>com.kms.katalon.core.logging.XmlKeywordLogger</class>
  <method>logMessage</method>
  <thread>1</thread>
  <message>Object: &amp;apos;Object Repository/TD2/Registration and Onboarding/Page_Onboarding/ButtonNo1&amp;apos; is clicked on</message>
  <nestedLevel>1</nestedLevel>
</record>
<record>
  <date>2020-03-19T10:42:19</date>
  <millis>1584594739530</millis>
  <sequence>92</sequence>
  <level>END</level>
  <class>com.kms.katalon.core.logging.XmlKeywordLogger</class>
  <method>endKeyword</method>
  <thread>1</thread>
  <message>End action : click(findTestObject(\&amp;quot;TD2/Registration and Onboarding/Page_Onboarding/ButtonNo1\&amp;quot;))</message>
  <nestedLevel>2</nestedLevel>
</record>
<record>
  <date>2020-03-19T10:42:19</date>
  <millis>1584594739530</millis>
  <sequence>93</sequence>
  <level>START</level>
  <class>com.kms.katalon.core.logging.XmlKeywordLogger</class>
  <method>startKeyword</method>
  <thread>1</thread>
  <message>Start action : click(findTestObject(\&amp;quot;TD2/Registration and Onboarding/Page_Onboarding/ButtonTryItFree\&amp;quot;))</message>
  <nestedLevel>2</nestedLevel>
  <property name="startLine">46</property>
  <property name="stepIndex">3</property>
</record>
<record>
  <date>2020-03-19T10:42:20</date>
  <millis>1584594740851</millis>
  <sequence>104</sequence>
  <level>PASSED</level>
  <class>com.kms.katalon.core.logging.XmlKeywordLogger</class>
  <method>logMessage</method>
  <thread>1</thread>
  <message>Object: &amp;apos;Object Repository/TD2/Registration and Onboarding/Page_Onboarding/ButtonTryItFree&amp;apos; is clicked on</message>
  <nestedLevel>1</nestedLevel>
</record>
<record>
  <date>2020-03-19T10:42:20</date>
  <millis>1584594740852</millis>
  <sequence>105</sequence>
  <level>END</level>
  <class>com.kms.katalon.core.logging.XmlKeywordLogger</class>
  <method>endKeyword</method>
  <thread>1</thread>
  <message>End action : click(findTestObject(\&amp;quot;TD2/Registration and Onboarding/Page_Onboarding/ButtonTryItFree\&amp;quot;))</message>
  <nestedLevel>2</nestedLevel>
</record>
<record>
  <date>2020-03-19T10:42:20</date>
  <millis>1584594740852</millis>
  <sequence>106</sequence>
  <level>START</level>
  <class>com.kms.katalon.core.logging.XmlKeywordLogger</class>
  <method>startKeyword</method>
  <thread>1</thread>
  <message>Start action : click(findTestObject(\&amp;quot;TD2/Registration and Onboarding/Page_Registration/RadioAccountOption\&amp;quot;))</message>
  <nestedLevel>2</nestedLevel>
  <property name="startLine">48</property>
  <property name="stepIndex">4</property>
</record>
<record>
  <date>2020-03-19T10:42:21</date>
  <millis>1584594741514</millis>
  <sequence>117</sequence>
  <level>PASSED</level>
  <class>com.kms.katalon.core.logging.XmlKeywordLogger</class>
  <method>logMessage</method>
  <thread>1</thread>
  <message>Object: &amp;apos;Object Repository/TD2/Registration and Onboarding/Page_Registration/RadioAccountOption&amp;apos; is clicked on</message>
  <nestedLevel>1</nestedLevel>
</record>
<record>
  <date>2020-03-19T10:42:21</date>
  <millis>1584594741515</millis>
  <sequence>118</sequence>
  <level>END</level>
  <class>com.kms.katalon.core.logging.XmlKeywordLogger</class>
  <method>endKeyword</method>
  <thread>1</thread>
  <message>End action : click(findTestObject(\&amp;quot;TD2/Registration and Onboarding/Page_Registration/RadioAccountOption\&amp;quot;))</message>
  <nestedLevel>2</nestedLevel>
</record>
<record>
  <date>2020-03-19T10:42:21</date>
  <millis>1584594741517</millis>
  <sequence>119</sequence>
  <level>START</level>
  <class>com.kms.katalon.core.logging.XmlKeywordLogger</class>
  <method>startKeyword</method>
  <thread>1</thread>
  <message>Start action : click(findTestObject(\&amp;quot;TD2/Registration and Onboarding/Page_Onboarding/RadioButtonVisible\&amp;quot;))</message>
  <nestedLevel>2</nestedLevel>
  <property name="startLine">50</property>
  <property name="stepIndex">5</property>
</record>
<record>
  <date>2020-03-19T10:42:21</date>
  <millis>1584594741519</millis>
  <sequence>120</sequence>
  <level>NOT_RUN</level>
  <class>com.kms.katalon.core.logging.XmlKeywordLogger</class>
  <method>logMessage</method>
  <thread>1</thread>
  <message>NOT_RUN: click(findTestObject(\&amp;quot;TD2/Registration and Onboarding/Page_Onboarding/RadioButtonVisible\&amp;quot;))</message>
  <nestedLevel>1</nestedLevel>
</record>
<record>
  <date>2020-03-19T10:42:21</date>
  <millis>1584594741520</millis>
  <sequence>121</sequence>
  <level>END</level>
  <class>com.kms.katalon.core.logging.XmlKeywordLogger</class>
  <method>endKeyword</method>
  <thread>1</thread>
  <message>End action : click(findTestObject(\&amp;quot;TD2/Registration and Onboarding/Page_Onboarding/RadioButtonVisible\&amp;quot;))</message>
  <nestedLevel>2</nestedLevel>
</record>
<record>
  <date>2020-03-19T10:42:21</date>
  <millis>1584594741523</millis>
  <sequence>122</sequence>
  <level>START</level>
  <class>com.kms.katalon.core.logging.XmlKeywordLogger</class>
  <method>startKeyword</method>
  <thread>1</thread>
  <message>Start action : click(findTestObject(\&amp;quot;TD2/Registration and Onboarding/Page_Registration/ButtonContinue\&amp;quot;))</message>
  <nestedLevel>2</nestedLevel>
  <property name="startLine">53</property>
  <property name="stepIndex">6</property>
  <property name="description">Clicking to Continue</property>
</record>
<record>
  <date>2020-03-19T10:42:22</date>
  <millis>1584594742064</millis>
  <sequence>133</sequence>
  <level>PASSED</level>
  <class>com.kms.katalon.core.logging.XmlKeywordLogger</class>
  <method>logMessage</method>
  <thread>1</thread>
  <message>Object: &amp;apos;Object Repository/TD2/Registration and Onboarding/Page_Registration/ButtonContinue&amp;apos; is clicked on</message>
  <nestedLevel>1</nestedLevel>
</record>
<record>
  <date>2020-03-19T10:42:22</date>
  <millis>1584594742068</millis>
  <sequence>134</sequence>
  <level>END</level>
  <class>com.kms.katalon.core.logging.XmlKeywordLogger</class>
  <method>endKeyword</method>
  <thread>1</thread>
  <message>End action : click(findTestObject(\&amp;quot;TD2/Registration and Onboarding/Page_Registration/ButtonContinue\&amp;quot;))</message>
  <nestedLevel>2</nestedLevel>
</record>
<record>
  <date>2020-03-19T10:42:22</date>
  <millis>1584594742068</millis>
  <sequence>135</sequence>
  <level>START</level>
  <class>com.kms.katalon.core.logging.XmlKeywordLogger</class>
  <method>startKeyword</method>
  <thread>1</thread>
  <message>Start action : setText(findTestObject(\&amp;quot;TD2/Registration and Onboarding/Page_Registration/InputName\&amp;quot;), \&amp;quot;Payal\&amp;quot;)</message>
  <nestedLevel>2</nestedLevel>
  <property name="startLine">56</property>
  <property name="stepIndex">7</property>
  <property name="description">Entering the Name</property>
</record>
<record>
  <date>2020-03-19T10:42:22</date>
  <millis>1584594742730</millis>
  <sequence>146</sequence>
  <level>PASSED</level>
  <class>com.kms.katalon.core.logging.XmlKeywordLogger</class>
  <method>logMessage</method>
  <thread>1</thread>
  <message>Text &amp;apos;Payal&amp;apos; is set on object &amp;apos;Object Repository/TD2/Registration and Onboarding/Page_Registration/InputName&amp;apos;</message>
  <nestedLevel>1</nestedLevel>
</record>
<record>
  <date>2020-03-19T10:42:22</date>
  <millis>1584594742731</millis>
  <sequence>147</sequence>
  <level>END</level>
  <class>com.kms.katalon.core.logging.XmlKeywordLogger</class>
  <method>endKeyword</method>
  <thread>1</thread>
  <message>End action : setText(findTestObject(\&amp;quot;TD2/Registration and Onboarding/Page_Registration/InputName\&amp;quot;), \&amp;quot;Payal\&amp;quot;)</message>
  <nestedLevel>2</nestedLevel>
</record>
<record>
  <date>2020-03-19T10:42:22</date>
  <millis>1584594742731</millis>
  <sequence>148</sequence>
  <level>START</level>
  <class>com.kms.katalon.core.logging.XmlKeywordLogger</class>
  <method>startKeyword</method>
  <thread>1</thread>
  <message>Start action : driver = getWebDriver()</message>
  <nestedLevel>2</nestedLevel>
  <property name="startLine">58</property>
  <property name="stepIndex">8</property>
</record>
<record>
  <date>2020-03-19T10:42:22</date>
  <millis>1584594742744</millis>
  <sequence>149</sequence>
  <level>END</level>
  <class>com.kms.katalon.core.logging.XmlKeywordLogger</class>
  <method>endKeyword</method>
  <thread>1</thread>
  <message>End action : driver = getWebDriver()</message>
  <nestedLevel>2</nestedLevel>
</record>
<record>
  <date>2020-03-19T10:42:22</date>
  <millis>1584594742744</millis>
  <sequence>150</sequence>
  <level>START</level>
  <class>com.kms.katalon.core.logging.XmlKeywordLogger</class>
  <method>startKeyword</method>
  <thread>1</thread>
  <message>Start action : emailAddress = \&amp;quot;payal+\&amp;quot; + getDateTime() + \&amp;quot;@timedoctor.com\&amp;quot;</message>
  <nestedLevel>2</nestedLevel>
  <property name="startLine">61</property>
  <property name="stepIndex">9</property>
  <property name="description">Generate unique email address</property>
</record>
<record>
  <date>2020-03-19T10:42:22</date>
  <millis>1584594742746</millis>
  <sequence>151</sequence>
  <level>END</level>
  <class>com.kms.katalon.core.logging.XmlKeywordLogger</class>
  <method>endKeyword</method>
  <thread>1</thread>
  <message>End action : emailAddress = \&amp;quot;payal+\&amp;quot; + getDateTime() + \&amp;quot;@timedoctor.com\&amp;quot;</message>
  <nestedLevel>2</nestedLevel>
</record>
<record>
  <date>2020-03-19T10:42:22</date>
  <millis>1584594742749</millis>
  <sequence>152</sequence>
  <level>END</level>
  <class>com.kms.katalon.core.logging.XmlKeywordLogger</class>
  <method>endKeyword</method>
  <thread>1</thread>
  <message>End action : if (verifyElementPresent(findTestObject(\&amp;quot;TD2/Registration and Onboarding/Page_Registration/ButtonYes\&amp;quot;), 10, OPTIONAL))</message>
  <nestedLevel>1</nestedLevel>
</record>
<record>
  <date>2020-03-19T10:42:22</date>
  <millis>1584594742749</millis>
  <sequence>153</sequence>
  <level>START</level>
  <class>com.kms.katalon.core.logging.XmlKeywordLogger</class>
  <method>startKeyword</method>
  <thread>1</thread>
  <message>Start action : nowDateTime = new java.text.SimpleDateFormat(yyMMddHHmmss)</message>
  <nestedLevel>1</nestedLevel>
  <property name="startLine">181</property>
  <property name="stepIndex">1</property>
</record>
<record>
  <date>2020-03-19T10:42:22</date>
  <millis>1584594742761</millis>
  <sequence>154</sequence>
  <level>END</level>
  <class>com.kms.katalon.core.logging.XmlKeywordLogger</class>
  <method>endKeyword</method>
  <thread>1</thread>
  <message>End action : nowDateTime = new java.text.SimpleDateFormat(yyMMddHHmmss)</message>
  <nestedLevel>1</nestedLevel>
</record>
<record>
  <date>2020-03-19T10:42:22</date>
  <millis>1584594742762</millis>
  <sequence>155</sequence>
  <level>START</level>
  <class>com.kms.katalon.core.logging.XmlKeywordLogger</class>
  <method>startKeyword</method>
  <thread>1</thread>
  <message>Start action : now = new java.util.Date()</message>
  <nestedLevel>1</nestedLevel>
  <property name="startLine">183</property>
  <property name="stepIndex">2</property>
</record>
<record>
  <date>2020-03-19T10:42:22</date>
  <millis>1584594742769</millis>
  <sequence>156</sequence>
  <level>END</level>
  <class>com.kms.katalon.core.logging.XmlKeywordLogger</class>
  <method>endKeyword</method>
  <thread>1</thread>
  <message>End action : now = new java.util.Date()</message>
  <nestedLevel>1</nestedLevel>
</record>
<record>
  <date>2020-03-19T10:42:22</date>
  <millis>1584594742770</millis>
  <sequence>157</sequence>
  <level>START</level>
  <class>com.kms.katalon.core.logging.XmlKeywordLogger</class>
  <method>startKeyword</method>
  <thread>1</thread>
  <message>Start action : strDate = nowDateTime.format(now)</message>
  <nestedLevel>1</nestedLevel>
  <property name="startLine">185</property>
  <property name="stepIndex">3</property>
</record>
<record>
  <date>2020-03-19T10:42:22</date>
  <millis>1584594742775</millis>
  <sequence>158</sequence>
  <level>END</level>
  <class>com.kms.katalon.core.logging.XmlKeywordLogger</class>
  <method>endKeyword</method>
  <thread>1</thread>
  <message>End action : strDate = nowDateTime.format(now)</message>
  <nestedLevel>1</nestedLevel>
</record>
<record>
  <date>2020-03-19T10:42:22</date>
  <millis>1584594742777</millis>
  <sequence>159</sequence>
  <level>START</level>
  <class>com.kms.katalon.core.logging.XmlKeywordLogger</class>
  <method>startKeyword</method>
  <thread>1</thread>
  <message>Start action : return strDate</message>
  <nestedLevel>1</nestedLevel>
  <property name="startLine">187</property>
  <property name="stepIndex">4</property>
</record>
<record>
  <date>2020-03-19T10:42:22</date>
  <millis>1584594742778</millis>
  <sequence>160</sequence>
  <level>START</level>
  <class>com.kms.katalon.core.logging.XmlKeywordLogger</class>
  <method>startKeyword</method>
  <thread>1</thread>
  <message>Start action : waitForElementVisible(findTestObject(\&amp;quot;TD2/Registration and Onboarding/Page_Registration/InputCompanyEmail\&amp;quot;), 10)</message>
  <nestedLevel>2</nestedLevel>
  <property name="startLine">64</property>
  <property name="stepIndex">10</property>
  <property name="description">Wait for email field to be visible, max waiting time 60 seconds</property>
</record>
<record>
  <date>2020-03-19T10:42:23</date>
  <millis>1584594743380</millis>
  <sequence>169</sequence>
  <level>PASSED</level>
  <class>com.kms.katalon.core.logging.XmlKeywordLogger</class>
  <method>logMessage</method>
  <thread>1</thread>
  <message>Object &amp;apos;Object Repository/TD2/Registration and Onboarding/Page_Registration/InputCompanyEmail&amp;apos; is visible</message>
  <nestedLevel>1</nestedLevel>
</record>
<record>
  <date>2020-03-19T10:42:23</date>
  <millis>1584594743381</millis>
  <sequence>170</sequence>
  <level>END</level>
  <class>com.kms.katalon.core.logging.XmlKeywordLogger</class>
  <method>endKeyword</method>
  <thread>1</thread>
  <message>End action : waitForElementVisible(findTestObject(\&amp;quot;TD2/Registration and Onboarding/Page_Registration/InputCompanyEmail\&amp;quot;), 10)</message>
  <nestedLevel>2</nestedLevel>
</record>
<record>
  <date>2020-03-19T10:42:23</date>
  <millis>1584594743383</millis>
  <sequence>171</sequence>
  <level>START</level>
  <class>com.kms.katalon.core.logging.XmlKeywordLogger</class>
  <method>startKeyword</method>
  <thread>1</thread>
  <message>Start action : setText(findTestObject(\&amp;quot;TD2/Registration and Onboarding/Page_Registration/InputCompanyEmail\&amp;quot;), emailAddress)</message>
  <nestedLevel>2</nestedLevel>
  <property name="startLine">67</property>
  <property name="stepIndex">11</property>
  <property name="description">Input generated unique email address to email field</property>
</record>
<record>
  <date>2020-03-19T10:42:24</date>
  <millis>1584594744109</millis>
  <sequence>182</sequence>
  <level>PASSED</level>
  <class>com.kms.katalon.core.logging.XmlKeywordLogger</class>
  <method>logMessage</method>
  <thread>1</thread>
  <message>Text &amp;apos;payal+200319104222@timedoctor.com&amp;apos; is set on object &amp;apos;Object Repository/TD2/Registration and Onboarding/Page_Registration/InputCompanyEmail&amp;apos;</message>
  <nestedLevel>1</nestedLevel>
</record>
<record>
  <date>2020-03-19T10:42:24</date>
  <millis>1584594744110</millis>
  <sequence>183</sequence>
  <level>END</level>
  <class>com.kms.katalon.core.logging.XmlKeywordLogger</class>
  <method>endKeyword</method>
  <thread>1</thread>
  <message>End action : setText(findTestObject(\&amp;quot;TD2/Registration and Onboarding/Page_Registration/InputCompanyEmail\&amp;quot;), emailAddress)</message>
  <nestedLevel>2</nestedLevel>
</record>
<record>
  <date>2020-03-19T10:42:24</date>
  <millis>1584594744110</millis>
  <sequence>184</sequence>
  <level>START</level>
  <class>com.kms.katalon.core.logging.XmlKeywordLogger</class>
  <method>startKeyword</method>
  <thread>1</thread>
  <message>Start action : setEncryptedText(findTestObject(\&amp;quot;TD2/Registration and Onboarding/Page_Registration/InputPassword\&amp;quot;), \&amp;quot;Px/nOzMEHWxU8lgHigNsmA==\&amp;quot;)</message>
  <nestedLevel>2</nestedLevel>
  <property name="startLine">70</property>
  <property name="stepIndex">12</property>
  <property name="description">Enter the password</property>
</record>
<record>
  <date>2020-03-19T10:42:25</date>
  <millis>1584594745114</millis>
  <sequence>195</sequence>
  <level>PASSED</level>
  <class>com.kms.katalon.core.logging.XmlKeywordLogger</class>
  <method>logMessage</method>
  <thread>1</thread>
  <message>Text ****** has been set on object &amp;apos;Object Repository/TD2/Registration and Onboarding/Page_Registration/InputPassword&amp;apos;</message>
  <nestedLevel>1</nestedLevel>
</record>
<record>
  <date>2020-03-19T10:42:25</date>
  <millis>1584594745114</millis>
  <sequence>196</sequence>
  <level>END</level>
  <class>com.kms.katalon.core.logging.XmlKeywordLogger</class>
  <method>endKeyword</method>
  <thread>1</thread>
  <message>End action : setEncryptedText(findTestObject(\&amp;quot;TD2/Registration and Onboarding/Page_Registration/InputPassword\&amp;quot;), \&amp;quot;Px/nOzMEHWxU8lgHigNsmA==\&amp;quot;)</message>
  <nestedLevel>2</nestedLevel>
</record>
<record>
  <date>2020-03-19T10:42:25</date>
  <millis>1584594745115</millis>
  <sequence>197</sequence>
  <level>START</level>
  <class>com.kms.katalon.core.logging.XmlKeywordLogger</class>
  <method>startKeyword</method>
  <thread>1</thread>
  <message>Start action : click(findTestObject(\&amp;quot;TD2/Registration and Onboarding/Page_Registration/ButtonTestItOut\&amp;quot;))</message>
  <nestedLevel>2</nestedLevel>
  <property name="startLine">73</property>
  <property name="stepIndex">13</property>
  <property name="description">Click on ButtonTestItOut</property>
</record>
<record>
  <date>2020-03-19T10:42:25</date>
  <millis>1584594745681</millis>
  <sequence>208</sequence>
  <level>PASSED</level>
  <class>com.kms.katalon.core.logging.XmlKeywordLogger</class>
  <method>logMessage</method>
  <thread>1</thread>
  <message>Object: &amp;apos;Object Repository/TD2/Registration and Onboarding/Page_Registration/ButtonTestItOut&amp;apos; is clicked on</message>
  <nestedLevel>1</nestedLevel>
</record>
<record>
  <date>2020-03-19T10:42:25</date>
  <millis>1584594745682</millis>
  <sequence>209</sequence>
  <level>END</level>
  <class>com.kms.katalon.core.logging.XmlKeywordLogger</class>
  <method>endKeyword</method>
  <thread>1</thread>
  <message>End action : click(findTestObject(\&amp;quot;TD2/Registration and Onboarding/Page_Registration/ButtonTestItOut\&amp;quot;))</message>
  <nestedLevel>2</nestedLevel>
</record>
<record>
  <date>2020-03-19T10:42:25</date>
  <millis>1584594745682</millis>
  <sequence>210</sequence>
  <level>START</level>
  <class>com.kms.katalon.core.logging.XmlKeywordLogger</class>
  <method>startKeyword</method>
  <thread>1</thread>
  <message>Start action : delay(10)</message>
  <nestedLevel>2</nestedLevel>
  <property name="startLine">75</property>
  <property name="stepIndex">14</property>
</record>
<record>
  <date>2020-03-19T10:42:35</date>
  <millis>1584594755739</millis>
  <sequence>212</sequence>
  <level>PASSED</level>
  <class>com.kms.katalon.core.logging.XmlKeywordLogger</class>
  <method>logMessage</method>
  <thread>1</thread>
  <message>Delayed 10 second(s)</message>
  <nestedLevel>1</nestedLevel>
</record>
<record>
  <date>2020-03-19T10:42:35</date>
  <millis>1584594755741</millis>
  <sequence>213</sequence>
  <level>END</level>
  <class>com.kms.katalon.core.logging.XmlKeywordLogger</class>
  <method>endKeyword</method>
  <thread>1</thread>
  <message>End action : delay(10)</message>
  <nestedLevel>2</nestedLevel>
</record>
<record>
  <date>2020-03-19T10:42:35</date>
  <millis>1584594755742</millis>
  <sequence>214</sequence>
  <level>START</level>
  <class>com.kms.katalon.core.logging.XmlKeywordLogger</class>
  <method>startKeyword</method>
  <thread>1</thread>
  <message>Start action : click(findTestObject(\&amp;quot;TD2/Registration and Onboarding/Page_Onboarding/span_No I like paying\&amp;quot;))</message>
  <nestedLevel>2</nestedLevel>
  <property name="startLine">78</property>
  <property name="stepIndex">15</property>
  <property name="description">Click on No I like to Pay</property>
</record>
<record>
  <date>2020-03-19T10:42:36</date>
  <millis>1584594756243</millis>
  <sequence>225</sequence>
  <level>PASSED</level>
  <class>com.kms.katalon.core.logging.XmlKeywordLogger</class>
  <method>logMessage</method>
  <thread>1</thread>
  <message>Object: &amp;apos;Object Repository/TD2/Registration and Onboarding/Page_Onboarding/span_No I like paying&amp;apos; is clicked on</message>
  <nestedLevel>1</nestedLevel>
</record>
<record>
  <date>2020-03-19T10:42:36</date>
  <millis>1584594756244</millis>
  <sequence>226</sequence>
  <level>END</level>
  <class>com.kms.katalon.core.logging.XmlKeywordLogger</class>
  <method>endKeyword</method>
  <thread>1</thread>
  <message>End action : click(findTestObject(\&amp;quot;TD2/Registration and Onboarding/Page_Onboarding/span_No I like paying\&amp;quot;))</message>
  <nestedLevel>2</nestedLevel>
</record>
<record>
  <date>2020-03-19T10:42:36</date>
  <millis>1584594756245</millis>
  <sequence>227</sequence>
  <level>START</level>
  <class>com.kms.katalon.core.logging.XmlKeywordLogger</class>
  <method>startKeyword</method>
  <thread>1</thread>
  <message>Start action : if (verifyElementPresent(findTestObject(\&amp;quot;TD2/Registration and Onboarding/Page_Onboarding/Company Name\&amp;quot;), 10, OPTIONAL))</message>
  <nestedLevel>2</nestedLevel>
  <property name="startLine">81</property>
  <property name="stepIndex">16</property>
  <property name="description">Entering Company Name</property>
</record>
<record>
  <date>2020-03-19T10:42:37</date>
  <millis>1584594757187</millis>
  <sequence>235</sequence>
  <level>PASSED</level>
  <class>com.kms.katalon.core.logging.XmlKeywordLogger</class>
  <method>logMessage</method>
  <thread>1</thread>
  <message>Object &amp;apos;Object Repository/TD2/Registration and Onboarding/Page_Onboarding/Company Name&amp;apos; is present</message>
  <nestedLevel>1</nestedLevel>
</record>
<record>
  <date>2020-03-19T10:42:37</date>
  <millis>1584594757188</millis>
  <sequence>236</sequence>
  <level>START</level>
  <class>com.kms.katalon.core.logging.XmlKeywordLogger</class>
  <method>startKeyword</method>
  <thread>1</thread>
  <message>Start action : sendKeys(findTestObject(\&amp;quot;TD2/Registration and Onboarding/Page_Onboarding/Company Name\&amp;quot;), \&amp;quot;QA Team\&amp;quot;)</message>
  <nestedLevel>3</nestedLevel>
  <property name="startLine">82</property>
  <property name="stepIndex">1</property>
</record>
<record>
  <date>2020-03-19T10:42:37</date>
  <millis>1584594757784</millis>
  <sequence>244</sequence>
  <level>PASSED</level>
  <class>com.kms.katalon.core.logging.XmlKeywordLogger</class>
  <method>logMessage</method>
  <thread>1</thread>
  <message>Keys &amp;apos;QA Team&amp;apos; sent to object: &amp;apos;Object Repository/TD2/Registration and Onboarding/Page_Onboarding/Company Name&amp;apos;</message>
  <nestedLevel>1</nestedLevel>
</record>
<record>
  <date>2020-03-19T10:42:37</date>
  <millis>1584594757786</millis>
  <sequence>245</sequence>
  <level>END</level>
  <class>com.kms.katalon.core.logging.XmlKeywordLogger</class>
  <method>endKeyword</method>
  <thread>1</thread>
  <message>End action : sendKeys(findTestObject(\&amp;quot;TD2/Registration and Onboarding/Page_Onboarding/Company Name\&amp;quot;), \&amp;quot;QA Team\&amp;quot;)</message>
  <nestedLevel>3</nestedLevel>
</record>
<record>
  <date>2020-03-19T10:42:37</date>
  <millis>1584594757788</millis>
  <sequence>246</sequence>
  <level>START</level>
  <class>com.kms.katalon.core.logging.XmlKeywordLogger</class>
  <method>startKeyword</method>
  <thread>1</thread>
  <message>Start action : click(findTestObject(\&amp;quot;TD2/Registration and Onboarding/Page_Onboarding/Just Me\&amp;quot;))</message>
  <nestedLevel>3</nestedLevel>
  <property name="startLine">85</property>
  <property name="stepIndex">2</property>
  <property name="description">Clicking on Just Me</property>
</record>
<record>
  <date>2020-03-19T10:42:38</date>
  <millis>1584594758495</millis>
  <sequence>257</sequence>
  <level>PASSED</level>
  <class>com.kms.katalon.core.logging.XmlKeywordLogger</class>
  <method>logMessage</method>
  <thread>1</thread>
  <message>Object: &amp;apos;Object Repository/TD2/Registration and Onboarding/Page_Onboarding/Just Me&amp;apos; is clicked on</message>
  <nestedLevel>1</nestedLevel>
</record>
<record>
  <date>2020-03-19T10:42:38</date>
  <millis>1584594758499</millis>
  <sequence>258</sequence>
  <level>END</level>
  <class>com.kms.katalon.core.logging.XmlKeywordLogger</class>
  <method>endKeyword</method>
  <thread>1</thread>
  <message>End action : click(findTestObject(\&amp;quot;TD2/Registration and Onboarding/Page_Onboarding/Just Me\&amp;quot;))</message>
  <nestedLevel>3</nestedLevel>
</record>
<record>
  <date>2020-03-19T10:42:38</date>
  <millis>1584594758499</millis>
  <sequence>259</sequence>
  <level>START</level>
  <class>com.kms.katalon.core.logging.XmlKeywordLogger</class>
  <method>startKeyword</method>
  <thread>1</thread>
  <message>Start action : click(findTestObject(\&amp;quot;TD2/Registration and Onboarding/Page_Onboarding/Next - Company Name\&amp;quot;))</message>
  <nestedLevel>3</nestedLevel>
  <property name="startLine">88</property>
  <property name="stepIndex">3</property>
  <property name="description">Clicking on Next Button</property>
</record>
<record>
  <date>2020-03-19T10:42:38</date>
  <millis>1584594758963</millis>
  <sequence>270</sequence>
  <level>PASSED</level>
  <class>com.kms.katalon.core.logging.XmlKeywordLogger</class>
  <method>logMessage</method>
  <thread>1</thread>
  <message>Object: &amp;apos;Object Repository/TD2/Registration and Onboarding/Page_Onboarding/Next - Company Name&amp;apos; is clicked on</message>
  <nestedLevel>1</nestedLevel>
</record>
<record>
  <date>2020-03-19T10:42:38</date>
  <millis>1584594758964</millis>
  <sequence>271</sequence>
  <level>END</level>
  <class>com.kms.katalon.core.logging.XmlKeywordLogger</class>
  <method>endKeyword</method>
  <thread>1</thread>
  <message>End action : click(findTestObject(\&amp;quot;TD2/Registration and Onboarding/Page_Onboarding/Next - Company Name\&amp;quot;))</message>
  <nestedLevel>3</nestedLevel>
</record>
<record>
  <date>2020-03-19T10:42:38</date>
  <millis>1584594758964</millis>
  <sequence>272</sequence>
  <level>START</level>
  <class>com.kms.katalon.core.logging.XmlKeywordLogger</class>
  <method>startKeyword</method>
  <thread>1</thread>
  <message>Start action : click(findTestObject(\&amp;quot;TD2/Registration and Onboarding/Page_Onboarding/Next - Industry\&amp;quot;))</message>
  <nestedLevel>3</nestedLevel>
  <property name="startLine">91</property>
  <property name="stepIndex">4</property>
  <property name="description">Click on Industry</property>
</record>
<record>
  <date>2020-03-19T10:42:40</date>
  <millis>1584594760515</millis>
  <sequence>283</sequence>
  <level>PASSED</level>
  <class>com.kms.katalon.core.logging.XmlKeywordLogger</class>
  <method>logMessage</method>
  <thread>1</thread>
  <message>Object: &amp;apos;Object Repository/TD2/Registration and Onboarding/Page_Onboarding/Next - Industry&amp;apos; is clicked on</message>
  <nestedLevel>1</nestedLevel>
</record>
<record>
  <date>2020-03-19T10:42:40</date>
  <millis>1584594760515</millis>
  <sequence>284</sequence>
  <level>END</level>
  <class>com.kms.katalon.core.logging.XmlKeywordLogger</class>
  <method>endKeyword</method>
  <thread>1</thread>
  <message>End action : click(findTestObject(\&amp;quot;TD2/Registration and Onboarding/Page_Onboarding/Next - Industry\&amp;quot;))</message>
  <nestedLevel>3</nestedLevel>
</record>
<record>
  <date>2020-03-19T10:42:40</date>
  <millis>1584594760516</millis>
  <sequence>285</sequence>
  <level>END</level>
  <class>com.kms.katalon.core.logging.XmlKeywordLogger</class>
  <method>endKeyword</method>
  <thread>1</thread>
  <message>End action : if (verifyElementPresent(findTestObject(\&amp;quot;TD2/Registration and Onboarding/Page_Onboarding/Company Name\&amp;quot;), 10, OPTIONAL))</message>
  <nestedLevel>2</nestedLevel>
</record>
<record>
  <date>2020-03-19T10:42:40</date>
  <millis>1584594760516</millis>
  <sequence>286</sequence>
  <level>START</level>
  <class>com.kms.katalon.core.logging.XmlKeywordLogger</class>
  <method>startKeyword</method>
  <thread>1</thread>
  <message>Start action : click(findTestObject(\&amp;quot;TD2/Registration and Onboarding/Page_Onboarding/Next2\&amp;quot;))</message>
  <nestedLevel>2</nestedLevel>
  <property name="startLine">94</property>
  <property name="stepIndex">17</property>
</record>
<record>
  <date>2020-03-19T10:42:40</date>
  <millis>1584594760516</millis>
  <sequence>287</sequence>
  <level>NOT_RUN</level>
  <class>com.kms.katalon.core.logging.XmlKeywordLogger</class>
  <method>logMessage</method>
  <thread>1</thread>
  <message>NOT_RUN: click(findTestObject(\&amp;quot;TD2/Registration and Onboarding/Page_Onboarding/Next2\&amp;quot;))</message>
  <nestedLevel>1</nestedLevel>
</record>
<record>
  <date>2020-03-19T10:42:40</date>
  <millis>1584594760517</millis>
  <sequence>288</sequence>
  <level>END</level>
  <class>com.kms.katalon.core.logging.XmlKeywordLogger</class>
  <method>endKeyword</method>
  <thread>1</thread>
  <message>End action : click(findTestObject(\&amp;quot;TD2/Registration and Onboarding/Page_Onboarding/Next2\&amp;quot;))</message>
  <nestedLevel>2</nestedLevel>
</record>
<record>
  <date>2020-03-19T10:42:40</date>
  <millis>1584594760517</millis>
  <sequence>289</sequence>
  <level>START</level>
  <class>com.kms.katalon.core.logging.XmlKeywordLogger</class>
  <method>startKeyword</method>
  <thread>1</thread>
  <message>Start action : click(findTestObject(\&amp;quot;TD2/Registration and Onboarding/Page_Onboarding/Next2\&amp;quot;))</message>
  <nestedLevel>2</nestedLevel>
  <property name="startLine">96</property>
  <property name="stepIndex">18</property>
</record>
<record>
  <date>2020-03-19T10:42:40</date>
  <millis>1584594760518</millis>
  <sequence>290</sequence>
  <level>NOT_RUN</level>
  <class>com.kms.katalon.core.logging.XmlKeywordLogger</class>
  <method>logMessage</method>
  <thread>1</thread>
  <message>NOT_RUN: click(findTestObject(\&amp;quot;TD2/Registration and Onboarding/Page_Onboarding/Next2\&amp;quot;))</message>
  <nestedLevel>1</nestedLevel>
</record>
<record>
  <date>2020-03-19T10:42:40</date>
  <millis>1584594760519</millis>
  <sequence>291</sequence>
  <level>END</level>
  <class>com.kms.katalon.core.logging.XmlKeywordLogger</class>
  <method>endKeyword</method>
  <thread>1</thread>
  <message>End action : click(findTestObject(\&amp;quot;TD2/Registration and Onboarding/Page_Onboarding/Next2\&amp;quot;))</message>
  <nestedLevel>2</nestedLevel>
</record>
<record>
  <date>2020-03-19T10:42:40</date>
  <millis>1584594760519</millis>
  <sequence>292</sequence>
  <level>START</level>
  <class>com.kms.katalon.core.logging.XmlKeywordLogger</class>
  <method>startKeyword</method>
  <thread>1</thread>
  <message>Start action : click(findTestObject(\&amp;quot;TD2/Registration and Onboarding/Page_Onboarding/span_Next\&amp;quot;))</message>
  <nestedLevel>2</nestedLevel>
  <property name="startLine">99</property>
  <property name="stepIndex">19</property>
  <property name="description">Clicking on Next Button</property>
</record>
<record>
  <date>2020-03-19T10:42:42</date>
  <millis>1584594762012</millis>
  <sequence>303</sequence>
  <level>PASSED</level>
  <class>com.kms.katalon.core.logging.XmlKeywordLogger</class>
  <method>logMessage</method>
  <thread>1</thread>
  <message>Object: &amp;apos;Object Repository/TD2/Registration and Onboarding/Page_Onboarding/span_Next&amp;apos; is clicked on</message>
  <nestedLevel>1</nestedLevel>
</record>
<record>
  <date>2020-03-19T10:42:42</date>
  <millis>1584594762013</millis>
  <sequence>304</sequence>
  <level>END</level>
  <class>com.kms.katalon.core.logging.XmlKeywordLogger</class>
  <method>endKeyword</method>
  <thread>1</thread>
  <message>End action : click(findTestObject(\&amp;quot;TD2/Registration and Onboarding/Page_Onboarding/span_Next\&amp;quot;))</message>
  <nestedLevel>2</nestedLevel>
</record>
<record>
  <date>2020-03-19T10:42:42</date>
  <millis>1584594762013</millis>
  <sequence>305</sequence>
  <level>START</level>
  <class>com.kms.katalon.core.logging.XmlKeywordLogger</class>
  <method>startKeyword</method>
  <thread>1</thread>
  <message>Start action : click(findTestObject(\&amp;quot;TD2/Registration and Onboarding/Page_Onboarding/Next - Set up your Account\&amp;quot;))</message>
  <nestedLevel>2</nestedLevel>
  <property name="startLine">102</property>
  <property name="stepIndex">20</property>
  <property name="description">Clicking to Set up your Account </property>
</record>
<record>
  <date>2020-03-19T10:42:42</date>
  <millis>1584594762014</millis>
  <sequence>306</sequence>
  <level>NOT_RUN</level>
  <class>com.kms.katalon.core.logging.XmlKeywordLogger</class>
  <method>logMessage</method>
  <thread>1</thread>
  <message>NOT_RUN: click(findTestObject(\&amp;quot;TD2/Registration and Onboarding/Page_Onboarding/Next - Set up your Account\&amp;quot;))</message>
  <nestedLevel>1</nestedLevel>
</record>
<record>
  <date>2020-03-19T10:42:42</date>
  <millis>1584594762014</millis>
  <sequence>307</sequence>
  <level>END</level>
  <class>com.kms.katalon.core.logging.XmlKeywordLogger</class>
  <method>endKeyword</method>
  <thread>1</thread>
  <message>End action : click(findTestObject(\&amp;quot;TD2/Registration and Onboarding/Page_Onboarding/Next - Set up your Account\&amp;quot;))</message>
  <nestedLevel>2</nestedLevel>
</record>
<record>
  <date>2020-03-19T10:42:42</date>
  <millis>1584594762015</millis>
  <sequence>308</sequence>
  <level>START</level>
  <class>com.kms.katalon.core.logging.XmlKeywordLogger</class>
  <method>startKeyword</method>
  <thread>1</thread>
  <message>Start action : click(findTestObject(\&amp;quot;TD2/Registration and Onboarding/Page_Onboarding/I dont have team\&amp;quot;))</message>
  <nestedLevel>2</nestedLevel>
  <property name="startLine">105</property>
  <property name="stepIndex">21</property>
  <property name="description">Selecting that you dont have team</property>
</record>
<record>
  <date>2020-03-19T10:42:44</date>
  <millis>1584594764095</millis>
  <sequence>319</sequence>
  <level>PASSED</level>
  <class>com.kms.katalon.core.logging.XmlKeywordLogger</class>
  <method>logMessage</method>
  <thread>1</thread>
  <message>Object: &amp;apos;Object Repository/TD2/Registration and Onboarding/Page_Onboarding/I dont have team&amp;apos; is clicked on</message>
  <nestedLevel>1</nestedLevel>
</record>
<record>
  <date>2020-03-19T10:42:44</date>
  <millis>1584594764097</millis>
  <sequence>320</sequence>
  <level>END</level>
  <class>com.kms.katalon.core.logging.XmlKeywordLogger</class>
  <method>endKeyword</method>
  <thread>1</thread>
  <message>End action : click(findTestObject(\&amp;quot;TD2/Registration and Onboarding/Page_Onboarding/I dont have team\&amp;quot;))</message>
  <nestedLevel>2</nestedLevel>
</record>
<record>
  <date>2020-03-19T10:42:44</date>
  <millis>1584594764102</millis>
  <sequence>321</sequence>
  <level>START</level>
  <class>com.kms.katalon.core.logging.XmlKeywordLogger</class>
  <method>startKeyword</method>
  <thread>1</thread>
  <message>Start action : click(findTestObject(\&amp;quot;TD2/Registration and Onboarding/Page_Onboarding/Submit - Invite\&amp;quot;))</message>
  <nestedLevel>2</nestedLevel>
  <property name="startLine">108</property>
  <property name="stepIndex">22</property>
  <property name="description">Clicking on Invite Button</property>
</record>
<record>
  <date>2020-03-19T10:42:44</date>
  <millis>1584594764530</millis>
  <sequence>332</sequence>
  <level>PASSED</level>
  <class>com.kms.katalon.core.logging.XmlKeywordLogger</class>
  <method>logMessage</method>
  <thread>1</thread>
  <message>Object: &amp;apos;Object Repository/TD2/Registration and Onboarding/Page_Onboarding/Submit - Invite&amp;apos; is clicked on</message>
  <nestedLevel>1</nestedLevel>
</record>
<record>
  <date>2020-03-19T10:42:44</date>
  <millis>1584594764530</millis>
  <sequence>333</sequence>
  <level>END</level>
  <class>com.kms.katalon.core.logging.XmlKeywordLogger</class>
  <method>endKeyword</method>
  <thread>1</thread>
  <message>End action : click(findTestObject(\&amp;quot;TD2/Registration and Onboarding/Page_Onboarding/Submit - Invite\&amp;quot;))</message>
  <nestedLevel>2</nestedLevel>
</record>
<record>
  <date>2020-03-19T10:42:44</date>
  <millis>1584594764531</millis>
  <sequence>334</sequence>
  <level>START</level>
  <class>com.kms.katalon.core.logging.XmlKeywordLogger</class>
  <method>startKeyword</method>
  <thread>1</thread>
  <message>Start action : click(findTestObject(\&amp;quot;TD2/Registration and Onboarding/Page_Onboarding/ButtonSkip\&amp;quot;))</message>
  <nestedLevel>2</nestedLevel>
  <property name="startLine">110</property>
  <property name="stepIndex">23</property>
</record>
<record>
  <date>2020-03-19T10:42:44</date>
  <millis>1584594764532</millis>
  <sequence>335</sequence>
  <level>NOT_RUN</level>
  <class>com.kms.katalon.core.logging.XmlKeywordLogger</class>
  <method>logMessage</method>
  <thread>1</thread>
  <message>NOT_RUN: click(findTestObject(\&amp;quot;TD2/Registration and Onboarding/Page_Onboarding/ButtonSkip\&amp;quot;))</message>
  <nestedLevel>1</nestedLevel>
</record>
<record>
  <date>2020-03-19T10:42:44</date>
  <millis>1584594764532</millis>
  <sequence>336</sequence>
  <level>END</level>
  <class>com.kms.katalon.core.logging.XmlKeywordLogger</class>
  <method>endKeyword</method>
  <thread>1</thread>
  <message>End action : click(findTestObject(\&amp;quot;TD2/Registration and Onboarding/Page_Onboarding/ButtonSkip\&amp;quot;))</message>
  <nestedLevel>2</nestedLevel>
</record>
<record>
  <date>2020-03-19T10:42:44</date>
  <millis>1584594764532</millis>
  <sequence>337</sequence>
  <level>START</level>
  <class>com.kms.katalon.core.logging.XmlKeywordLogger</class>
  <method>startKeyword</method>
  <thread>1</thread>
  <message>Start action : selectOptionByValue(findTestObject(\&amp;quot;TD2/Registration and Onboarding/Page_Onboarding/DropdownInvite\&amp;quot;), \&amp;quot;0\&amp;quot;, true)</message>
  <nestedLevel>2</nestedLevel>
  <property name="startLine">112</property>
  <property name="stepIndex">24</property>
</record>
<record>
  <date>2020-03-19T10:42:44</date>
  <millis>1584594764533</millis>
  <sequence>338</sequence>
  <level>NOT_RUN</level>
  <class>com.kms.katalon.core.logging.XmlKeywordLogger</class>
  <method>logMessage</method>
  <thread>1</thread>
  <message>NOT_RUN: selectOptionByValue(findTestObject(\&amp;quot;TD2/Registration and Onboarding/Page_Onboarding/DropdownInvite\&amp;quot;), \&amp;quot;0\&amp;quot;, true)</message>
  <nestedLevel>1</nestedLevel>
</record>
<record>
  <date>2020-03-19T10:42:44</date>
  <millis>1584594764534</millis>
  <sequence>339</sequence>
  <level>END</level>
  <class>com.kms.katalon.core.logging.XmlKeywordLogger</class>
  <method>endKeyword</method>
  <thread>1</thread>
  <message>End action : selectOptionByValue(findTestObject(\&amp;quot;TD2/Registration and Onboarding/Page_Onboarding/DropdownInvite\&amp;quot;), \&amp;quot;0\&amp;quot;, true)</message>
  <nestedLevel>2</nestedLevel>
</record>
<record>
  <date>2020-03-19T10:42:44</date>
  <millis>1584594764534</millis>
  <sequence>340</sequence>
  <level>START</level>
  <class>com.kms.katalon.core.logging.XmlKeywordLogger</class>
  <method>startKeyword</method>
  <thread>1</thread>
  <message>Start action : click(findTestObject(\&amp;quot;TD2/Registration and Onboarding/Page_Onboarding/span_Submit\&amp;quot;))</message>
  <nestedLevel>2</nestedLevel>
  <property name="startLine">115</property>
  <property name="stepIndex">25</property>
</record>
<record>
  <date>2020-03-19T10:42:44</date>
  <millis>1584594764535</millis>
  <sequence>341</sequence>
  <level>NOT_RUN</level>
  <class>com.kms.katalon.core.logging.XmlKeywordLogger</class>
  <method>logMessage</method>
  <thread>1</thread>
  <message>NOT_RUN: click(findTestObject(\&amp;quot;TD2/Registration and Onboarding/Page_Onboarding/span_Submit\&amp;quot;))</message>
  <nestedLevel>1</nestedLevel>
</record>
<record>
  <date>2020-03-19T10:42:44</date>
  <millis>1584594764535</millis>
  <sequence>342</sequence>
  <level>END</level>
  <class>com.kms.katalon.core.logging.XmlKeywordLogger</class>
  <method>endKeyword</method>
  <thread>1</thread>
  <message>End action : click(findTestObject(\&amp;quot;TD2/Registration and Onboarding/Page_Onboarding/span_Submit\&amp;quot;))</message>
  <nestedLevel>2</nestedLevel>
</record>
<record>
  <date>2020-03-19T10:42:44</date>
  <millis>1584594764536</millis>
  <sequence>343</sequence>
  <level>START</level>
  <class>com.kms.katalon.core.logging.XmlKeywordLogger</class>
  <method>startKeyword</method>
  <thread>1</thread>
  <message>Start action : delay(10)</message>
  <nestedLevel>2</nestedLevel>
  <property name="startLine">117</property>
  <property name="stepIndex">26</property>
</record>
<record>
  <date>2020-03-19T10:42:54</date>
  <millis>1584594774543</millis>
  <sequence>345</sequence>
  <level>PASSED</level>
  <class>com.kms.katalon.core.logging.XmlKeywordLogger</class>
  <method>logMessage</method>
  <thread>1</thread>
  <message>Delayed 10 second(s)</message>
  <nestedLevel>1</nestedLevel>
</record>
<record>
  <date>2020-03-19T10:42:54</date>
  <millis>1584594774551</millis>
  <sequence>346</sequence>
  <level>END</level>
  <class>com.kms.katalon.core.logging.XmlKeywordLogger</class>
  <method>endKeyword</method>
  <thread>1</thread>
  <message>End action : delay(10)</message>
  <nestedLevel>2</nestedLevel>
</record>
<record>
  <date>2020-03-19T10:42:54</date>
  <millis>1584594774551</millis>
  <sequence>347</sequence>
  <level>START</level>
  <class>com.kms.katalon.core.logging.XmlKeywordLogger</class>
  <method>startKeyword</method>
  <thread>1</thread>
  <message>Start action : click(findTestObject(\&amp;quot;TD2/Registration and Onboarding/Page_Onboarding/ButtonUserMenu\&amp;quot;))</message>
  <nestedLevel>2</nestedLevel>
  <property name="startLine">120</property>
  <property name="stepIndex">27</property>
  <property name="description">Clickon User Menu Button</property>
</record>
<record>
  <date>2020-03-19T10:42:57</date>
  <millis>1584594777854</millis>
  <sequence>358</sequence>
  <level>PASSED</level>
  <class>com.kms.katalon.core.logging.XmlKeywordLogger</class>
  <method>logMessage</method>
  <thread>1</thread>
  <message>Object: &amp;apos;Object Repository/TD2/Registration and Onboarding/Page_Onboarding/ButtonUserMenu&amp;apos; is clicked on</message>
  <nestedLevel>1</nestedLevel>
</record>
<record>
  <date>2020-03-19T10:42:57</date>
  <millis>1584594777855</millis>
  <sequence>359</sequence>
  <level>END</level>
  <class>com.kms.katalon.core.logging.XmlKeywordLogger</class>
  <method>endKeyword</method>
  <thread>1</thread>
  <message>End action : click(findTestObject(\&amp;quot;TD2/Registration and Onboarding/Page_Onboarding/ButtonUserMenu\&amp;quot;))</message>
  <nestedLevel>2</nestedLevel>
</record>
<record>
  <date>2020-03-19T10:42:57</date>
  <millis>1584594777856</millis>
  <sequence>360</sequence>
  <level>START</level>
  <class>com.kms.katalon.core.logging.XmlKeywordLogger</class>
  <method>startKeyword</method>
  <thread>1</thread>
  <message>Start action : click(findTestObject(\&amp;quot;TD2/Registration and Onboarding/Page_Onboarding/ButtonLogout\&amp;quot;))</message>
  <nestedLevel>2</nestedLevel>
  <property name="startLine">123</property>
  <property name="stepIndex">28</property>
  <property name="description">Clicking on Logout Button</property>
</record>
<record>
  <date>2020-03-19T10:42:58</date>
  <millis>1584594778602</millis>
  <sequence>371</sequence>
  <level>PASSED</level>
  <class>com.kms.katalon.core.logging.XmlKeywordLogger</class>
  <method>logMessage</method>
  <thread>1</thread>
  <message>Object: &amp;apos;Object Repository/TD2/Registration and Onboarding/Page_Onboarding/ButtonLogout&amp;apos; is clicked on</message>
  <nestedLevel>1</nestedLevel>
</record>
<record>
  <date>2020-03-19T10:42:58</date>
  <millis>1584594778602</millis>
  <sequence>372</sequence>
  <level>END</level>
  <class>com.kms.katalon.core.logging.XmlKeywordLogger</class>
  <method>endKeyword</method>
  <thread>1</thread>
  <message>End action : click(findTestObject(\&amp;quot;TD2/Registration and Onboarding/Page_Onboarding/ButtonLogout\&amp;quot;))</message>
  <nestedLevel>2</nestedLevel>
</record>
<record>
  <date>2020-03-19T10:42:58</date>
  <millis>1584594778603</millis>
  <sequence>373</sequence>
  <level>END</level>
  <class>com.kms.katalon.core.logging.XmlKeywordLogger</class>
  <method>endKeyword</method>
  <thread>1</thread>
  <message>End action : return strDate</message>
  <nestedLevel>1</nestedLevel>
</record>
<record>
  <date>2020-03-19T10:42:58</date>
  <millis>1584594778604</millis>
  <sequence>374</sequence>
  <level>START</level>
  <class>com.kms.katalon.core.logging.XmlKeywordLogger</class>
  <method>startKeyword</method>
  <thread>1</thread>
  <message>Start action : closeBrowser()</message>
  <nestedLevel>1</nestedLevel>
  <property name="startLine">176</property>
  <property name="stepIndex">7</property>
  <property name="description">Closing Browser</property>
</record>
<record>
  <date>2020-03-19T10:42:59</date>
  <millis>1584594779075</millis>
  <sequence>376</sequence>
  <level>PASSED</level>
  <class>com.kms.katalon.core.logging.XmlKeywordLogger</class>
  <method>logMessage</method>
  <thread>1</thread>
  <message>Browser is closed</message>
  <nestedLevel>1</nestedLevel>
</record>
<record>
  <date>2020-03-19T10:42:59</date>
  <millis>1584594779076</millis>
  <sequence>377</sequence>
  <level>END</level>
  <class>com.kms.katalon.core.logging.XmlKeywordLogger</class>
  <method>endKeyword</method>
  <thread>1</thread>
  <message>End action : closeBrowser()</message>
  <nestedLevel>1</nestedLevel>
</record>
<record>
  <date>2020-03-19T10:42:59</date>
  <millis>1584594779076</millis>
  <sequence>378</sequence>
  <level>PASSED</level>
  <class>com.kms.katalon.core.logging.XmlKeywordLogger</class>
  <method>logMessage</method>
  <thread>1</thread>
  <message>Test Cases/TD2/Signup and OnBoarding/Registration With Different Options for Questions Asked/Question - Yes - No - TryItFree</message>
  <nestedLevel>1</nestedLevel>
</record>
<record>
  <date>2020-03-19T10:42:59</date>
  <millis>1584594779077</millis>
  <sequence>379</sequence>
  <level>END</level>
  <class>com.kms.katalon.core.logging.XmlKeywordLogger</class>
  <method>endTest</method>
  <thread>1</thread>
  <message>End Test Case : Test Cases/TD2/Signup and OnBoarding/Registration With Different Options for Questions Asked/Question - Yes - No - TryItFree</message>
  <nestedLevel>0</nestedLevel>
</record>
<record>
  <date>2020-03-19T10:42:59</date>
  <millis>1584594779077</millis>
  <sequence>380</sequence>
  <level>START</level>
  <class>com.kms.katalon.core.logging.XmlKeywordLogger</class>
  <method>startKeyword</method>
  <thread>1</thread>
  <message>Start listener action : exportKatalonReports</message>
  <nestedLevel>0</nestedLevel>
</record>
<record>
  <date>2020-03-19T10:42:59</date>
  <millis>1584594779524</millis>
  <sequence>684</sequence>
  <level>INFO</level>
  <class>com.kms.katalon.core.logging.XmlKeywordLogger</class>
  <method>logMessage</method>
  <thread>1</thread>
  <message>Start generating HTML report folder at: /Users/payalchoksey/Desktop/TD2 - Till CC/Reports/20200319_104153/TD2/Registration and Onboarding/Selecting How to Start the Free Account - Visible and Silent/20200319_104153...</message>
  <nestedLevel>0</nestedLevel>
</record>
<record>
  <date>2020-03-19T10:42:59</date>
  <millis>1584594779547</millis>
  <sequence>685</sequence>
  <level>INFO</level>
  <class>com.kms.katalon.core.logging.XmlKeywordLogger</class>
  <method>logMessage</method>
  <thread>1</thread>
  <message>HTML report generated</message>
  <nestedLevel>0</nestedLevel>
</record>
<record>
  <date>2020-03-19T10:42:59</date>
  <millis>1584594779548</millis>
  <sequence>686</sequence>
  <level>INFO</level>
  <class>com.kms.katalon.core.logging.XmlKeywordLogger</class>
  <method>logMessage</method>
  <thread>1</thread>
  <message>Start generating CSV report folder at: /Users/payalchoksey/Desktop/TD2 - Till CC/Reports/20200319_104153/TD2/Registration and Onboarding/Selecting How to Start the Free Account - Visible and Silent/20200319_104153...</message>
  <nestedLevel>0</nestedLevel>
</record>
<record>
  <date>2020-03-19T10:42:59</date>
  <millis>1584594779569</millis>
  <sequence>687</sequence>
  <level>INFO</level>
  <class>com.kms.katalon.core.logging.XmlKeywordLogger</class>
  <method>logMessage</method>
  <thread>1</thread>
  <message>CSV report generated</message>
  <nestedLevel>0</nestedLevel>
</record>
<record>
  <date>2020-03-19T10:42:59</date>
  <millis>1584594779570</millis>
  <sequence>689</sequence>
  <level>END</level>
  <class>com.kms.katalon.core.logging.XmlKeywordLogger</class>
  <method>endKeyword</method>
  <thread>1</thread>
  <message>End listener action : exportKatalonReports</message>
  <nestedLevel>0</nestedLevel>
</record>
<record>
  <date>2020-03-19T10:42:59</date>
  <millis>1584594779627</millis>
  <sequence>690</sequence>
  <level>END</level>
  <class>com.kms.katalon.core.logging.XmlKeywordLogger</class>
  <method>endSuite</method>
  <thread>1</thread>
  <message>End Test Suite : Test Suites/TD2/Registration and Onboarding/Selecting How to Start the Free Account - Visible and Silent</message>
  <nestedLevel>0</nestedLevel>
</record>
</log>